406
16
15
14
13
12
11
10
9
8
7
6
5
4
3
2
15
14
13
12
11
10
9
8
7
6
5
4
3
15
14
13
12
11
10
9
8
7
6
18
17
16
15
14
13
12
11
10
18
17
16
15
14
17
16
15
14
17
16
15
14
13
12
11
10
9
8
7
6
5
16
15
14
13
12
11
10
16
15
14
13
12
17
20
19
18
17
16
15
14
13
12
11
10
9
20
19
18
17
16
15
14
13
12
21
20
19
18
17
16
15
14
13
12
11
10
9
8
7
6
5
4
3
2
22
21
20
19
18
17
16
15
14
13
23
22
21
20
19
18
17
16
15
14
13
12
11
10
9
8
22
21
20
19
18
17
16
15
14
13
12
11
10
9
8
7
6
24
23
22
21
20
19
18
17
16
15
14
13
23
22
21
20
19
18
17
16
15
14
13
12
11
10
9
8
7
6
5
22
21
20
19
18
17
16
15
14
13
12
11
10
9
8
7
6
5
21
20
19
18
17
16
15
14
13
12
11
10
9
8
7
6
5
4
3
20
19
18
17
16
15
21
20
19
18
17
16
15
14
13
12
11
10
9
21
21
20
19
18
17
16
15
14
13
21
20
19
18
17
16
20
19
18
17
16
15
14
13
19
18
17
16
15
14
13
12
11
10
9
19
18
17
16
15
18
17
16
15
14
13
12
11
19
18
17
16
15
14
13
18
17
16
15
14
13
12
11
10
9
8
7
6
5
4
3
18
17
16
17
16
15
14
13
12
16
15
14
13
12
15
14
13
12
11
10
9
8
7
6
5
4
3
2
14
13
12
11
13
12
11
10
9
8
7
6
5
4
3
12
11
10
9
8
7
6
5
11
10
9
8
7
6
5
4
10
9
8
7
6
5
4
3
2
9
8
7
6
5
7
6
6
5
4
3
2
3
2
