NIE
2 63
22 40
12 62
18 59
18 59
14 63
22 45
22 42
22 43
4 70
NIE
22 46
22 44
20 59
12 68
18 59
NIE
22 50
29 35
18 60
18 62
18 60
25 37
8 70
NIE
27 42
18 59
20 57
20 59
7 70
22 48
21 49
29 36
1 70
4 70
16 59
17 59
25 37
2 63
6 63
NIE
15 63
30 36
22 44
27 41
9 70
9 70
25 37
25 37
8 70
11 63
9 63
21 51
11 70
16 59
21 46
NIE
27 37
7 63
21 55
3 70
NIE
7 63
1 70
NIE
14 63
18 58
20 57
4 63
22 46
22 43
4 63
1 70
22 45
NIE
31 36
29 35
4 63
27 44
27 44
12 61
7 70
NIE
NIE
18 63
22 56
22 46
18 58
20 59
NIE
NIE
22 55
29 34
12 67
21 51
NIE
22 48
NIE
21 54
29 37
27 41
12 61
8 70
29 35
NIE
6 70
26 37
NIE
13 63
22 45
22 40
22 43
27 40
27 37
22 39
12 68
20 59
22 56
22 40
NIE
21 56
27 43
21 54
21 56
NIE
9 70
22 56
22 40
15 63
8 70
21 46
7 63
21 58
27 40
9 70
21 54
NIE
NIE
21 51
15 59
27 43
18 61
NIE
21 45
12 63
NIE
NIE
27 43
22 57
22 40
22 38
NIE
21 50
16 63
21 49
22 42
21 52
3 63
21 53
NIE
17 63
12 67
4 63
28 36
2 63
18 62
19 59
12 68
21 58
NIE
21 48
12 60
22 55
27 40
5 70
27 38
27 41
2 63
22 43
15 63
29 34
22 53
18 58
21 50
NIE
5 70
12 60
22 55
14 63
29 34
21 58
22 43
8 63
25 44
22 50
20 59
9 70
7 70
23 44
24 44
12 67
18 61
8 70
23 37
12 66
9 63
25 44
5 70
17 59
22 56
18 58
18 61
6 70
29 34
NIE
NIE
NIE
20 59
22 46
18 60
18 58
12 68
3 63
22 43
NIE
27 42
12 67
12 69
NIE
NIE
NIE
12 66
20 59
NIE
8 70
22 41
18 59
NIE
27 38
28 36
22 55
18 63
17 63
24 44
14 59
17 59
27 38
20 57
30 36
21 54
NIE
18 60
26 37
NIE
3 63
27 38
NIE
21 59
5 70
NIE
22 56
7 70
12 61
2 70
12 66
22 55
27 41
24 44
22 57
25 44
21 46
NIE
5 63
NIE
26 37
21 51
21 57
27 43
2 63
19 57
18 62
NIE
31 36
10 63
12 64
2 63
12 70
12 64
22 44
17 63
13 59
12 64
21 56
22 43
13 59
22 38
14 63
11 70
22 52
