362 651
377 627
377 628
417 599
391 620
358 652
408 612
323 703
399 620
368 649
328 687
365 645
400 619
328 684
372 631
367 649
358 652
329 681
369 649
372 633
314 707
311 708
342 666
379 624
395 619
324 695
401 619
388 621
333 670
418 598
303 715
377 632
377 628
364 649
377 634
332 672
309 708
345 666
353 655
379 624
416 600
365 651
331 674
397 620
396 619
417 598
323 692
323 703
312 709
391 620
398 620
299 715
377 631
305 713
381 624
335 672
328 689
370 649
316 706
343 666
369 649
412 603
312 708
314 705
358 652
368 644
328 687
345 664
302 719
365 651
323 705
393 619
314 705
329 680
350 661
383 624
312 708
372 634
408 611
323 698
349 659
364 649
323 696
415 601
368 644
384 624
331 675
372 635
336 672
345 662
305 710
380 624
323 693
413 602
377 638
380 626
366 649
408 609
317 699
367 649
350 656
316 706
324 696
345 668
345 668
372 637
413 602
331 675
331 675
377 632
353 653
370 649
326 685
355 651
365 649
377 637
326 683
405 616
322 705
348 666
316 705
301 715
319 699
333 672
416 599
397 620
405 616
363 649
365 650
399 618
409 604
401 617
387 621
412 604
328 687
418 598
369 644
324 691
331 676
409 610
409 610
392 619
354 652
416 599
316 703
405 615
377 640
342 666
365 647
373 643
395 620
375 630
377 643
390 620
399 619
372 641
349 664
360 651
418 597
418 597
324 697
383 622
400 617
413 602
377 628
408 609
412 603
332 674
412 605
326 682
304 711
405 617
405 613
339 669
377 636
301 715
328 688
317 699
326 690
396 620
385 622
403 617
333 672
345 666
377 640
416 600
304 714
407 610
357 652
402 619
408 612
377 629
349 666
367 649
352 653
316 701
331 676
350 660
327 681
328 685
