NIE
NIE
NIE
NIE
5 1110
11 1105
17 1099
22 1093
29 1088
33 1081
41 1077
44 1069
53 1066
55 1057
65 1055
66 1045
77 1044
78 1033
88 1032
90 1022
99 1020
102 1011
110 1008
114 1000
121 996
126 989
132 984
138 978
143 972
150 967
154 960
162 956
165 948
174 945
176 936
186 934
187 924
198 923
199 912
209 911
211 901
220 899
223 890
231 887
235 879
242 875
247 868
253 863
259 857
264 851
271 846
275 839
283 835
286 827
295 824
297 815
307 813
308 803
319 802
320 791
330 790
332 780
341 778
344 769
352 766
356 758
363 754
368 747
374 742
380 736
385 730
392 725
396 718
404 714
407 706
416 703
418 694
428 692
429 682
440 681
441 670
451 669
453 659
462 657
465 648
473 645
477 637
484 633
489 626
495 621
501 615
506 609
513 604
517 597
525 593
528 585
537 582
539 573
549 571
550 561
