1436 5774
2774 3307
1323 5924
1191 5942
1729 5341
2088 4439
2120 4087
2972 3091
1931 4739
1578 5622
2578 3587
2953 3337
2072 4397
2972 3213
2146 4172
2767 3428
1978 4450
1911 4825
2691 3396
1498 5607
1806 5067
1323 5798
2629 3557
2527 3697
1911 4768
1798 5292
2774 3344
1463 5784
2339 4170
1477 5735
1914 4717
2339 4162
2774 3220
1911 4969
2629 3673
702 5942
2533 3595
1540 5735
583 5942
1613 5485
1931 4643
2145 4172
1498 5756
1266 6303
2088 4357
2149 4087
2429 3784
2774 3169
2833 3337
2117 4179
1311 5816
1716 5484
2629 3636
2610 3697
1266 6205
1620 5485
1266 5850
2534 3697
1578 5418
2691 3575
1079 6500
2088 4384
1578 5469
2343 3869
1148 6500
1266 6202
2491 3730
2691 3579
1156 5942
2533 3606
2922 3337
1911 5063
1490 5774
2819 3146
1640 5485
2117 4324
2088 4355
1266 6464
1931 4535
1578 5534
2339 4073
1914 4677
1798 5175
1931 4673
1633 5485
1578 5549
2088 4349
1578 5667
808 5942
2774 3346
2710 3337
2691 3376
1578 5630
1296 5816
2088 4300
1606 5485
1266 6375
1798 5250
2774 3196
1405 5774
2966 3146
2691 3529
1911 5086
2972 3091
2533 3700
2343 3836
2088 4415
1323 5941
2533 3696
2774 3358
1806 4852
1880 4779
1806 5154
2629 3522
2462 3757
1914 4769
1077 5942
1203 5942
2429 3846
2972 3099
2629 3594
2127 4172
2629 3442
1266 6284
2551 3587
1806 4833
1805 5174
2774 3393
2088 4221
968 5942
2774 3416
2088 4402
2357 3826
1665 5485
1728 5344
1944 4581
1190 6500
2774 3188
1911 4822
2117 4248
2588 3587
2353 3962
2691 3374
2972 2976
1716 5403
2117 4097
1914 4773
1806 4831
2508 3697
1463 5739
1440 5774
2088 4246
2636 3428
1266 6413
2343 3992
1806 4821
1935 4581
2757 3428
1266 6083
1162 5942
3027 3146
1042 6500
1931 4679
1931 4702
1008 5942
2629 3464
1093 6500
2965 3337
2017 4450
1511 5485
2068 4573
1266 5883
3091 3146
1911 5100
1266 5887
1266 6190
2691 3513
2136 4087
2068 4489
1911 5107
2206 4087
2041 4450
1148 6500
1578 5436
2143 4172
1924 4581
2429 3773
1265 5942
1323 5836
2272 4087
833 5942
2972 3258
2339 4088
1798 5311
1806 4865
2544 3697
3143 3146
1578 5700
2343 3872
2013 4450
1716 5467
1266 6480
1914 4622
1678 5485
1901 4779
2339 4140
1806 5009
1266 6149
1266 6200
2473 3750
2029 4581
2068 4538
1716 5404
2068 4447
2630 3428
2455 3826
2739 3428
1806 5131
2343 4045
2629 3485
803 5942
2471 3756
2555 3697
2038 4581
2886 3337
560 5942
1062 5942
2882 3337
1578 5558
2117 4181
1578 5654
2117 4319
2335 4087
2068 4506
2339 4003
2972 3255
1497 5735
2774 3293
777 5942
1266 6093
1806 4788
2117 4308
2339 4109
2075 4397
2922 3146
1716 5468
1716 5411
2117 4215
1931 4662
1106 6500
1911 4867
2068 4413
2088 4424
1220 6500
2797 3337
1514 5485
1266 6404
522 5942
3065 3146
1169 5942
2213 4172
605 5942
1952 4581
1266 6159
2088 4338
1028 6500
767 5942
2088 4231
2774 3241
2868 3337
2384 3826
1266 5898
1919 4581
1422 5816
1973 4581
1498 5568
1611 5410
2655 3428
2774 3412
2629 3630
2339 4165
1746 5341
1323 5853
601 5942
1284 5816
1266 6337
1697 5485
1578 5721
2774 3394
892 5942
1323 5894
1931 4512
1266 6130
2343 4016
1911 5039
2376 3962
2342 3962
1914 4692
1716 5446
1806 5076
1911 5159
2691 3515
2076 4450
2397 3962
725 5942
960 5942
2972 3079
1266 5939
2414 3826
2691 3437
2972 3119
1354 5774
421 5942
1266 5944
527 5942
1287 5816
542 5942
1266 6126
1463 5790
2842 3337
1390 5774
1806 5175
1498 5758
1716 5437
2691 3386
2311 4172
638 5942
1757 5255
2972 3264
1266 5957
2510 3750
1218 5942
987 6500
1144 5942
2691 3451
2691 3551
1482 5735
2122 4172
2972 2979
2438 3757
1931 4729
2972 3126
2429 3823
1578 5556
2853 3337
2473 3757
1498 5659
2343 3887
2722 3337
1911 4871
1911 5133
2691 3345
2117 4100
1911 5048
1440 5816
1578 5440
945 5942
1166 6500
2339 4172
2644 3587
1323 5823
1806 4881
3006 3146
1323 5811
2068 4413
2088 4173
2629 3631
2088 4340
1498 5634
2629 3638
1188 5942
1993 4581
2088 4435
2774 3393
2551 3587
1578 5594
1806 4894
2629 3481
2533 3745
1056 5942
1597 5410
1338 5774
3132 3146
2376 3826
2127 4172
2972 3016
1190 6500
1931 4629
564 5942
1914 4713
1716 5360
1463 5816
2802 3146
1266 6232
1323 5818
1578 5451
1914 4620
448 5942
2308 4087
1955 4450
2088 4251
2584 3587
2692 3428
1323 5834
1931 4738
1911 4870
1498 5678
2413 3962
1598 5410
1109 6500
2088 4179
2088 4186
1463 5766
2117 4222
1212 5942
2691 3510
1844 5174
2979 3146
1266 5968
1911 5095
1911 4879
1931 4747
2117 4126
1323 5819
1806 5243
2117 4274
1925 4764
2339 4137
2088 4216
1323 5942
1481 5774
1463 5754
2473 3750
912 5942
1361 5816
1234 6500
2068 4530
1806 4914
2471 3761
2244 4172
1911 4885
1806 5186
1578 5604
1911 4842
2533 3671
1364 5774
1716 5468
1345 5816
1323 5902
1498 5605
1865 5174
2154 4172
2004 4581
2629 3601
2603 3587
2774 3260
1911 5042
935 5942
1798 5265
1243 6500
1221 6500
1798 5212
1266 6468
2629 3659
1498 5598
632 5942
2691 3462
2088 4304
1886 4779
1806 5050
1578 5722
2343 3864
2602 3697
1939 4581
1365 5816
1806 5224
1931 4638
1578 5435
1728 5272
2329 4087
2015 4450
2471 3797
1266 6224
930 5942
2098 4397
2343 3942
2533 3686
514 5942
2533 3611
1266 5889
2691 3506
2691 3522
1942 4450
2339 4014
1911 4958
2117 4379
2367 3826
1591 5410
1337 5816
3140 3146
2343 3879
1806 4902
2429 3956
1670 5485
2434 3826
2339 3972
1891 4779
1498 5598
1014 6500
2629 3531
2429 3941
2068 4465
1798 5210
2629 3570
1911 4975
2460 3826
1931 4473
1498 5717
2488 3757
1139 5942
1320 5816
1806 5074
2972 3080
1923 4581
2742 3337
1463 5801
1266 6187
2116 4172
1953 4581
1578 5451
1911 5155
1156 6500
1959 4581
2774 3199
1127 5942
1498 5514
2117 4176
1806 5162
1994 4581
2117 4137
503 5942
1498 5598
3076 3146
1806 5132
2691 3386
1463 5781
1266 5960
1395 5816
1545 5735
2343 3960
1716 5413
1911 5069
2774 3312
1266 6252
2429 3900
2533 3668
1614 5410
2691 3554
1440 5816
2117 4196
2947 3337
1806 5080
1806 4886
1806 4821
1716 5418
2068 4435
2429 3931
2915 3146
2951 3146
673 5942
1798 5232
3036 3146
918 5942
1266 5954
1322 5942
2429 3805
1779 5255
1266 6233
2972 3240
2117 4256
2117 4355
1578 5544
2629 3579
1914 4693
1266 5873
2027 4450
846 5942
1578 5635
1346 5816
1266 6392
2731 3337
1081 5942
1904 4779
1722 5410
1798 5328
2629 3675
2343 4052
2691 3376
2068 4530
2182 4087
2774 3203
2412 3962
1911 5109
2533 3641
2691 3399
1783 5255
1965 4450
1134 6500
1911 4824
1548 5485
2117 4097
1266 6416
1785 5341
1911 4844
1757 5341
1947 4581
2629 3637
1911 5065
2533 3695
466 5942
1578 5515
1911 4866
2774 3240
2475 3757
2533 3646
1578 5576
1743 5255
1931 4754
1266 5951
2343 3972
2955 3337
2691 3458
1806 4985
1178 5942
1911 4971
873 5942
1931 4640
2499 3697
1266 6177
2972 3065
807 5942
1931 4477
2690 3587
1911 5076
1025 6500
1323 5807
2875 3146
2088 4230
1806 5098
1963 4581
2088 4182
2343 4044
2972 3017
1667 5410
1498 5664
2068 4410
2088 4301
1806 5138
2691 3509
2030 4581
1266 6227
2533 3735
1323 5826
1690 5485
2899 3337
1806 5022
1838 5174
1806 4955
1358 5774
1582 5485
1391 5816
1498 5524
2668 3587
621 5942
2343 4006
2117 4170
1494 5774
1806 4924
1498 5693
1911 5137
2436 3826
2145 4087
1015 5942
1964 4581
2972 3129
1194 5942
1266 6225
1728 5281
1931 4484
2896 3146
2328 4087
1911 5079
1945 4581
2257 4172
1931 4548
1498 5757
1266 6396
2912 3337
2292 4172
1498 5519
434 5942
2129 4087
1710 5410
2684 3587
2339 4095
2572 3587
1578 5718
2339 4029
628 5942
1931 4738
1266 6182
2533 3711
2934 3337
1005 6500
964 5942
2339 4084
1266 5985
1405 5816
2629 3579
2343 4086
2972 3287
1578 5471
2773 3337
1578 5713
2972 3251
1806 4989
1911 4778
2629 3693
1266 6058
2938 3337
2691 3430
1166 5942
2068 4428
1376 5816
2471 3806
1578 5693
2588 3697
1027 6500
2429 3888
2689 3587
1547 5485
2629 3475
1806 5067
1431 5774
2173 4172
1914 4627
2774 3332
2509 3697
1931 4708
1914 4608
1578 5693
1498 5774
2629 3686
1266 5948
1895 4779
1931 4452
1798 5316
2925 3146
1755 5341
1914 4696
2339 4144
1447 5774
1806 5018
1571 5735
1353 5774
1268 5816
1551 5485
3142 3146
1323 5820
1110 6500
2117 4204
1911 4818
2278 4172
1154 6500
1911 4815
1578 5472
1931 4465
1297 5942
860 5942
2629 3593
2276 4087
1266 6119
703 5942
1578 5630
756 5942
1931 4528
2629 3672
1911 5089
1498 5500
1310 5942
2343 3958
2869 3146
1323 5936
1115 5942
3050 3146
1266 5955
914 5942
1498 5530
1266 5960
1266 6444
1589 5485
2016 4450
1716 5457
2972 3234
2117 4371
2533 3647
1164 6500
2896 3337
2411 3826
2774 3321
2429 3838
1366 5774
1101 6500
2577 3697
1911 4844
2691 3406
1041 5942
1508 5485
1590 5485
1266 5824
1498 5761
2535 3697
2774 3262
1827 5174
2339 3986
2752 3337
1942 4450
2068 4398
2875 3146
1914 4770
2117 4099
1567 5735
2645 3587
2450 3826
2972 3057
1911 5110
1728 5402
2533 3610
1118 5942
1266 6354
2339 3967
2725 3428
1578 5548
2429 3930
1911 4921
2429 3803
2117 4334
1776 5341
2629 3633
2339 4107
1708 5485
676 5942
1498 5612
1469 5735
1498 5769
2915 3146
2774 3280
2016 4450
2019 4581
2650 3428
2645 3587
2972 3170
2774 3375
2283 4172
2343 3918
2217 4087
855 5942
1253 6500
1830 4779
1389 5774
2874 3337
2917 3146
2685 3428
2972 3060
2343 4074
1716 5471
2429 3892
1266 6396
1806 4781
1982 4450
1931 4484
2529 3750
1798 5189
2077 4397
2556 3697
2088 4223
2028 4581
2343 3994
1266 5836
2660 3428
1729 5341
990 6500
2117 4267
1105 6500
1806 4863
1266 6173
1911 4834
1931 4548
2865 3146
2972 3314
1931 4588
2691 3437
2774 3346
1806 5207
2629 3464
1769 5255
1914 4724
1798 5279
1498 5770
2388 3826
2359 3962
2068 4547
1931 4592
1266 6260
1142 5942
1680 5485
2361 3962
1911 4919
2533 3641
2339 4164
1266 6225
2774 3150
1911 4904
2343 3925
2972 3218
2818 3337
2629 3589
1806 4975
1453 5774
2068 4494
1266 5961
2429 3879
1911 5084
2629 3549
2774 3278
1266 6456
2972 3034
1318 5816
1447 5774
429 5942
2774 3181
2936 3337
2068 4536
1498 5749
2538 3587
2343 4083
1700 5410
1578 5414
2774 3175
1266 6086
3015 3146
1141 6500
2691 3540
1463 5770
2429 3845
2533 3629
1114 5942
1728 5287
497 5942
1720 5341
2774 3230
2972 3240
2705 3428
1266 6079
2533 3722
2068 4481
2972 3102
2068 4503
2017 4581
1323 5781
2068 4492
1911 4884
2825 3337
1266 6158
1901 4779
2397 3962
2088 4374
2629 3687
1102 6500
1931 4620
2343 3877
3141 3146
1931 4454
2068 4453
1009 6500
823 5942
1278 5942
1266 6061
1806 4958
2972 3210
1578 5648
1151 5942
2774 3280
2774 3222
1244 6500
2343 4041
1914 4776
1114 6500
630 5942
519 5942
1003 6500
2088 4299
1578 5631
2774 3259
2387 3962
1931 4516
2117 4169
1266 6309
1266 6093
1911 5018
2088 4293
2691 3522
1463 5758
2956 3337
1375 5774
1474 5735
1000 6500
1266 5984
1798 5326
1465 5774
987 5942
1911 5163
1187 5942
482 5942
1716 5419
1331 5816
1931 4746
2117 4335
3146 3146
1979 4581
1876 5174
2533 3686
2871 3337
1911 4918
2343 3985
2117 4160
3083 3146
1266 6142
1914 4656
1052 5942
1716 5354
996 5942
2449 3826
2068 4473
2629 3611
2429 3860
2561 3697
2629 3586
2719 3337
2827 3146
676 5942
2491 3720
1768 5341
2972 3121
2068 4416
1911 4842
1307 5942
1266 6428
2629 3431
2858 3146
1798 5218
1218 6500
2429 3874
1578 5467
1914 4677
1467 5735
2343 3929
1578 5587
1266 6065
1446 5774
1323 5877
1911 4820
1266 6195
2774 3176
632 5942
2774 3158
1911 4927
2666 3587
2055 4581
1728 5364
2024 4450
1806 5254
2819 3337
2343 3997
1743 5341
1911 4780
1266 5851
1578 5466
1716 5402
2548 3587
1558 5735
2384 3962
2632 3428
2972 3066
2578 3697
1199 5942
2972 2989
1596 5485
1806 5030
1266 6082
1578 5450
2117 4366
2088 4284
1361 5816
1578 5414
2191 4172
2845 3337
2471 3794
1498 5585
1806 4827
2774 3386
2088 4255
2117 4240
2533 3665
1589 5410
2953 3146
1498 5501
1498 5558
1578 5660
2088 4248
1266 6366
1571 5485
1266 6186
2409 3962
1498 5507
2339 4035
2691 3458
1498 5524
2972 3029
1578 5571
1323 5819
833 5942
2275 4172
2536 3697
1578 5616
2972 3176
1447 5774
1284 5816
2343 3871
1578 5646
1911 5117
2117 4258
2723 3428
615 5942
1806 5081
2972 3154
979 6500
1847 4779
1493 5735
684 5942
852 5942
1266 6263
1716 5363
2972 3110
2566 3587
1806 5114
1806 4823
2339 4131
1806 4795
1806 4880
2429 3868
2217 4172
1578 5417
1806 5141
1463 5764
2088 4436
1798 5338
1911 5011
1931 4466
2708 3428
1914 4736
2972 3185
1914 4778
1798 5327
3131 3146
2339 4133
1266 6160
2505 3697
1266 5992
1733 5341
2629 3554
1032 6500
1806 4885
2920 3146
2491 3754
1498 5600
1224 5942
1463 5744
2415 3962
2088 4266
1806 4815
1806 4793
1187 6500
2471 3790
2636 3428
1498 5587
1093 5942
987 6500
1922 4764
2231 4087
2719 3428
2471 3790
2117 4187
1185 5942
2774 3275
1907 5174
2629 3650
1106 6500
1354 5816
2424 3826
1778 5255
2546 3587
2054 4581
2088 4298
1998 4450
1266 6239
2122 4087
2343 3986
1716 5443
1742 5255
1266 6268
2533 3738
2088 4242
2894 3337
1702 5410
1911 4860
1323 5857
1911 4941
1498 5617
1806 4837
2799 3337
1266 6096
1463 5813
1692 5485
1578 5637
2833 3337
2343 3876
2691 3425
2963 3337
2343 3992
2088 4226
1266 6300
1611 5485
2828 3146
2339 4057
2631 3428
1209 6500
1716 5400
1728 5352
1266 5940
1913 4764
1806 4905
2428 3962
2770 3428
1266 5992
702 5942
1728 5336
1030 5942
1578 5505
2088 4287
2035 4450
1323 5790
1914 4598
2068 4487
1931 4662
2533 3746
1911 4837
1057 6500
2137 4087
1323 5806
2395 3962
674 5942
1578 5568
2533 3627
2491 3734
2465 3826
1806 4883
2117 4308
898 5942
2533 3704
2471 3808
1728 5279
492 5942
1911 4784
1525 5735
1291 5942
1995 4581
1798 5271
1498 5535
2088 4255
2431 3757
2088 4194
2533 3637
752 5942
2968 3146
1578 5416
2691 3568
1488 5774
1716 5472
1578 5590
1911 5151
2612 3587
1006 5942
1894 4779
2117 4190
2691 3343
1489 5735
2691 3493
1914 4759
997 5942
2196 4172
1553 5735
1810 4779
1911 4995
1914 4623
1914 4748
2088 4295
2640 3587
2211 4172
2190 4087
1911 5027
1346 5816
1266 6450
1498 5720
1578 5712
1138 6500
1696 5410
2762 3428
1498 5621
1911 5034
1262 5942
1911 4929
662 5942
1498 5587
2964 3337
1911 4921
2942 3337
1321 5942
1597 5410
1392 5816
1578 5617
2972 3233
1475 5735
1919 4581
1288 5816
2429 3871
2533 3682
2068 4458
2059 4450
1480 5774
1487 5774
2533 3693
1911 5147
817 5942
561 5942
2244 4087
1266 6229
1190 5942
2068 4579
1266 6007
1798 5327
1914 4759
2088 4318
1891 5174
1931 4519
1623 5410
2664 3428
1911 4896
1578 5640
2972 3205
1806 4869
1716 5472
2339 4017
2339 4135
2117 4189
2752 3428
1806 5043
1911 5133
1806 4874
2471 3753
2117 4106
1911 4920
1716 5343
2691 3569
1931 4539
1773 5255
1914 4638
1911 5136
1578 5467
2691 3578
2068 4507
2197 4087
1716 5451
2972 3294
2691 3518
2117 4094
1578 5688
1914 4691
1266 6227
1658 5485
1911 4922
1954 4450
2117 4171
1266 5955
1029 6500
1578 5704
579 5942
1450 5816
1806 4810
1498 5586
3027 3146
2693 3337
2343 3912
1663 5410
2343 3870
1498 5675
1895 4779
513 5942
2297 4172
2068 4495
2197 4172
450 5942
1004 6500
2462 3826
2856 3146
2630 3428
1834 5174
3091 3146
1728 5305
1528 5485
1578 5461
2117 4358
2088 4196
2343 3934
2429 3832
2119 4172
2455 3826
2068 4491
2629 3519
3118 3146
2606 3587
2088 4282
2230 4087
1931 4483
2343 3938
1266 5833
2067 4450
2972 3104
2972 3096
1063 6500
2022 4581
2117 4217
2533 3594
1697 5410
1266 5913
2429 3783
1323 5837
2068 4528
1990 4581
1716 5461
2101 4172
2088 4217
2343 3984
1498 5677
1041 5942
1806 4850
2200 4087
2684 3428
1037 6500
1914 4693
2691 3464
2117 4220
970 5942
1671 5485
1287 5942
2088 4310
1914 4766
1931 4623
2088 4443
1911 4888
1698 5485
2770 3337
1266 6342
1266 6115
1492 5774
1125 6500
2315 4172
1325 5774
2088 4398
1326 5774
1931 4597
3111 3146
2088 4319
1463 5770
1521 5735
2357 3962
1806 4811
2774 3347
2088 4439
1498 5623
1280 5816
1463 5771
2730 3428
781 5942
1931 4525
2629 3637
2314 4172
1057 6500
1059 5942
550 5942
1578 5655
1911 5053
2774 3209
1716 5343
1987 4450
1266 5985
1798 5274
1001 6500
1728 5368
2386 3826
1351 5774
2212 4172
1931 4589
2533 3658
2251 4172
2054 4581
1931 4663
2759 3337
1463 5747
2691 3427
1237 5942
1806 5097
2730 3428
2629 3686
1578 5687
1881 5174
2104 4172
2774 3212
1380 5774
2429 3854
2343 3832
1911 4855
2926 3146
2163 4087
2117 4340
1618 5485
2088 4385
2471 3825
1578 5420
2371 3962
1578 5555
1566 5485
1208 5942
2592 3697
1266 6311
2533 3659
1716 5351
1798 5230
2339 4047
2060 4450
1150 6500
2106 4172
2471 3807
2774 3297
1911 5036
500 5942
1666 5485
2629 3476
2343 3882
1618 5485
1801 5255
1806 4834
2475 3757
1728 5404
2733 3337
1253 5942
1806 5003
1875 4779
2824 3337
2429 3940
1320 5816
1324 5816
1073 6500
1059 5942
2491 3743
2737 3337
2774 3256
2774 3314
1266 6481
1802 5174
1498 5612
902 5942
2533 3625
1053 6500
2972 3010
544 5942
2629 3649
1266 6304
2691 3411
1716 5459
1266 5827
1144 6500
2510 3750
2972 3286
1253 5942
1806 4837
2691 3348
2088 4446
2774 3179
2088 4443
892 5942
2774 3328
1949 4450
2774 3380
1063 6500
1655 5410
2058 4450
2385 3962
1463 5760
2117 4198
2734 3337
1911 4795
1931 4707
2339 4038
1498 5486
1578 5575
1914 4668
934 5942
1252 5942
1266 5924
1911 5134
1688 5410
1328 5816
3027 3146
725 5942
1111 5942
1911 5061
2798 3146
2343 4005
1266 6005
1931 4636
2083 4450
2629 3576
737 5942
1806 4782
2691 3550
1266 5883
2568 3587
1721 5341
1806 5191
1490 5774
538 5942
2165 4087
2343 3876
2384 3962
2774 3155
2533 3715
989 6500
554 5942
2972 3316
1266 5911
1466 5735
1498 5566
1737 5341
3103 3146
1651 5410
1911 4820
1806 5000
1498 5607
2923 3146
2068 4473
2068 4536
1990 4581
1323 5859
1846 5174
2491 3711
549 5942
2032 4450
2088 4330
1271 5942
2972 3247
2590 3587
1323 5874
2117 4315
1696 5410
2304 4087
2001 4581
1045 5942
2317 4087
1716 5343
2691 3586
2629 3514
1728 5278
1266 6230
3002 3146
1748 5341
1438 5816
1911 4965
2492 3750
1911 4870
1356 5816
1096 5942
2618 3697
1931 4637
1578 5433
1364 5774
1266 6374
1038 5942
2457 3757
1911 4917
1266 6494
1931 4689
1578 5583
1068 6500
2728 3337
1802 5174
2343 4033
1400 5774
1560 5485
1798 5258
1978 4450
1266 6088
3146 3146
2339 4016
1062 6500
3001 3146
1232 6500
1463 5754
1392 5774
2088 4272
1875 4779
1323 5820
1914 4599
1578 5563
2339 4014
2578 3587
1578 5627
2496 3750
2392 3962
2585 3587
1498 5760
1996 4450
1716 5479
1564 5485
2088 4449
2972 3000
1831 4779
1578 5630
1372 5774
2429 3774
1806 4972
1931 4460
2266 4087
1425 5774
1498 5703
2343 4077
2998 3146
1578 5526
2842 3337
1323 5855
2339 4125
1806 5206
1756 5255
1346 5816
1806 4846
2691 3518
2533 3667
2343 3904
1806 5072
1597 5485
1931 4496
2172 4172
2691 3504
2191 4172
2343 3919
1911 5087
2163 4172
1292 5816
1896 4779
2691 3573
2429 3952
2774 3293
1806 5218
1831 5174
2774 3296
1903 5174
2691 3422
2757 3428
1905 4779
2522 3750
740 5942
1283 5942
2972 3256
1457 5816
1740 5341
1851 5174
2629 3469
2947 3337
2800 3337
1498 5606
1463 5743
1488 5774
2324 4087
1266 6359
2691 3430
1806 5144
1560 5485
1553 5485
1739 5255
2472 3750
2774 3243
1266 6305
1911 4894
1602 5485
1498 5537
1798 5304
1931 4740
2774 3198
1556 5735
2992 3146
1914 4751
1266 6303
1266 6081
1911 5033
893 5942
1498 5569
2088 4189
2784 3146
1354 5816
1931 4571
3021 3146
1911 5124
2001 4581
2283 4172
1523 5485
1806 5126
1266 6492
2088 4447
1911 4819
1417 5816
1728 5367
1806 5183
1578 5490
2088 4363
1864 4779
1738 5341
2893 3146
2972 3168
1498 5528
3059 3146
2972 3323
1931 4452
2650 3428
2629 3449
3032 3146
2429 3914
1051 5942
1806 5203
2323 4172
1266 6273
2343 4035
1806 4963
1578 5454
1498 5771
1266 6311
2088 4397
1911 5158
2774 3173
2972 3294
2712 3337
1143 5942
1266 6409
1266 6451
1451 5816
2280 4172
1931 4505
1719 5341
1847 5174
1931 4701
1806 5111
1798 5214
1463 5768
2849 3146
1124 6500
818 5942
2367 3962
2429 3765
2972 3115
1266 6259
1449 5816
1266 6416
2533 3689
2117 4113
1798 5297
2614 3697
2429 3943
2363 3826
1463 5797
1806 4903
2339 4126
2774 3387
2068 4436
2423 3826
2972 3245
2068 4455
1323 5801
1917 4764
2858 3337
2117 4394
2479 3750
974 5942
2429 3778
3097 3146
677 5942
2533 3731
2691 3519
2429 3765
2046 4581
2615 3587
2691 3491
1931 4487
2774 3370
1911 5052
1266 5819
1223 6500
1509 5735
2339 4060
2533 3746
1498 5712
2774 3244
1498 5681
1266 6095
1914 4753
2511 3750
841 5942
2691 3569
2972 3162
2068 4491
1931 4474
1982 4450
1065 5942
2117 4101
1593 5410
1266 6193
2343 4067
2759 3428
2918 3146
1498 5740
1806 5012
2496 3697
2691 3387
2429 3846
1806 4790
1646 5485
2898 3337
1578 5495
1690 5410
1832 5174
2645 3428
2044 4450
1670 5485
975 5942
2339 4047
2090 4397
2749 3428
1986 4450
1806 4994
2629 3499
2774 3314
2441 3826
1323 5846
526 5942
1806 5175
1931 4742
1266 6085
2682 3428
1798 5281
2728 3428
2774 3416
2088 4431
1806 4894
2471 3812
1650 5410
2774 3315
2691 3524
562 5942
3034 3146
1323 5878
1435 5816
2691 3587
1931 4546
1931 4599
2429 3949
441 5942
967 5942
1806 5189
2009 4450
1666 5485
1066 6500
1806 4790
2629 3486
1343 5774
1498 5555
1093 6500
1881 4779
1323 5853
2709 3337
2691 3542
1266 6496
2068 4524
1396 5774
1931 4722
1687 5485
1692 5485
1323 5840
2861 3146
1266 6096
1266 5896
2844 3337
1716 5399
2533 3713
1911 5021
2691 3512
1914 4616
1911 4998
2373 3826
2343 4082
2516 3697
2663 3587
2343 3992
597 5942
2339 4124
2787 3337
1608 5485
1914 4762
1806 5255
1900 4779
1777 5255
461 5942
1999 4581
2343 3932
986 6500
2561 3587
1116 6500
1628 5410
3130 3146
3002 3146
1498 5764
2972 3271
2699 3337
2068 4489
1918 4581
1010 5942
1390 5816
1137 6500
1728 5402
2972 3322
1914 4673
1266 6123
1991 4450
1408 5816
2816 3146
1077 6500
2774 3387
1527 5735
1931 4677
698 5942
1931 4672
2208 4087
1266 6468
2629 3606
1787 5255
2629 3475
2166 4172
1323 5833
2864 3146
1911 5116
2839 3146
1323 5873
1254 5942
2629 3576
2384 3826
2339 4163
2343 3879
2972 3311
1914 4757
734 5942
2214 4087
2972 3046
2972 3165
431 5942
2972 3108
2814 3337
1090 6500
2691 3441
2774 3161
1671 5485
2869 3337
1806 4936
2982 3146
2430 3757
1212 6500
1266 6082
2088 4263
1828 4779
1613 5410
1992 4450
2774 3401
1498 5604
2429 3909
2618 3587
2691 3398
1498 5603
1931 4725
1806 5232
1371 5816
3037 3146
1911 5020
2117 4090
2460 3826
1323 5808
2128 4087
2429 3932
933 5942
1806 4834
2088 4342
2537 3587
2471 3784
1578 5485
581 5942
1921 4581
710 5942
1266 6391
2224 4172
1911 4975
1931 4481
2429 3829
2533 3708
1455 5816
2540 3697
1646 5485
1171 6500
1911 4961
2068 4484
1630 5410
2629 3576
1936 4450
1595 5485
1262 6500
1323 5811
2678 3587
1498 5695
2117 4219
2036 4450
1081 5942
1266 6394
1273 5942
2774 3159
2629 3542
1506 5735
2972 3194
1728 5303
1578 5515
596 5942
2533 3709
1927 4581
1728 5281
1651 5410
1579 5410
2064 4450
1266 6184
2117 4259
1806 5177
1719 5341
2935 3146
2339 3964
1323 5895
1914 4641
2533 3700
1463 5747
1911 4781
2093 4172
1498 5633
972 5942
2999 3146
1787 5255
2972 3198
2774 3244
1630 5485
2558 3697
1266 5968
1498 5576
2968 3337
1463 5755
1578 5477
1914 4644
2429 3848
1911 5017
2628 3587
2685 3587
1011 6500
2972 3322
1498 5726
1298 5816
1578 5552
1334 5774
2291 4087
1498 5697
1914 4735
1498 5645
1578 5715
2985 3146
2691 3388
1931 4675
2691 3477
2144 4172
2691 3375
2575 3587
2068 4568
1323 5864
1838 5174
1911 4767
1911 5001
1053 5942
2343 3963
1939 4581
2088 4180
1498 5718
2926 3146
1806 4859
1266 6389
2459 3826
1323 5909
1660 5485
2343 3883
1522 5735
1578 5498
1806 5141
1911 4797
2533 3744
2133 4087
2343 3838
2024 4581
1649 5485
524 5942
1806 5150
2811 3146
2760 3337
3133 3146
1498 5518
2691 3463
1283 5816
2429 3776
898 5942
1590 5485
1911 4878
2117 4277
2880 3337
1924 4764
1728 5292
1248 5942
1722 5341
2774 3358
1716 5468
1911 5009
2117 4242
1722 5341
2343 3833
2533 3647
2612 3587
1914 4617
1806 4877
1716 5370
1242 6500
2021 4581
1213 5942
1498 5757
1881 4779
637 5942
491 5942
1931 4502
2786 3337
1356 5816
1567 5485
3076 3146
1498 5508
1931 4470
1806 5219
3025 3146
1123 6500
1950 4581
1266 6082
1266 5920
1375 5774
1514 5735
2117 4340
2088 4267
2088 4401
1696 5410
1806 5100
1344 5816
2629 3516
2117 4136
1630 5410
2339 4142
1266 5847
1806 4788
2339 4055
1806 4938
1578 5522
2343 3986
2972 3146
2972 3122
2764 3337
670 5942
2422 3826
1266 5851
2088 4373
2867 3337
1266 5973
1806 5125
1806 4910
1266 6441
2005 4450
1806 4963
1578 5449
1273 5942
609 5942
2334 4172
1578 5615
1463 5748
2691 3472
2774 3352
2214 4172
2972 3188
2068 4450
2629 3638
1911 5108
1222 6500
1578 5720
1914 4709
2429 3824
1004 6500
1911 4858
1806 4958
1256 6500
1463 5814
1798 5188
1806 4992
1120 5942
1716 5467
2088 4248
1728 5308
1798 5197
1266 5872
2059 4450
1855 4779
1266 6194
2117 4316
1180 5942
1806 5243
2117 4255
2533 3730
745 5942
1498 5595
2411 3826
1911 5146
2691 3451
2972 3238
1806 4795
2774 3330
1806 4869
1391 5774
2810 3337
2858 3337
2117 4124
2429 3859
2774 3258
2538 3587
1323 5939
637 5942
1266 6068
2504 3750
1274 5816
1914 4588
2429 3936
2421 3826
2972 3041
2088 4178
1266 6053
2774 3258
2533 3713
2429 3827
2343 4027
2629 3481
2551 3697
1493 5774
1578 5667
2262 4172
1323 5872
2413 3962
2068 4536
1910 5174
2376 3962
1556 5735
1015 5942
1748 5341
2488 3750
532 5942
1297 5942
2972 3322
751 5942
843 5942
1914 4695
1498 5705
2088 4334
1033 6500
2485 3750
1798 5296
2141 4172
2774 3298
1578 5562
1911 5124
2249 4172
2471 3793
1578 5645
1482 5735
2972 3047
1931 4559
2774 3408
2972 3249
1143 6500
1488 5774
1217 5942
2408 3826
1498 5618
1498 5623
2764 3428
562 5942
1498 5509
2624 3587
2438 3826
1085 5942
2774 3310
1151 6500
1223 5942
1931 4715
651 5942
2881 3337
2151 4087
2339 4137
2629 3611
2388 3962
2691 3355
1498 5587
1882 4779
1266 5999
1914 4728
1578 5732
1911 4926
1266 5899
2972 3058
1914 4760
1323 5896
1266 6078
1471 5735
1911 5075
1806 5214
1266 6196
1534 5735
1806 4880
2971 3337
2491 3734
2047 4450
2629 3533
2629 3695
2368 3962
1266 6138
2157 4172
2117 4169
2068 4531
948 5942
1518 5735
1498 5536
3014 3146
1931 4709
2429 3836
2774 3292
3082 3146
2491 3705
1225 5942
2972 3322
2456 3757
2117 4152
1019 5942
2339 4107
2218 4172
1716 5459
1266 6441
1931 4470
1728 5326
1581 5485
1498 5587
1100 5942
2691 3469
2691 3338
2398 3962
2068 4442
983 6500
1180 5942
2972 3052
1995 4450
1506 5735
1023 6500
2088 4235
2972 2989
1914 4645
1266 6002
2774 3309
1507 5485
2916 3337
691 5942
1463 5793
1872 4779
1911 4855
1684 5410
1268 5942
2774 3324
2232 4172
441 5942
1806 4897
2506 3697
1604 5485
2339 3991
2774 3280
2972 3286
2088 4387
1806 5060
1614 5485
1798 5272
1962 4450
810 5942
2379 3962
2533 3722
1266 6351
1679 5410
2533 3739
2088 4377
1911 4850
1852 4779
2690 3428
1323 5867
1578 5413
1266 6334
2250 4172
2068 4500
1367 5816
2088 4338
1911 4895
2691 3551
1806 5215
2774 3319
1911 5147
1834 4779
2088 4286
1716 5461
1911 5170
2995 3146
1931 4584
2359 3962
1134 5942
802 5942
2068 4460
2629 3492
2186 4172
2138 4087
2898 3146
1439 5816
1496 5735
1911 5098
2339 4115
2706 3337
1798 5183
2491 3754
2972 3146
2629 3589
1716 5413
1318 5942
1806 5018
2533 3683
2533 3671
2117 4392
2339 4038
1439 5816
1266 6485
1266 6344
1709 5485
1578 5713
713 5942
2629 3528
2429 3822
1304 5816
2774 3287
1700 5485
2559 3587
1949 4450
2972 3178
2472 3750
2049 4581
2972 3072
2972 3093
1463 5771
2691 3423
1749 5255
2526 3750
2629 3536
1323 5792
1021 5942
2512 3697
1806 5140
2793 3337
2071 4397
3064 3146
1806 5232
2068 4426
2629 3585
1806 4785
2774 3378
2691 3437
1578 5442
1931 4619
1853 5174
1578 5608
1806 5009
2343 3922
1266 6325
2429 3788
1811 4779
2117 4111
1594 5485
1485 5735
2088 4204
1632 5485
959 5942
2475 3750
865 5942
2415 3962
2930 3146
3020 3146
1931 4665
1208 5942
2691 3363
2715 3428
2868 3337
1578 5678
1498 5753
1931 4542
1914 4647
2774 3287
1817 5174
2088 4338
1806 5009
2088 4423
2691 3442
2112 4172
1266 6361
2429 3896
1266 5868
2045 4581
1798 5259
1578 5724
2493 3750
2521 3750
1716 5370
2190 4087
1721 5410
1806 5010
1806 5250
1578 5485
1323 5837
2254 4087
1463 5758
1266 6451
1716 5447
1176 5942
1266 6207
2068 4526
1806 4838
1847 5174
1578 5732
2691 3551
3096 3146
2339 4169
1395 5774
2187 4172
1595 5485
1537 5485
1798 5250
1578 5723
2117 4255
2014 4581
1914 4678
1323 5903
963 5942
2629 3517
2640 3587
1911 5052
1226 6500
2972 3020
1931 4633
1474 5735
1806 4870
2357 3826
841 5942
2491 3756
2198 4087
2977 3146
1037 5942
1022 5942
1757 5255
1728 5261
2429 3866
1792 5341
2629 3644
2859 3146
2510 3697
1266 6173
1498 5734
1266 5908
1235 5942
2144 4172
1914 4777
2229 4172
2533 3612
2088 4403
1931 4763
2143 4172
2588 3697
1647 5410
1911 5170
1597 5410
2068 4565
2691 3485
2629 3564
1911 5164
1911 5154
1914 4740
1798 5222
1681 5485
2088 4307
2429 3824
2339 4148
1104 5942
2774 3371
1578 5586
817 5942
2299 4087
1266 5836
926 5942
2089 4172
1662 5410
2429 3947
996 5942
2984 3146
1629 5410
1911 4828
1557 5735
2429 3894
1498 5526
2068 4482
1266 5992
1798 5293
2774 3337
2524 3697
1384 5816
1666 5485
1397 5816
2339 4070
2343 4058
1931 4626
812 5942
1482 5774
2972 3129
1332 5774
1266 6157
1570 5735
721 5942
2088 4421
1911 5117
2781 3146
1399 5816
1931 4540
1806 4874
1266 6283
1931 4703
2437 3757
2068 4475
1931 4536
1931 4716
2117 4205
924 5942
1806 4971
2972 3027
2491 3728
1463 5804
1323 5811
886 5942
1361 5774
2215 4087
2068 4495
1931 4693
2350 3826
2533 3723
1498 5601
2389 3962
2774 3327
1578 5501
2489 3757
1911 4800
1931 4714
2339 3976
1820 4779
1110 6500
2790 3146
2001 4450
1931 4568
2339 4018
2829 3337
1259 6500
3029 3146
1630 5410
2950 3337
1806 5089
1649 5485
2343 3970
2117 4213
1578 5556
2088 4426
2117 4280
2972 3293
1266 6032
1266 6192
1911 4892
2343 3954
1798 5299
1266 5821
2088 4254
1806 4884
2349 3826
2722 3428
2972 3304
1463 5759
1728 5395
2949 3146
1266 5920
2339 4110
1929 4764
2629 3432
1793 5255
1677 5410
2667 3587
2343 4058
1199 6500
1530 5735
2494 3697
2424 3826
2132 4087
1266 6447
1020 5942
1498 5618
2533 3690
1160 6500
1266 5967
1578 5717
2429 3855
1578 5434
1426 5774
1266 6040
2421 3826
2850 3146
464 5942
2339 4078
1266 5860
1266 6069
2151 4087
1691 5410
2117 4344
2912 3337
2970 3146
2985 3146
1161 6500
2600 3697
2210 4087
827 5942
2630 3587
1806 4889
2629 3619
1578 5675
1578 5498
2394 3962
1931 4620
2698 3428
2429 3812
1806 4850
2813 3337
1931 4739
2429 3800
1266 6140
2117 4171
1931 4707
1266 6436
1806 4996
2978 3146
1084 6500
2068 4533
2117 4223
1266 6058
1249 5942
1716 5432
1266 6234
2774 3282
1728 5257
2339 4061
2063 4450
1911 5029
1931 4612
2575 3697
653 5942
2501 3750
2691 3387
2471 3803
822 5942
2396 3826
1931 4646
1665 5485
2216 4172
2521 3697
1266 6455
2455 3757
1806 5038
1720 5341
2117 4245
2629 3522
1694 5485
1806 5007
1323 5865
2411 3962
2068 4533
1054 5942
678 5942
2182 4087
547 5942
1325 5774
1716 5344
1798 5237
2133 4172
2125 4087
1323 5887
2339 4143
1420 5816
683 5942
1456 5774
1266 6436
2068 4414
2429 3934
1792 5255
1472 5774
1931 4614
1463 5772
2493 3750
2393 3962
1728 5312
1798 5185
1728 5374
1806 4836
2088 4330
1643 5485
1323 5904
1266 5974
1911 5113
1002 6500
2117 4383
1498 5753
3070 3146
2972 3337
2117 4283
2117 4234
1798 5309
2068 4453
841 5942
2068 4447
1875 5174
1592 5485
2117 4140
3029 3146
2537 3587
2533 3672
1354 5774
1025 5942
496 5942
2996 3146
2630 3587
1798 5304
1266 5987
2972 3231
2117 4306
1965 4581
1498 5600
2026 4450
2291 4087
2339 4116
2068 4466
1578 5641
2339 4025
1976 4450
2972 3055
1633 5485
2972 3217
1728 5323
2197 4087
596 5942
2339 3968
1266 6455
1266 6162
1109 5942
636 5942
2918 3337
2892 3337
562 5942
1164 6500
2412 3962
2533 3720
2220 4172
2691 3400
2343 3906
2088 4300
1911 4812
1556 5735
2120 4087
1178 6500
2891 3337
1266 6192
1799 5174
2972 3136
2615 3697
2429 3934
2429 3860
1007 5942
1846 4779
1266 6291
2471 3770
1549 5485
2090 4397
2088 4232
1871 5174
2343 3957
2247 4172
1266 6173
2117 4178
1911 4874
2776 3146
1149 5942
1578 5729
2088 4412
999 6500
2972 3158
2972 3162
1498 5557
3126 3146
2117 4275
1578 5434
2774 3241
2343 3900
1893 4779
2339 4155
1941 4581
1425 5816
1806 5052
1806 5037
2291 4087
1578 5505
2972 3156
2943 3146
2691 3396
2088 4416
1251 5942
2077 4397
510 5942
1578 5648
3111 3146
1908 4779
1374 5816
2774 3256
1931 4607
2068 4489
2879 3337
1911 4774
1617 5410
2975 3146
1911 4795
2774 3197
1266 6474
1282 5816
1806 4969
1931 4499
2169 4172
2368 3826
1969 4581
1252 6500
2804 3146
1407 5816
1112 5942
2811 3337
2880 3146
2972 2981
1498 5537
2727 3337
1798 5310
1578 5525
2972 3307
1212 5942
2068 4539
1164 5942
731 5942
797 5942
1914 4767
2471 3798
1716 5380
2533 3650
1931 4613
2570 3587
1914 4639
2068 4432
2492 3697
2343 3885
1011 5942
1911 5121
1806 4807
2117 4134
1498 5613
1290 5816
2117 4197
1266 5866
2722 3428
1798 5327
1266 5875
1195 5942
1578 5719
1710 5485
1463 5811
1323 5801
1498 5657
1978 4450
1266 6176
917 5942
2088 4180
2088 4323
2117 4125
2417 3826
1280 5816
1266 5957
1728 5338
1864 4779
2429 3955
1125 5942
1359 5816
2088 4201
1728 5410
1911 5022
1498 5628
1805 5255
2088 4198
2748 3428
2059 4581
1931 4748
1109 6500
1914 4699
1911 5129
1498 5506
2117 4330
1806 5026
1578 5717
2691 3534
2972 3136
1238 5942
2343 3869
1798 5236
1931 4524
1226 5942
2837 3337
2361 3962
1607 5485
1578 5690
1323 5840
2533 3590
1266 5851
1798 5243
1806 4977
1931 4669
2088 4299
1824 4779
2768 3428
1453 5774
1123 5942
1408 5774
1931 4723
1266 5952
2339 3963
2343 4009
1463 5810
1578 5416
2799 3337
1498 5638
2972 3307
2200 4087
1806 5121
2310 4172
619 5942
2957 3337
2629 3677
2429 3911
2117 4100
2757 3337
3080 3146
2117 4270
1931 4753
1291 5942
2491 3743
2873 3337
2226 4087
1791 5255
1798 5219
1716 5422
1798 5237
1578 5473
1931 4475
2286 4172
1911 4963
596 5942
1728 5280
2217 4087
1716 5375
1498 5591
2343 4008
1498 5494
2774 3225
1266 6246
2429 3940
2394 3826
583 5942
1716 5460
1864 4779
1806 4806
1463 5789
1572 5735
791 5942
2342 3962
1806 5092
2629 3506
1806 5074
2629 3430
421 5942
2068 4412
2972 3133
1798 5234
2691 3400
1578 5466
1180 6500
1716 5479
1701 5410
1287 5816
2471 3758
2332 4172
1463 5739
1827 4779
2429 3918
2774 3155
1728 5315
1806 4807
2273 4087
1798 5219
2068 4466
2774 3156
2691 3582
2533 3727
2972 3172
2343 4043
1578 5576
1798 5285
1716 5477
1911 4832
474 5942
1716 5474
1238 6500
2470 3757
1917 4764
2892 3337
769 5942
1931 4573
554 5942
1806 5161
1914 4739
2068 4401
2691 3539
2343 3916
2629 3566
1735 5255
2133 4087
1290 5816
2117 4292
1266 6217
1740 5341
1266 5840
2629 3616
2972 3120
2429 3852
2533 3721
2323 4172
1082 6500
2817 3146
2488 3750
1914 4727
2873 3146
1266 6286
1678 5410
2343 3905
2068 4409
1142 6500
2059 4450
2702 3337
720 5942
2972 3191
1297 5942
1806 5017
2088 4339
2740 3428
613 5942
2972 3216
1931 4576
1463 5794
1728 5330
1911 5161
1728 5314
1931 4578
1496 5735
1675 5410
1498 5569
2616 3697
2514 3750
1266 6410
2412 3826
2068 4569
1729 5341
1908 4779
1806 4982
2339 4156
3060 3146
2528 3697
2343 3993
2068 4546
2279 4087
2053 4581
1578 5458
2664 3587
2972 3183
2774 3376
1931 4728
3131 3146
2117 4147
2602 3697
2972 2972
2471 3757
1426 5774
1174 5942
1551 5485
1494 5735
1806 4782
1716 5375
620 5942
1108 6500
1899 5174
2491 3701
2068 4436
2465 3826
681 5942
2972 2988
1806 4984
1152 6500
2512 3697
2857 3337
2097 4397
1558 5735
1806 4817
2337 4172
2673 3428
1412 5816
1721 5341
1787 5341
3073 3146
2972 3094
2842 3146
2496 3750
2417 3826
2840 3146
2774 3269
2629 3625
1323 5873
1266 5920
1286 5942
1463 5810
1295 5816
2068 4473
2533 3743
1931 4474
995 5942
2117 4246
1716 5458
1630 5410
2220 4172
1266 6194
1473 5735
510 5942
1182 5942
1852 4779
2343 4085
2533 3703
2284 4087
582 5942
2774 3153
2295 4172
2533 3671
2744 3428
1459 5774
1716 5448
2629 3621
1131 5942
1213 5942
2502 3697
1266 6384
1266 6304
2533 3729
1578 5690
1806 4904
2041 4450
2089 4397
1933 4450
2954 3146
2774 3295
2691 3460
2117 4262
2533 3637
1266 6298
1911 5145
2810 3146
2068 4500
966 5942
2429 3938
1086 6500
2774 3239
1806 4878
1831 4779
2356 3962
1716 5474
2343 4078
607 5942
2774 3178
2629 3646
2954 3146
2360 3962
2295 4087
1266 6496
1914 4714
2404 3962
1501 5485
2691 3553
1617 5485
2615 3587
2629 3684
1425 5816
2343 4087
1390 5774
2549 3697
2019 4450
2117 4208
2343 3832
2774 3290
2422 3962
1556 5735
2932 3337
2117 4124
2343 4066
1806 5160
1266 6062
2533 3666
1266 6355
2972 3231
2422 3962
2324 4087
2343 3978
1806 4949
1786 5341
1931 4452
2774 3188
830 5942
2612 3587
2479 3757
1306 5942
2221 4172
1738 5255
1798 5297
1065 5942
2068 4442
1266 5916
2339 4121
1351 5816
2295 4087
1798 5279
2343 4003
2339 3966
1578 5466
1266 6115
1323 5855
1882 4779
1498 5615
2972 3110
1728 5369
1439 5816
1914 4775
2533 3590
2339 4005
2343 4001
1323 5937
1498 5684
2117 4190
1121 6500
1266 6428
1323 5858
1326 5816
2343 3930
2057 4581
1716 5360
2088 4207
1044 5942
1538 5485
1585 5485
1266 6283
2433 3826
2234 4087
2533 3681
1534 5735
2431 3826
2868 3337
1806 5011
1029 6500
2972 3213
1290 5816
1754 5341
2875 3146
1911 4952
1296 5942
2150 4087
1243 5942
1029 5942
2774 3369
2024 4450
2917 3337
2412 3826
2429 3862
2773 3337
1498 5681
805 5942
1498 5707
2656 3428
2972 3135
1674 5485
1266 5941
762 5942
2629 3486
2088 4270
2117 4103
1266 6325
1266 6026
1993 4450
1578 5498
1266 5973
1604 5485
1498 5598
1537 5485
1498 5652
2350 3962
1498 5746
2774 3336
2646 3428
1728 5362
2088 4430
1806 5016
1498 5554
1716 5473
2972 3268
2972 3247
2068 4480
1067 6500
1331 5816
1806 4992
2491 3744
1535 5485
1741 5255
2629 3536
1134 5942
2429 3780
1884 4779
981 6500
2756 3337
2583 3587
1578 5493
2646 3587
2774 3314
1728 5396
2794 3337
1246 5942
664 5942
1149 5942
2629 3541
2339 4058
1578 5659
1336 5774
1014 5942
1694 5485
1931 4598
2691 3569
1498 5565
2697 3428
2691 3478
1498 5704
1266 6366
1911 5135
1931 4559
1498 5768
1578 5711
1911 5002
3054 3146
1931 4613
1468 5735
2314 4172
1072 5942
1931 4585
1502 5485
533 5942
2636 3428
1323 5852
2913 3146
2343 4072
1266 6241
2068 4398
1806 5253
1728 5257
2491 3730
1498 5530
2295 4087
854 5942
1266 6177
2343 3856
2972 3266
2429 3783
2956 3146
2539 3587
1323 5902
1578 5580
1182 6500
1806 4990
2343 3908
2533 3599
2343 3864
2843 3146
1853 4779
2117 4162
1498 5639
2429 3810
1806 4918
2750 3337
2343 3907
1806 5151
2088 4406
2629 3639
2972 3119
2429 3850
2952 3146
2011 4581
1051 6500
1806 4975
2117 4249
1107 5942
1260 5942
1728 5337
2768 3428
1266 6139
1266 5926
704 5942
1287 5816
3041 3146
1578 5657
2339 4087
2533 3705
2498 3750
1806 5040
1578 5677
1876 5174
2240 4087
2533 3666
2691 3572
1728 5347
1914 4613
1092 6500
2343 3934
1266 6158
2533 3744
1911 4923
1266 6352
1627 5410
1843 4779
1931 4659
2951 3337
2117 4360
2205 4087
1266 6443
1498 5586
2068 4478
1464 5774
1610 5410
1989 4581
1358 5774
1798 5331
1463 5804
2491 3734
1155 5942
2126 4172
1159 6500
1716 5457
867 5942
2117 4249
2870 3146
1911 5078
2854 3337
2987 3146
1266 6025
1125 6500
2026 4581
1806 5230
2748 3337
2691 3500
2691 3522
1806 5125
2070 4450
1477 5735
2629 3484
2117 4148
1914 4732
1368 5816
2117 4113
2117 4389
1914 4609
2106 4172
2869 3146
2429 3936
1806 5116
1266 6331
1728 5282
1463 5772
1323 5784
1463 5748
2676 3587
1266 6005
2248 4172
2429 3828
2774 3325
2088 4425
2020 4450
1911 5019
2913 3146
1498 5701
1266 6366
2629 3694
1806 4983
1806 4942
2609 3587
729 5942
2629 3449
1612 5410
1578 5713
1914 4731
2796 3337
2068 4552
1266 6150
2117 4121
1498 5490
1636 5485
1931 4655
1911 5110
1952 4581
2343 4000
2216 4172
1798 5341
2629 3495
1604 5485
2743 3337
2429 3850
2215 4087
1498 5706
2964 3146
2088 4195
1895 4779
1218 6500
1460 5816
2806 3337
1578 5652
1167 6500
2972 3192
1047 5942
1154 5942
3136 3146
1806 5172
1171 6500
1956 4450
1580 5485
1911 4901
2117 4257
2117 4343
2961 3146
605 5942
1086 5942
2244 4087
1911 4862
1578 5632
1578 5471
1965 4450
2972 3275
2629 3595
1416 5774
1323 5836
2533 3682
2088 4207
1806 4857
2117 4206
2629 3574
1758 5341
2774 3408
2236 4172
957 5942
2533 3717
2533 3728
2774 3423
1323 5876
2117 4299
1446 5774
1911 4842
772 5942
2649 3587
2629 3439
1144 6500
2238 4172
2436 3757
2343 4017
1058 5942
2559 3587
3108 3146
2329 4172
2471 3805
2117 4305
2757 3428
2429 3930
1836 5174
1914 4706
1323 5875
517 5942
1022 5942
1621 5410
2343 4061
2471 3800
1345 5774
1498 5584
1716 5425
863 5942
1806 4917
2785 3146
1578 5459
2343 4038
2972 2979
2864 3337
1722 5410
1137 6500
2041 4450
1266 6275
1914 4608
2321 4087
2827 3337
1570 5485
1266 6057
1911 4940
2774 3348
2581 3697
1286 5816
847 5942
1266 6357
1266 6002
2691 3341
1331 5816
1911 4908
2068 4438
2358 3826
2274 4172
2629 3555
1266 6441
1949 4581
724 5942
3135 3146
2117 4284
2012 4581
2498 3697
1931 4573
2691 3419
2629 3666
2691 3395
2429 3823
1028 5942
1728 5382
1911 4999
1806 5107
1862 4779
2750 3337
1266 6324
1578 5613
825 5942
1314 5942
1161 5942
1463 5790
1223 6500
1716 5455
1806 4784
1872 5174
2629 3489
2774 3302
1498 5729
2829 3337
1463 5808
838 5942
2343 4047
2629 3612
1806 5135
1911 4817
1266 6075
1498 5558
818 5942
431 5942
2533 3639
1303 5816
1266 6089
1498 5694
1787 5255
2117 4328
1157 5942
1911 4911
2271 4172
3116 3146
1806 5087
2545 3697
2972 2983
1806 4840
2792 3337
1565 5735
2691 3498
1991 4581
1266 5967
2736 3428
1806 4907
1243 5942
2372 3826
2880 3337
2471 3808
1158 5942
1270 5816
2774 3391
1318 5816
1578 5722
2339 4127
3069 3146
1463 5775
2533 3614
1498 5772
1798 5232
1340 5816
1266 5980
2117 4205
2117 4148
1198 5942
575 5942
1406 5774
2929 3337
1498 5556
1266 6181
1266 5847
2819 3337
2117 4095
1266 6200
2533 3746
2691 3422
1578 5683
1931 4600
2068 4442
1060 6500
1911 5018
2429 3821
2339 4055
2117 4194
2533 3722
1798 5301
2088 4243
2543 3697
2972 3211
2117 4200
2972 3216
2778 3146
2489 3757
2068 4401
2068 4470
2343 4010
1806 5162
2510 3750
2096 4172
2201 4087
2276 4087
2533 3660
2043 4450
972 5942
2804 3337
1266 6070
2429 3787
2972 3266
1806 4933
1029 5942
2937 3146
2724 3428
2691 3468
1806 4914
1914 4697
1806 4957
2616 3697
2774 3365
1014 6500
1946 4450
1914 4590
2941 3146
1904 4779
1578 5523
1716 5438
2659 3587
2491 3756
2412 3962
1806 5159
1833 5174
1798 5235
2629 3447
1323 5795
2343 3842
2885 3146
2769 3428
2691 3464
1931 4733
2088 4226
1584 5485
2117 4305
1728 5258
1266 5874
1498 5647
2533 3641
1806 4851
1911 4866
1806 5180
1728 5365
1863 4779
2972 3322
2121 4087
1470 5774
1366 5774
2397 3962
1953 4450
1164 6500
1914 4745
1578 5626
1806 4971
2693 3337
1911 5050
1501 5485
2658 3428
1304 5942
1074 6500
1967 4581
533 5942
1578 5464
1189 5942
1266 6233
2793 3337
1914 4669
1578 5625
2798 3146
1620 5485
1914 4660
1871 5174
2339 4051
2136 4172
2298 4172
1806 5051
1578 5582
2691 3340
2088 4214
3105 3146
1444 5774
1911 5029
1911 4785
1914 4764
2691 3445
1798 5317
2343 3987
2774 3167
1030 6500
2691 3444
2429 3906
2021 4581
2339 4160
1140 6500
2339 4125
2491 3751
2343 3906
2972 3166
2627 3587
2175 4087
1498 5558
1702 5410
2691 3560
2429 3855
2930 3146
1578 5506
1271 5942
1100 6500
1323 5901
2068 4519
501 5942
1798 5178
2972 3013
1914 4704
2203 4087
2117 4096
2209 4172
1798 5326
1728 5283
1911 5002
481 5942
2744 3428
2972 3095
2329 4087
2774 3293
1911 5002
1535 5735
1806 5071
1806 5091
1266 6427
2691 3522
1911 4911
1291 5816
1893 4779
2972 3051
2774 3169
2473 3757
2934 3337
2972 3242
2972 3306
1911 4767
2429 3799
1266 6163
1498 5577
603 5942
2068 4504
2774 3302
2339 4117
2343 3961
678 5942
2774 3295
2407 3962
2914 3337
2693 3337
1323 5819
2117 4244
1716 5454
1806 4974
2542 3587
1914 4592
1578 5563
2292 4172
2998 3146
1572 5735
1266 6032
2429 3840
2972 3185
2816 3337
2272 4087
2854 3337
2117 4157
1266 5937
1911 4948
1990 4581
1371 5774
1914 4765
2691 3371
2774 3360
2865 3146
2088 4387
2972 3297
2691 3495
1266 6302
2691 3441
2429 3881
1498 5503
1498 5559
2691 3533
1914 4740
836 5942
1266 5970
1985 4450
2429 3889
1090 5942
2598 3697
2292 4172
2255 4172
2471 3786
1728 5313
1716 5449
1806 4789
2472 3750
1578 5635
2848 3337
1266 6318
1911 4844
1806 5147
2972 3178
1736 5255
1717 5341
1722 5410
915 5942
3063 3146
1911 5108
2429 3863
2426 3962
1914 4770
1009 6500
1728 5290
2429 3766
869 5942
1931 4668
959 5942
2117 4305
1911 5154
2782 3337
694 5942
783 5942
1806 4861
1806 5113
1323 5871
2774 3281
2906 3146
1806 4883
2117 4298
1208 6500
2343 4006
2533 3709
2533 3686
2629 3465
2774 3229
1099 5942
2810 3146
2799 3337
1716 5412
2339 4111
1806 5064
2088 4293
2339 4077
2465 3757
1218 5942
1984 4450
1266 6476
1498 5678
2838 3146
1851 4779
1204 5942
2972 3004
1667 5410
1798 5244
1323 5846
1931 4693
1266 6402
1266 6030
2429 3922
2296 4087
2972 3156
1911 5067
1498 5649
2471 3810
1578 5572
1266 5874
2774 3427
1463 5795
1266 6412
2972 2976
2330 4087
1900 4779
2117 4326
1761 5255
592 5942
1994 4581
2347 3962
906 5942
2491 3730
2247 4172
2013 4450
2339 3972
1911 5050
2774 3425
865 5942
1806 5121
1266 5864
1266 5955
1931 4483
2774 3335
2088 4222
1578 5497
1716 5436
2673 3428
687 5942
1806 5172
581 5942
2343 3910
1823 5174
2774 3410
2343 3914
1266 6374
1798 5314
1266 6228
1498 5756
1806 5147
2150 4172
2802 3146
1498 5532
1911 5173
1803 5255
2629 3570
2790 3337
2629 3692
1931 4708
3047 3146
1435 5816
1806 4836
2896 3337
1995 4581
1728 5320
2005 4581
2612 3587
1911 4877
1323 5839
2283 4172
2691 3494
1463 5815
1800 5255
1498 5655
2696 3337
2749 3428
1716 5455
1498 5658
2471 3769
1982 4450
1806 4962
1313 5816
1578 5575
2339 4001
1806 5225
2166 4087
1624 5410
1516 5485
1567 5735
2553 3587
1578 5647
1532 5735
697 5942
1304 5816
2006 4450
1806 5117
1931 4673
1323 5927
2691 3439
2339 4069
2624 3587
2343 3897
2343 4078
3072 3146
2429 3794
2068 4447
2150 4087
1266 6368
2088 4281
1911 5146
1911 5136
596 5942
2117 4327
2339 4034
1917 4581
2972 3074
1266 6065
2629 3550
691 5942
1798 5237
1806 4947
1615 5410
1878 5174
1911 4772
1524 5485
2933 3146
2695 3337
2068 4426
2867 3337
2006 4581
1498 5586
2429 3866
1191 6500
2349 3826
1914 4608
2551 3697
1578 5435
1266 5898
2182 4087
2774 3294
1734 5255
812 5942
2343 3868
2972 3176
1970 4450
1498 5687
2343 3833
2339 4091
2664 3428
2491 3705
2629 3473
1578 5486
2691 3354
1578 5720
2068 4490
2972 3251
3136 3146
1487 5735
1944 4581
2774 3255
2471 3767
2533 3729
1911 5012
2619 3697
1931 4606
2429 3878
1798 5208
2117 4302
2774 3325
1186 6500
1596 5485
1498 5573
1266 6186
2629 3695
1042 6500
2299 4172
1245 6500
1977 4581
1728 5353
2774 3268
941 5942
3023 3146
3090 3146
2437 3757
1469 5735
1972 4450
2362 3962
486 5942
2500 3697
1497 5735
2774 3187
1716 5394
2533 3622
1244 5942
2927 3337
1266 6213
2774 3391
1663 5485
1931 4718
2088 4441
1728 5338
2533 3680
2689 3587
1551 5735
2088 4305
2157 4172
2809 3337
1911 5039
2873 3146
608 5942
1266 6072
2629 3558
1042 6500
1080 5942
2117 4368
1121 6500
1911 4907
1578 5431
1189 6500
1126 6500
1716 5462
2429 3811
1266 5975
1266 6102
2339 4073
824 5942
1480 5735
2088 4440
1798 5212
2429 3944
1266 5973
2343 3840
1578 5425
2491 3750
2429 3765
2774 3308
1358 5816
2306 4172
1266 6112
1209 5942
1914 4771
1578 5702
2972 3107
1513 5485
1301 5942
2068 4456
1266 6273
1806 5096
2193 4087
2891 3337
1452 5774
3035 3146
2339 4169
1798 5300
2737 3337
1778 5341
1806 4901
2774 3284
2343 3913
2608 3587
1806 5015
2691 3438
1716 5376
2343 3871
2117 4126
948 5942
1806 5051
2117 4238
2066 4581
1716 5462
2471 3797
2563 3587
2068 4410
1931 4575
945 5942
1931 4568
2744 3428
2972 3104
2774 3173
2001 4581
2774 3353
1220 5942
1578 5453
1728 5320
1914 4611
2972 3102
1931 4740
2381 3826
2774 3415
1436 5816
2024 4450
1633 5485
2691 3472
2339 4079
2629 3661
1578 5552
2533 3739
1042 6500
2772 3337
1038 5942
1716 5395
2194 4087
2935 3337
2343 4018
2955 3146
2629 3683
1463 5776
2691 3567
2533 3720
2972 3337
1301 5942
2318 4087
855 5942
1566 5735
2574 3587
1798 5237
1463 5764
1660 5485
1058 5942
1266 6209
1931 4608
1814 4779
1325 5774
1796 5255
1237 5942
2562 3697
2267 4172
2396 3962
2088 4340
1728 5382
2629 3571
2774 3176
3127 3146
2471 3818
1911 5170
2433 3826
1728 5313
2117 4161
2117 4388
1168 5942
1728 5321
2429 3814
2088 4285
1806 4960
3120 3146
1911 5123
2088 4335
994 6500
1914 4606
2343 3947
2760 3337
2629 3650
2924 3146
915 5942
3011 3146
1015 5942
2339 4159
1806 5029
2622 3587
1578 5650
2429 3779
1806 4899
2972 3101
2457 3826
3053 3146
1806 5195
1931 4694
1728 5407
2533 3620
2691 3379
1578 5685
1260 5942
1806 5062
2653 3428
1766 5255
1351 5816
1266 6436
2429 3820
1369 5816
1798 5315
1498 5675
1266 6291
1323 5864
1374 5774
2966 3146
1265 5942
1610 5410
2172 4172
2078 4450
2774 3194
2794 3337
1716 5439
1742 5255
2315 4172
2684 3428
1266 6056
698 5942
1266 5958
1911 4853
2117 4106
1122 6500
2343 3864
2533 3674
1911 5020
1776 5255
2861 3146
1911 5139
1469 5774
2339 4017
2088 4236
2103 4397
2821 3146
1931 4758
1961 4450
2774 3154
1911 4920
2339 3978
1139 6500
2766 3428
1578 5589
2972 3228
2491 3699
1798 5185
990 5942
1498 5746
1578 5711
1521 5735
1578 5545
1806 5102
1914 4724
2774 3201
1442 5774
990 6500
1914 4667
1911 5006
1295 5942
1514 5735
2634 3428
1323 5930
2409 3962
1498 5624
2429 3803
2207 4087
2400 3826
1578 5442
1798 5241
1381 5816
2533 3687
1896 5174
845 5942
2629 3449
1266 5985
2126 4087
1498 5706
1578 5721
2748 3428
1931 4744
1498 5511
2972 3274
2322 4087
2068 4545
2259 4172
2336 4087
1716 5361
2972 3291
1266 6112
1931 4694
1274 5816
2972 3086
2245 4087
2771 3337
523 5942
1376 5774
1716 5347
2437 3757
1569 5485
2343 3889
2416 3826
1266 6337
2774 3252
2088 4251
2972 3336
1266 6462
1578 5703
2972 3199
948 5942
2774 3234
1911 4953
1266 5928
2226 4172
2878 3337
2352 3962
1578 5438
2117 4328
1247 6500
1498 5678
2343 3873
1728 5401
1398 5774
1914 4740
988 6500
999 5942
1931 4652
1388 5774
1498 5726
1266 6488
1529 5485
2429 3858
2593 3697
1798 5298
2264 4172
1806 5075
896 5942
2343 3921
1911 4960
669 5942
2544 3587
1266 5959
1578 5550
2968 3146
2588 3697
1342 5774
1807 4779
1266 6236
2100 4397
1931 4630
1266 6071
1266 6275
2117 4143
1107 5942
1765 5255
2117 4131
1484 5735
2306 4172
2117 4171
1578 5712
2343 3905
2774 3255
2972 3007
1914 4583
779 5942
2229 4172
2343 3935
1257 5942
1798 5319
1301 5942
1342 5774
2972 3192
956 5942
1578 5636
2939 3337
2774 3343
1911 4874
1806 5177
2533 3727
2629 3542
2343 4068
2339 3994
2774 3170
1716 5468
2627 3587
1578 5466
2429 3849
2691 3557
2972 3197
1798 5272
941 5942
1911 4881
805 5942
906 5942
2471 3763
1166 5942
1947 4581
1911 4796
829 5942
2277 4087
1806 4985
1266 6466
2142 4172
1943 4581
1678 5410
2020 4450
1383 5774
2068 4417
2370 3826
3088 3146
1806 5069
1452 5816
2339 4053
1100 5942
1931 4518
1578 5436
1390 5774
1498 5506
1266 5992
1323 5933
1911 5046
1121 6500
1911 5144
1578 5507
2794 3337
1290 5816
1457 5816
1806 4986
1806 4871
1539 5485
953 5942
2190 4087
1266 6068
2429 3922
2972 3162
1911 4917
838 5942
1266 5849
2629 3636
2088 4304
2972 3266
491 5942
2629 3679
2164 4172
1173 5942
1728 5367
2343 3864
1728 5354
1875 5174
2712 3428
1578 5468
2117 4207
2774 3345
2367 3962
2339 4012
2533 3649
2311 4087
2774 3276
1023 6500
1102 5942
2972 3075
1266 6208
2491 3700
1266 6171
2117 4207
2425 3826
1728 5293
1915 4764
2339 3977
1266 5841
1266 6331
2240 4172
2972 3126
2749 3337
1266 6388
1019 5942
1092 6500
2583 3697
1532 5735
1450 5816
2253 4087
1931 4497
2088 4198
1753 5341
1159 6500
1628 5410
2787 3146
2371 3962
1463 5749
2972 3284
2117 4203
1385 5774
2629 3537
1806 5102
1266 6214
1554 5735
2796 3146
1806 4793
2343 3847
2117 4106
1806 5020
2117 4340
1578 5500
1806 5174
1931 4744
1739 5255
1538 5485
1606 5485
1309 5942
1931 4554
1578 5477
2088 4210
2629 3471
2774 3253
2462 3826
2331 4172
1473 5735
2343 4068
1806 5238
1533 5735
1806 5026
2526 3697
1498 5744
1578 5708
2972 3095
1728 5395
1914 4698
2774 3248
2091 4397
1033 6500
1716 5363
2533 3707
2088 4254
1806 5028
2972 3170
2705 3337
2491 3701
1578 5723
2980 3146
2343 3842
2068 4491
1578 5644
1140 5942
1368 5816
1323 5870
2774 3411
2691 3451
1353 5816
1795 5341
569 5942
1806 4944
2513 3750
2568 3587
1806 4845
2566 3587
2554 3697
2533 3709
1266 6255
1931 4733
1266 5933
1011 5942
2629 3549
2972 3285
1914 4666
1498 5642
2339 4034
1798 5184
2580 3587
2429 3923
1266 6002
1716 5406
1578 5496
1806 5079
1498 5644
1498 5518
1798 5272
1157 5942
1266 6047
2068 4478
1578 5564
1313 5942
2533 3733
2629 3506
2453 3757
1498 5738
2270 4172
2068 4518
2533 3603
2429 3793
692 5942
2937 3146
2138 4087
2259 4087
2343 4049
1240 5942
2339 3966
1806 5206
1716 5459
1946 4581
1266 6161
1829 4779
2193 4172
1323 5790
2294 4172
2741 3337
1821 4779
593 5942
2552 3587
1798 5191
1806 5221
1266 6288
2068 4562
1323 5941
2965 3337
1266 6246
1304 5816
1798 5255
2185 4087
3091 3146
1121 5942
1931 4740
2429 3877
2025 4450
2972 3263
1911 5065
2363 3962
2169 4087
2088 4297
2593 3587
1323 5878
2386 3962
1539 5485
2088 4276
2343 4040
2972 3267
1914 4700
1266 5922
2455 3757
1587 5410
1931 4452
1266 5985
1323 5824
2761 3428
953 5942
1266 6140
3025 3146
1578 5553
1578 5564
1911 5117
1498 5529
1806 5085
2339 4010
2567 3697
2429 3788
2125 4087
477 5942
1578 5718
1578 5460
2117 4267
1266 6401
1578 5668
1034 5942
1205 5942
2691 3440
2533 3610
2743 3428
1223 5942
2429 3817
2183 4172
1806 4821
1576 5485
2088 4450
2117 4104
2972 3203
2339 4164
2066 4581
2343 3879
2876 3146
2616 3587
2774 3170
462 5942
511 5942
2105 4172
2533 3620
2491 3756
732 5942
2088 4299
2533 3592
1194 5942
1454 5816
2691 3359
1865 5174
1667 5410
2533 3592
1259 6500
1121 5942
2340 4087
1382 5816
2691 3371
1266 6185
1911 5013
2903 3146
2333 4087
2691 3433
2343 4001
1266 6027
1806 5064
1806 5000
2691 3376
1089 6500
1728 5319
2697 3337
2629 3602
2445 3757
1866 4779
1798 5220
2629 3625
1266 6389
1333 5816
2972 3189
804 5942
2691 3496
1266 5977
1806 5160
2305 4172
2972 3051
1580 5410
1146 5942
1323 5837
2972 3137
1133 6500
1806 5075
2774 3183
2367 3962
1498 5512
1806 5056
2162 4172
1853 4779
2629 3544
1931 4628
1931 4742
2972 3133
1836 5174
1698 5485
2352 3826
2181 4087
2343 4024
1728 5382
1931 4616
2269 4087
1266 6319
2101 4397
1957 4581
527 5942
2451 3757
1323 5815
448 5942
807 5942
1266 6208
3010 3146
1199 6500
1158 5942
1806 5212
2459 3826
2117 4151
1911 4985
1323 5941
1578 5623
2774 3245
2533 3720
2491 3704
1350 5816
2049 4581
2972 3179
1578 5485
1498 5506
2117 4231
2491 3732
1860 5174
2774 3226
1806 4867
1498 5522
1914 4665
2972 3129
848 5942
1498 5556
2844 3146
878 5942
1094 5942
1256 6500
2691 3546
2972 3249
2972 3128
1057 6500
1931 4758
2088 4279
1806 4799
1806 4906
2722 3428
1266 5913
1463 5752
1911 5015
1728 5313
2471 3764
1806 5117
1806 4952
2635 3587
2533 3612
1386 5774
1051 6500
2343 3877
2251 4172
1266 6394
479 5942
1911 5171
1244 5942
766 5942
1777 5341
528 5942
1323 5823
1351 5816
2159 4087
2774 3204
2972 3247
2325 4172
1911 5169
2068 4535
2846 3337
2629 3459
1417 5774
2636 3428
2656 3428
2239 4172
2972 3005
2117 4184
2690 3587
1806 4985
1532 5735
2193 4172
2133 4172
635 5942
1246 5942
801 5942
1266 6177
2859 3146
1911 4788
1239 6500
2578 3697
2088 4183
791 5942
2477 3750
2117 4330
2343 3897
2339 4045
1961 4450
1323 5906
978 5942
2774 3383
2691 3419
2376 3826
1266 6233
2343 3867
2088 4312
1931 4486
2343 3900
1030 6500
1798 5252
2948 3337
1498 5647
2611 3697
1728 5340
831 5942
2429 3867
1806 5033
1319 5816
1870 4779
2774 3348
1089 6500
1578 5608
1633 5485
1266 6304
1198 6500
2801 3337
2117 4363
2429 3911
1526 5735
1967 4450
2670 3587
1266 6087
1911 5124
1790 5341
1475 5735
2947 3337
2972 3219
2068 4538
1806 4937
2972 3165
2942 3337
1798 5319
979 6500
1915 4581
2357 3962
834 5942
1498 5603
1266 6099
684 5942
2343 3829
2533 3594
1266 6411
2533 3701
2774 3341
2972 3283
2629 3573
2533 3638
1669 5410
2068 4496
2618 3587
2733 3428
1323 5853
2972 3235
851 5942
1931 4484
2972 3150
1019 6500
1914 4715
1931 4579
1911 4998
1559 5735
1509 5735
2088 4350
1498 5671
2429 3795
1266 6315
1006 5942
2533 3656
2972 2981
2824 3146
1618 5410
2533 3603
2533 3656
1266 6227
1914 4736
2429 3866
2959 3337
833 5942
2691 3521
1498 5488
2774 3326
2343 3872
1911 4902
2691 3507
2088 4363
2501 3697
2117 4295
2088 4320
763 5942
1266 6093
2629 3601
1655 5485
1798 5324
1806 5042
1728 5385
2793 3337
1578 5519
1487 5735
2343 4014
1535 5485
2921 3146
2582 3697
2691 3365
2429 3780
2774 3323
1758 5255
1931 4718
2117 4229
1911 4992
1728 5348
2774 3346
1728 5363
2691 3492
1266 6013
3040 3146
1806 4885
2922 3337
2088 4373
2624 3587
2500 3750
2378 3962
2234 4172
2691 3425
2665 3428
2691 3518
3100 3146
2471 3782
1266 6036
1026 6500
1498 5662
1442 5816
2971 3146
1221 6500
1266 6314
2343 3870
2429 3915
1806 4826
449 5942
1728 5326
2339 4094
1266 6037
591 5942
556 5942
2972 3017
1323 5896
2549 3697
1463 5769
2696 3337
1806 5241
674 5942
1911 4988
2755 3428
1911 4775
1672 5485
1960 4581
1266 6140
1578 5438
1266 6380
647 5942
1601 5410
1716 5468
1578 5721
1500 5485
1266 5954
1266 6113
2533 3697
2260 4087
2088 4426
2533 3666
1077 6500
1498 5591
2961 3337
1250 6500
808 5942
2343 3948
467 5942
2147 4087
2343 3908
2311 4087
1126 6500
2068 4558
1266 6119
2339 4045
1149 6500
1806 4944
1446 5774
2794 3146
1930 4581
1578 5494
2471 3777
2088 4203
1806 5126
2533 3635
2333 4087
1728 5390
2916 3337
1911 4832
456 5942
1542 5485
1578 5633
2629 3669
1716 5406
3060 3146
2140 4087
1336 5816
2343 4035
1806 4887
2691 3582
1911 5167
1086 5942
2164 4087
2928 3146
1554 5735
1728 5358
2525 3750
1911 4885
1730 5341
1914 4677
3050 3146
1806 4987
1578 5647
1798 5192
2088 4244
2691 3516
796 5942
2857 3146
2502 3750
2041 4581
2392 3826
2691 3536
2117 4366
1728 5386
1279 5816
2068 4405
2492 3750
1798 5287
1266 6475
1463 5804
2972 3008
1498 5620
1266 6117
2128 4087
1463 5805
1751 5255
3085 3146
2491 3712
2117 4249
1087 5942
1500 5485
2088 4317
1942 4450
1716 5425
2972 3067
1277 5942
1323 5859
2691 3587
2774 3382
2387 3826
1798 5236
1911 5136
2112 4397
2471 3813
1931 4469
2068 4545
1728 5407
1687 5485
2342 3962
1272 5816
1618 5410
2339 3996
1911 5049
1911 5026
1266 6065
2136 4087
2117 4390
2774 3287
1418 5774
1368 5774
1132 6500
1578 5574
2533 3639
2088 4439
1806 5163
2068 4454
1914 4585
1794 5341
1806 5089
1895 5174
1266 6252
2068 4444
2088 4248
1911 4839
1691 5410
1244 5942
2533 3590
1911 4963
1578 5727
1931 4610
2104 4172
2068 4482
986 6500
1266 6471
2972 2973
2774 3215
1931 4743
2117 4391
2632 3587
1931 4753
2546 3697
2630 3428
2467 3757
1798 5241
1911 5062
1293 5942
2429 3912
2350 3826
1914 4583
2918 3337
2928 3337
1806 5115
1931 4727
1931 4502
2281 4172
2117 4286
1856 4779
1911 4861
2691 3565
2343 3888
2471 3753
1911 4856
1578 5537
1996 4450
1605 5410
802 5942
1882 4779
2117 4388
1911 4982
1631 5485
849 5942
1511 5735
1288 5942
2691 3547
1853 5174
1798 5258
2533 3692
1137 5942
2774 3363
1581 5410
2691 3569
2588 3587
1914 4707
1716 5393
1728 5300
1266 5951
2343 3844
2629 3595
2117 4223
2074 4450
1716 5411
1323 5894
2614 3587
2088 4213
2429 3926
1162 5942
1858 4779
1380 5774
1931 4637
2774 3237
1583 5485
2117 4389
2972 3314
1525 5735
1806 4937
1716 5382
2088 4231
472 5942
1498 5623
1931 4664
1709 5485
1266 6270
1266 6182
2117 4339
1463 5799
1818 4779
2447 3826
2972 3279
1266 6375
1266 5934
1578 5445
1323 5782
1716 5427
1101 5942
2088 4325
1266 6472
669 5942
1266 6423
1246 6500
2068 4522
3052 3146
1130 5942
1266 5994
2774 3211
1798 5293
1798 5310
1498 5602
2471 3763
1797 5255
1578 5461
737 5942
1911 4800
1816 5174
1266 5863
833 5942
2088 4255
1806 5017
2117 4261
1716 5374
1578 5554
2474 3757
2117 4113
1911 4818
1266 6260
2068 4560
1266 6408
2819 3146
2117 4356
1168 5942
3090 3146
2972 3319
2816 3337
2816 3337
868 5942
2629 3589
1578 5597
1498 5740
2711 3428
634 5942
1821 5174
1323 5925
2774 3417
2691 3404
1726 5341
1261 6500
2429 3909
2429 3866
1578 5684
1717 5341
1266 6359
1931 4485
1034 5942
1931 4675
1043 6500
3117 3146
708 5942
2691 3419
2972 3329
1806 4937
2541 3697
2343 3940
1798 5277
2339 4021
2117 4237
1527 5735
1931 4574
2728 3337
1856 4779
1323 5868
2386 3962
2680 3428
1266 6067
2088 4309
1931 4577
1911 4800
1911 5027
1578 5704
1449 5774
2339 4034
1798 5203
1266 6338
515 5942
1914 4700
2108 4397
2629 3644
1578 5576
1911 5091
2341 4087
1418 5774
2691 3473
1874 4779
2774 3198
1473 5735
1323 5910
2036 4581
1911 4855
1911 4796
1435 5774
2343 3864
2187 4087
2393 3962
2088 4358
2533 3705
1266 6238
2768 3337
1258 6500
1931 4492
1244 5942
1266 6487
508 5942
1653 5410
1266 6035
605 5942
2088 4285
1914 4627
2162 4172
2763 3428
2972 3336
1653 5410
1266 6288
2088 4419
2088 4404
2597 3697
2629 3693
1931 4488
1716 5364
1266 6456
1062 6500
1716 5357
2533 3716
1911 4907
1266 6474
1305 5942
1151 6500
2839 3146
1266 6472
876 5942
1909 4779
3115 3146
2922 3337
1524 5485
1696 5485
759 5942
988 5942
2881 3337
1728 5280
2429 3867
2533 3656
1567 5485
2629 3477
2339 4141
2269 4172
1463 5811
1875 4779
1810 4779
2450 3826
2117 4322
1670 5485
1979 4450
2972 3289
2691 3343
1036 6500
2533 3714
2645 3587
2629 3572
1931 4604
2339 4146
2339 4006
2972 2987
2249 4087
2089 4172
786 5942
2471 3752
2339 4080
1323 5909
2343 4082
1209 6500
2339 4017
1498 5545
1266 6131
1701 5410
2972 3291
2491 3730
2053 4581
1806 5030
554 5942
1578 5483
2615 3697
1082 5942
2629 3476
1931 4515
2531 3697
2118 4087
1266 6214
2088 4201
1864 4779
2117 4211
1578 5498
2972 3207
1884 5174
2429 3841
2088 4407
1911 4833
1931 4624
1260 6500
1806 4967
1383 5816
936 5942
2846 3337
1578 5711
977 6500
1534 5735
2972 3079
2068 4489
2533 3734
1806 5137
1789 5255
2691 3451
3077 3146
1914 4713
2343 3953
1927 4581
795 5942
1180 5942
2117 4192
2339 4073
1806 5136
1498 5667
2471 3778
1775 5341
2240 4172
1931 4650
2790 3146
1266 6120
533 5942
2972 3044
1728 5397
1004 6500
2691 3423
1498 5660
1498 5603
2173 4087
1914 4750
1523 5735
1463 5799
1266 6485
1911 5109
1800 5255
2774 3227
1906 5174
2263 4172
1806 5052
2943 3337
2343 3874
1716 5379
1716 5369
1806 5070
2429 3895
2104 4397
1266 5839
2691 3376
537 5942
2339 4103
2629 3672
2950 3337
1931 4760
2099 4397
1578 5636
1931 4732
1521 5735
1611 5485
2448 3826
2774 3374
2086 4450
2972 3035
2774 3364
2115 4172
1330 5774
1498 5546
1716 5411
2117 4302
2774 3202
1987 4581
1647 5410
2128 4087
2691 3419
1806 4876
2629 3506
2117 4312
1139 6500
2533 3636
1911 4794
2629 3526
1578 5628
835 5942
2471 3758
2471 3823
2292 4172
2590 3587
1498 5652
2774 3340
1069 5942
3142 3146
2068 4419
2343 4053
2491 3740
1911 4854
993 5942
2972 3138
1931 4575
1476 5774
1798 5332
1480 5735
2429 3794
1911 4863
2218 4087
2088 4183
2846 3337
1914 4662
1031 6500
2429 3940
1632 5485
1931 4757
2068 4478
1728 5285
1752 5341
1713 5410
1266 6175
2575 3697
1266 5963
1798 5333
1905 4779
1266 6488
1798 5338
720 5942
1931 4519
2894 3337
1589 5410
1806 4998
2774 3384
2088 4208
2210 4172
617 5942
2629 3475
1806 5133
1931 4682
1914 4631
2533 3608
1806 5050
2533 3650
2568 3587
1266 6022
2774 3398
1266 6295
2339 3977
1498 5681
1806 4898
2629 3616
1777 5341
1520 5735
2429 3768
2390 3962
2401 3962
2629 3662
2663 3428
2010 4450
1728 5351
2533 3743
2172 4087
2470 3757
1806 4812
1498 5534
1384 5816
1914 4719
1060 5942
2117 4348
3118 3146
1806 5059
1323 5814
1902 5174
1402 5774
434 5942
2068 4569
945 5942
2762 3428
1182 6500
1716 5370
1716 5476
2649 3428
1911 4784
1728 5358
2088 4208
1330 5774
2629 3473
1463 5800
2629 3493
1323 5791
1728 5342
2117 4194
2629 3483
2784 3337
1266 6347
1052 5942
956 5942
1798 5339
518 5942
1905 4779
1728 5298
1806 4959
2251 4087
1953 4450
1911 5090
1806 4809
2774 3425
1932 4581
1728 5398
2774 3218
2215 4172
1806 4890
2068 4477
2774 3256
2083 4450
2972 3154
1266 6194
1379 5774
1323 5843
2429 3877
1806 5140
1623 5410
1798 5323
1545 5735
1463 5806
1474 5735
1266 6002
1683 5485
1798 5255
1266 5902
2088 4417
2343 3843
1798 5240
1570 5735
1498 5496
2605 3697
1931 4752
1292 5942
1017 5942
2625 3587
2680 3428
2044 4581
1266 6494
1911 5069
1806 4828
2103 4172
1806 5146
1738 5341
2629 3564
1798 5312
892 5942
1498 5770
2339 4113
1505 5735
1498 5615
2751 3337
1498 5645
1323 5830
2972 3016
2096 4172
1266 6062
2077 4450
1728 5304
1914 4625
2117 4310
1911 5138
1266 6252
928 5942
1728 5260
1389 5774
2343 3977
1463 5745
2005 4581
2429 3765
1911 5005
3077 3146
1798 5203
2629 3535
1716 5390
1463 5806
3071 3146
1436 5816
1467 5735
1911 4943
1471 5735
1498 5538
1266 6068
1895 4779
1911 4929
1266 6112
983 5942
2112 4397
1911 4786
1545 5735
2774 3423
876 5942
2197 4087
2972 3081
2938 3146
2533 3608
2972 3120
2329 4172
1144 6500
1914 4640
1911 5089
1498 5605
1931 4726
2088 4326
2691 3358
2088 4212
2117 4351
2685 3428
2117 4274
2629 3603
1708 5485
2691 3583
2761 3428
1806 4857
1632 5410
1716 5403
1728 5279
1806 5016
2343 3970
2691 3586
1911 4966
2088 4365
2344 3962
2774 3372
2068 4456
1911 4921
2339 4016
2045 4581
2832 3337
1931 4620
1240 6500
1716 5402
2490 3757
1716 5429
2343 3921
2151 4087
2972 3279
1672 5485
1914 4596
1985 4450
2774 3215
2117 4229
1323 5865
2588 3697
2691 3506
1931 4722
2774 3225
1448 5816
2339 3996
2117 4196
2629 3546
1266 5978
1417 5774
1716 5436
1191 6500
2533 3748
2068 4452
2429 3889
1008 5942
1888 4779
614 5942
1266 5936
2088 4318
2628 3697
1914 4768
1676 5485
1911 4919
1430 5774
1806 5081
2471 3814
1987 4450
1716 5435
1798 5253
2429 3906
2774 3256
491 5942
1498 5767
2629 3563
1480 5774
2383 3962
1498 5695
2629 3495
2667 3428
1806 4833
1323 5910
2343 4071
1078 6500
2384 3826
1404 5774
2853 3337
431 5942
1498 5671
1266 6420
2117 4334
700 5942
1716 5380
2774 3271
1579 5485
1716 5378
1636 5410
1252 6500
2742 3337
1911 5057
1456 5816
2098 4172
1716 5347
1488 5774
2175 4172
2927 3146
1501 5735
1728 5305
2972 3043
1266 6367
424 5942
1806 4904
602 5942
1874 4779
1559 5735
2068 4508
2339 4086
1279 5942
2068 4495
2388 3962
473 5942
1266 5911
2068 4541
1266 6057
2633 3428
2117 4150
1911 4836
1323 5895
2339 4095
1734 5255
1803 5174
2339 4109
2491 3740
2352 3826
2339 4049
1386 5816
1911 4789
2922 3337
2068 4547
1911 4860
427 5942
1728 5383
2339 4040
2629 3616
2629 3659
2429 3960
1798 5226
1524 5485
2239 4087
2429 3938
2533 3721
2339 4133
2713 3337
1098 5942
2088 4326
1931 4536
2429 3779
1266 6427
2343 3992
1806 4912
1463 5802
2691 3365
2810 3337
2509 3750
2088 4238
2117 4355
2972 3116
2749 3428
1931 4587
1679 5485
1266 6078
1656 5485
1911 5026
2629 3612
2774 3244
616 5942
1935 4450
862 5942
999 5942
3128 3146
2533 3595
2774 3378
2275 4087
1907 4779
1053 6500
712 5942
469 5942
2479 3750
2818 3337
1914 4694
2972 3004
2825 3337
1798 5253
2778 3337
2330 4087
2491 3749
1503 5485
1911 4995
1806 4929
2106 4397
2429 3791
2068 4475
2339 4115
3016 3146
1798 5189
2117 4363
485 5942
2343 3904
2286 4087
1066 5942
1931 4692
1911 4776
463 5942
2972 3199
2429 3819
2629 3686
1043 6500
2429 3768
1798 5311
2885 3337
644 5942
1796 5341
2621 3587
1364 5774
656 5942
1578 5485
3005 3146
1716 5460
2429 3892
1910 5174
2339 4029
1498 5506
2432 3757
1798 5263
1578 5716
2777 3146
2972 3156
1578 5649
2156 4087
1911 5078
1266 5869
2800 3146
2343 4029
2936 3146
2774 3348
1911 4987
2488 3757
2831 3337
3078 3146
1266 6050
2627 3587
575 5942
1502 5485
1806 4918
1483 5735
1716 5461
2343 3834
3098 3146
1806 4948
1498 5634
1320 5816
2774 3258
1931 4546
2854 3146
1534 5485
2526 3750
2691 3354
1578 5713
2638 3587
1706 5485
1822 4779
2533 3739
1578 5704
1299 5942
2429 3848
1240 5942
2088 4279
1914 4603
1266 6474
2117 4376
1911 5037
2339 4165
1891 5174
2343 3925
2774 3364
1806 4997
2629 3608
1806 5070
1911 5150
1198 6500
2215 4087
1798 5188
2972 3233
1323 5811
1716 5400
1523 5735
2459 3826
1463 5812
1498 5501
1755 5255
1931 4530
2395 3826
1266 5975
2071 4450
2793 3337
2740 3337
2409 3962
1578 5498
1346 5816
2068 4486
2338 4172
2104 4172
520 5942
826 5942
1110 5942
2774 3262
1522 5485
2429 3896
1656 5410
1911 4769
2491 3733
2972 3070
2691 3409
1914 4602
2907 3146
1371 5774
2027 4581
2355 3962
1410 5816
2088 4299
835 5942
1931 4590
1118 5942
1032 6500
905 5942
2564 3587
2774 3315
2088 4334
1266 6210
1266 6278
1278 5942
2491 3740
1931 4666
1323 5885
2150 4172
1806 5028
2725 3428
2343 3983
1266 5956
3034 3146
1323 5821
2343 3930
2433 3826
1266 6481
1463 5738
2343 3977
670 5942
2068 4551
1392 5816
1578 5730
1266 5961
1266 6451
2068 4534
1498 5490
814 5942
2196 4172
927 5942
2972 3116
1098 6500
1383 5816
2691 3501
1275 5816
2429 3767
1266 5996
1185 5942
1323 5866
2068 4492
1041 6500
2691 3344
2343 3928
2522 3750
2629 3434
1420 5774
1931 4554
2343 4020
1806 4907
1478 5735
2429 3853
2491 3728
1911 5064
2521 3750
2934 3337
1498 5493
1713 5410
1420 5816
1728 5324
2471 3798
1601 5485
1266 6189
2533 3736
1578 5550
2940 3146
2429 3829
2629 3591
1266 6202
2774 3401
440 5942
1806 4821
2342 4087
2273 4087
1323 5923
1806 4782
1931 4551
1806 5231
2972 3042
1463 5761
2088 4269
436 5942
2972 3165
1798 5217
1463 5781
1931 4537
1266 6271
1931 4714
2131 4087
1611 5485
2117 4151
1323 5790
1798 5210
2429 3859
3004 3146
2316 4172
1931 4749
2343 3886
1914 4733
1806 5215
1806 5159
1506 5485
2691 3585
2691 3443
2972 3237
2533 3681
1266 6176
1578 5646
2917 3146
2774 3407
1927 4764
1728 5321
2722 3337
1522 5735
1915 4581
2774 3361
2068 4542
2117 4261
1806 5178
1343 5774
2774 3263
2629 3688
1805 5174
1266 6350
1960 4450
1266 5962
2413 3826
2629 3591
2280 4172
1088 6500
2972 2999
1256 6500
1266 6313
2629 3551
2339 3993
2621 3587
1806 5061
2629 3663
907 5942
1770 5255
2343 4014
1798 5326
2343 3894
1798 5268
2088 4302
546 5942
1498 5557
1253 5942
2117 4133
2269 4172
1168 5942
1716 5405
1498 5644
1931 4547
1911 5156
2533 3640
1911 4877
2834 3146
1806 5060
1085 5942
2444 3826
1806 5087
2917 3146
2629 3530
558 5942
2204 4087
2301 4172
1911 5026
1498 5600
2020 4581
2626 3697
2972 3216
2774 3334
1604 5410
1046 5942
1578 5537
1716 5394
1798 5225
1911 5030
2429 3777
2604 3587
1794 5341
1266 6302
813 5942
2339 4157
1914 4669
2278 4172
1159 5942
1806 4875
1266 6413
1498 5611
1365 5816
1911 4814
421 5942
2581 3587
1914 4676
2291 4172
1911 4791
2972 3320
2343 3980
2533 3626
1931 4535
1806 4870
2339 3996
2108 4172
2018 4450
3060 3146
2430 3826
2816 3146
1386 5774
1931 4675
2441 3757
2068 4476
1798 5233
2117 4219
538 5942
2767 3428
1498 5495
1266 5929
1266 6179
1728 5345
1386 5816
1648 5485
2088 4261
1389 5816
1266 6111
1008 5942
2126 4087
1798 5176
2651 3587
1743 5341
1323 5796
1217 5942
2565 3697
2304 4087
2007 4450
1775 5341
1806 4859
1645 5485
863 5942
2175 4087
2117 4355
2117 4168
443 5942
3001 3146
1578 5731
563 5942
2117 4108
1681 5485
1323 5841
2429 3806
1806 4881
1798 5217
2691 3557
1254 6500
1798 5298
2429 3796
2972 3280
483 5942
2774 3172
2068 4498
1798 5331
2774 3298
1931 4739
2972 3293
2088 4396
1250 6500
873 5942
584 5942
1266 6013
1266 5890
1911 4840
1931 4570
2088 4417
1578 5663
1578 5546
2088 4225
1578 5518
2774 3204
2774 3186
1498 5609
1806 4797
1266 5936
1806 4990
1627 5485
1426 5816
2533 3688
1266 6489
1266 5966
2533 3623
3051 3146
1914 4697
2972 3250
2774 3394
3083 3146
2738 3337
1578 5690
629 5942
3003 3146
816 5942
2972 3160
2917 3337
2053 4581
1931 4758
1552 5485
2533 3617
2490 3757
2797 3337
2751 3428
2343 4042
2117 4254
1152 5942
2972 3314
2479 3757
1716 5345
1498 5699
2471 3794
1157 5942
1266 6345
2339 4016
2343 3874
768 5942
1323 5783
1806 4799
2429 3881
1323 5847
1728 5321
2491 3708
1010 6500
1266 6185
2629 3446
2993 3146
2629 3623
1829 5174
1498 5662
1266 6194
3061 3146
1071 6500
2533 3656
2691 3455
1914 4699
1911 5172
2533 3741
1911 5039
2972 3167
1266 6104
1911 4895
2343 3862
667 5942
1931 4467
1806 5001
1988 4450
1806 5171
1806 5114
491 5942
2867 3337
2094 4397
1266 5969
2339 4030
1798 5249
1498 5592
1942 4450
1266 6054
1266 6354
2343 3853
1798 5222
3003 3146
2367 3962
1323 5834
2489 3757
1728 5271
1829 4779
1323 5855
1266 6019
2343 4075
2774 3154
1257 6500
1266 5983
2188 4087
2774 3421
1911 4818
2681 3428
1911 5022
2685 3428
1498 5556
1806 4845
2068 4467
2157 4172
2117 4329
1578 5667
1036 6500
2212 4172
2533 3602
2957 3337
1931 4635
1931 4511
1266 6253
1914 4762
1145 6500
792 5942
1578 5695
1802 5174
1931 4505
1463 5766
1705 5485
457 5942
1258 5942
1263 5942
2972 3302
2534 3587
1175 6500
1806 5043
2283 4087
1911 4823
780 5942
2343 3859
2359 3962
2117 4152
1798 5329
945 5942
2774 3369
1289 5942
2429 3860
1916 4764
909 5942
628 5942
2616 3697
1323 5818
1931 4568
2676 3587
1202 6500
2491 3717
1035 6500
1728 5257
2972 2974
1041 5942
1766 5255
1266 5953
1578 5631
1664 5485
2431 3826
1578 5431
1931 4643
1392 5774
2068 4486
1728 5259
2778 3146
1498 5520
2491 3710
1578 5480
1266 5940
1911 4910
1911 4938
2328 4087
2972 3291
2048 4581
2343 3891
1931 4516
1914 4596
1550 5735
1798 5296
1728 5364
2629 3694
1266 5887
2343 3980
2629 3696
1578 5573
1266 6391
2417 3826
1708 5410
1266 5868
1498 5486
2117 4143
1811 4779
1914 4755
2972 3070
2088 4241
1806 5017
643 5942
1802 5174
1914 4681
1368 5816
2691 3533
2972 3237
2311 4172
2533 3695
1504 5485
1806 5214
1716 5466
2081 4397
1806 5054
1877 4779
2774 3198
1463 5779
1911 5087
2117 4179
2629 3666
1914 4739
1922 4764
1728 5358
2590 3587
1911 5009
2117 4206
1498 5705
2343 4063
1266 6196
1463 5769
1612 5485
1614 5410
1240 6500
2343 4061
2554 3587
1498 5680
2019 4581
2456 3757
2824 3337
1266 6174
2629 3564
838 5942
1462 5774
1911 5164
1931 4757
2343 4029
1728 5407
1914 4710
2774 3289
2429 3824
1650 5485
1806 5147
1083 6500
1911 5030
423 5942
1563 5735
736 5942
1498 5700
2783 3146
2882 3146
1573 5735
1497 5735
1498 5560
1578 5475
2910 3337
847 5942
1677 5410
1498 5671
2117 4169
1073 6500
1728 5282
1911 4901
1266 6273
2068 4406
2691 3405
1767 5255
1266 6470
3098 3146
2691 3447
2450 3826
1956 4581
1266 5859
1266 5985
1716 5417
2117 4300
2971 3337
2068 4413
1806 4853
2923 3146
1914 4624
1806 5117
1429 5816
2406 3826
2242 4087
1578 5516
1806 4838
1931 4527
1851 5174
1911 4770
1293 5942
1806 5032
2629 3512
2088 4199
1931 4637
1411 5816
1498 5507
2691 3357
680 5942
1263 6500
1975 4581
2533 3645
2068 4405
1914 4767
2429 3915
2343 4034
2739 3428
2318 4172
1578 5614
1716 5454
2117 4195
2491 3708
2429 3950
2088 4207
1590 5410
1323 5872
2343 4053
2434 3757
2346 3962
909 5942
1553 5735
2691 3427
1914 4647
2709 3428
1498 5529
2606 3697
2650 3428
1716 5409
1911 4854
2822 3337
1806 5209
2972 2993
2343 3974
2429 3824
1904 4779
1463 5762
1911 4997
1266 6014
2339 4146
2368 3962
1822 4779
1578 5463
1931 4743
3015 3146
2339 3997
2594 3697
2813 3146
1808 5174
1728 5339
2221 4172
1911 4786
1806 5253
1578 5450
2491 3751
1498 5667
1728 5284
1798 5334
1266 6215
2343 4064
2629 3578
2533 3652
819 5942
2117 4271
1578 5512
2088 4262
2747 3428
1931 4635
684 5942
515 5942
1323 5835
2068 4577
1498 5540
1578 5628
2613 3587
1562 5735
2967 3146
1911 5173
1323 5832
1266 5996
2471 3817
2088 4202
1911 5168
2774 3221
2339 3979
2972 3144
2972 3243
1266 6460
1716 5426
2629 3503
2429 3818
2833 3146
2117 4113
2088 4256
2068 4537
2937 3337
1463 5806
1806 4958
1463 5751
1245 6500
1498 5734
1363 5816
2088 4326
1914 4664
1911 4887
1806 5020
2004 4581
1463 5801
2640 3587
1914 4654
1728 5267
1798 5276
2774 3280
2068 4519
1578 5505
2117 4264
1931 4555
565 5942
2272 4087
2691 3495
2691 3417
1388 5774
2579 3697
1914 4638
2563 3587
1171 5942
1467 5774
2629 3650
1728 5305
1806 4874
2678 3428
1788 5255
2180 4172
1806 4797
2691 3379
2717 3337
2229 4087
1367 5816
1266 6225
1498 5489
1922 4764
1498 5651
1911 5033
1806 5156
2117 4374
2343 3864
2547 3697
1266 6148
2026 4581
1911 4879
2471 3813
1892 5174
1911 4919
1716 5361
2339 4001
1266 6480
1578 5648
2898 3337
2719 3428
2117 4236
1266 5957
2429 3892
2972 3031
2088 4425
2972 3079
2157 4087
1911 4871
1806 4954
2117 4151
1768 5341
2343 3953
1266 6143
1806 5186
1266 5999
1931 4631
2972 3082
2180 4087
1578 5431
2692 3337
1353 5816
2068 4542
1911 5082
1798 5198
2533 3667
2471 3759
882 5942
2629 3452
2577 3587
443 5942
2427 3962
1806 4938
2972 3290
1498 5678
1401 5774
1925 4581
1463 5751
2130 4087
2972 3060
1911 5001
1498 5491
1266 6110
1266 5967
1806 5147
1914 4611
1266 6352
2343 4039
1914 4721
1933 4581
2496 3697
1798 5252
1914 4680
1266 6125
2601 3697
2701 3337
2774 3240
1773 5341
2975 3146
2466 3757
1323 5904
2471 3800
1931 4757
1809 5174
2339 3988
1931 4592
2117 4328
1469 5774
2405 3826
593 5942
3099 3146
1323 5835
1594 5410
1051 5942
1077 5942
1914 4726
2112 4172
3068 3146
1307 5816
2774 3294
1575 5485
2963 3146
1578 5555
2533 3679
2733 3428
2691 3418
1911 4880
2535 3697
1024 6500
1451 5774
1728 5366
1323 5856
2471 3777
2088 4207
1728 5281
1911 4866
1162 5942
2407 3826
1865 4779
2232 4087
2491 3733
1578 5721
2152 4172
884 5942
1798 5305
2468 3826
2088 4432
2530 3750
1962 4581
2068 4575
2339 4083
2629 3629
1612 5485
2452 3826
1806 5137
1266 5837
1890 5174
2691 3462
2940 3146
1911 5147
1266 6360
1266 6292
1798 5221
2629 3501
2343 3961
2378 3826
1266 6275
2629 3498
1911 4779
1728 5306
1914 4640
1498 5609
2117 4310
1266 6013
1266 6091
2471 3826
2328 4087
1914 4737
1651 5410
1437 5816
1172 6500
2533 3688
2629 3662
1716 5392
1716 5430
1449 5816
1914 4632
2429 3900
805 5942
1498 5605
2786 3146
2972 3331
1728 5334
976 5942
2068 4484
720 5942
2629 3515
2190 4087
2338 4087
1266 6203
470 5942
1323 5798
1266 5969
1806 5129
1266 6141
1498 5498
1266 5946
2593 3697
2463 3757
1578 5670
2560 3697
2117 4395
695 5942
2088 4262
2912 3337
1806 5240
2117 4311
1806 4951
2774 3332
2339 4145
1873 4779
2088 4192
1806 5153
2605 3587
2343 3886
2972 3207
2225 4087
1729 5341
1860 5174
1728 5339
1806 4829
1806 5069
1670 5410
1806 5184
2088 4329
1911 4998
1806 4839
2007 4581
1127 6500
1447 5774
2533 3670
2088 4257
2088 4348
2117 4159
1431 5774
1931 4618
468 5942
2117 4308
2429 3915
2339 4031
765 5942
1382 5774
1689 5485
1806 4806
569 5942
1164 6500
1911 5145
1911 4805
1266 5872
2567 3587
2629 3604
2088 4188
478 5942
2777 3146
467 5942
1806 5168
1302 5942
1806 4790
2929 3337
1323 5811
1815 4779
2343 3892
2533 3660
720 5942
1728 5319
2533 3657
1728 5294
1219 5942
1323 5823
1266 6317
2117 4186
1578 5728
1578 5495
2811 3146
2343 3965
996 5942
2471 3800
2774 3283
2088 4400
2774 3180
1931 4646
1323 5794
1716 5405
1648 5485
1101 5942
1121 5942
2339 4012
1531 5485
1797 5255
2117 4199
1498 5594
2691 3584
1266 6079
2691 3568
2339 4113
1498 5557
1911 5097
2629 3621
1806 5059
2117 4275
2821 3337
1180 6500
2649 3428
2972 3060
2471 3784
1728 5313
908 5942
1939 4581
1498 5594
1911 4913
1504 5735
2475 3757
2143 4087
2068 4461
1266 6385
2010 4450
2339 4026
2491 3755
2117 4165
799 5942
1287 5816
2774 3389
2343 4037
1596 5410
1914 4592
1292 5942
2068 4413
2972 3307
2972 3087
2491 3742
1716 5393
2339 4155
2088 4317
1358 5816
2183 4087
1266 5991
1716 5414
2414 3826
2248 4087
2117 4381
1360 5774
2343 4068
1266 5997
2117 4130
1578 5696
441 5942
1323 5777
2972 3248
2510 3750
2629 3602
2623 3697
2429 3854
1914 4687
1931 4701
1263 6500
495 5942
1806 4881
1911 5148
2429 3870
1806 4996
2972 3116
826 5942
937 5942
1728 5284
1266 6494
1931 4496
1931 4683
1266 5848
1508 5485
2901 3146
2471 3789
1498 5544
2201 4172
2339 4042
2339 4052
2339 4083
2339 4019
2774 3411
1911 5113
1578 5681
1914 4709
1495 5774
3146 3146
2491 3712
1914 4618
2629 3521
2533 3676
2897 3146
631 5942
1716 5484
1266 5889
2533 3644
1323 5863
1498 5599
1266 5935
522 5942
2533 3669
1911 4986
1323 5800
2691 3459
1854 5174
2377 3826
2870 3337
2642 3587
1806 4958
2088 4270
1931 4622
1266 6098
1578 5581
2972 3337
1798 5205
2068 4520
1266 5912
1323 5913
1728 5402
2266 4087
462 5942
2866 3337
1806 5059
2629 3551
1495 5735
2068 4416
2117 4153
1340 5774
2117 4220
2522 3697
1444 5774
1393 5816
1498 5750
1355 5816
752 5942
1911 5138
2956 3337
2442 3757
1498 5673
1798 5332
1262 5942
2471 3809
1914 4752
1463 5800
2339 4044
2272 4172
2491 3750
2117 4121
2627 3587
1266 6200
1585 5410
2088 4188
2533 3593
1914 4647
1806 4830
2629 3583
1266 6346
2691 3403
555 5942
2339 3996
2197 4087
1128 6500
2788 3337
2290 4087
1463 5771
2428 3826
2751 3428
1266 5957
1914 4628
1266 6120
1914 4611
1806 4854
2691 3354
2533 3721
2316 4172
1790 5341
1464 5735
1911 5027
3119 3146
711 5942
1705 5410
908 5942
1911 4899
2774 3193
2088 4328
2343 4008
2429 3805
2339 4133
2068 4447
2513 3750
1806 5255
494 5942
2533 3617
1266 6448
2339 4060
552 5942
2629 3681
2068 4468
1323 5879
1266 6215
1871 4779
1911 4818
2068 4537
1769 5341
667 5942
439 5942
1914 4692
1498 5520
1497 5774
1931 4736
1716 5444
2068 4522
2088 4401
2068 4437
1911 4786
2939 3146
1578 5612
1071 6500
2171 4172
2691 3574
2533 3674
2593 3697
2629 3437
1798 5208
2668 3428
1698 5410
1806 5081
1911 4909
2321 4087
1798 5283
2031 4450
2820 3146
2127 4172
2797 3337
1585 5485
2339 4135
2818 3337
2088 4420
2858 3146
1144 5942
1266 6403
1266 6463
1911 4818
1806 4912
2133 4172
2392 3826
1806 5119
2339 4067
2471 3809
2619 3587
1615 5410
1716 5380
2117 4193
1266 5871
2343 3889
1578 5598
1515 5485
1266 6088
2343 3833
2429 3819
1524 5485
853 5942
2343 4061
2860 3337
3042 3146
2479 3750
1799 5255
2279 4087
1728 5333
1716 5463
2533 3610
1418 5816
1266 5866
1266 6431
2197 4172
2105 4397
2626 3697
2629 3571
1578 5599
1728 5321
2174 4087
2110 4397
2339 4068
1266 6436
2035 4581
1900 5174
1716 5380
2088 4259
1659 5410
2629 3435
1728 5289
2088 4272
2778 3146
2656 3587
1578 5424
2343 4000
2088 4294
2339 4114
1798 5263
2864 3146
2524 3697
2972 3169
2972 3306
2398 3826
2571 3587
2087 4397
1716 5438
2117 4208
1806 5060
1798 5194
2471 3809
2629 3450
2429 3768
1806 4874
2873 3337
1600 5485
2176 4172
1578 5707
2343 4053
2972 3191
2774 3363
673 5942
1756 5341
2629 3588
2753 3428
2269 4172
1611 5410
1578 5643
1083 5942
1911 4830
3144 3146
2339 4028
1463 5761
2810 3146
1806 4923
629 5942
1654 5485
2471 3781
1911 4972
2405 3962
2787 3146
1416 5816
1728 5290
2339 4039
1911 5032
1578 5606
2513 3750
826 5942
1673 5485
1911 4861
1165 6500
1372 5774
1931 4624
1798 5193
2572 3587
1266 5819
2629 3580
1126 5942
1806 4896
2863 3146
1798 5187
1911 5003
2199 4172
2088 4247
1266 5879
1266 6355
2225 4172
1911 4827
2118 4172
935 5942
2972 3098
2068 4484
1266 6327
1716 5405
1205 6500
1926 4581
2088 4277
2581 3587
2088 4333
2866 3337
1578 5536
2118 4172
1266 6141
2088 4392
2533 3636
2972 3335
2471 3800
2115 4172
2629 3463
3074 3146
1732 5255
1498 5722
1427 5774
1006 6500
2117 4154
1266 5880
2716 3428
1578 5563
2172 4172
1914 4683
1266 5914
2088 4216
2691 3528
1554 5735
2859 3146
2731 3337
2448 3757
1716 5376
1914 4712
1728 5283
1188 6500
2491 3718
2487 3750
1280 5942
1227 5942
1728 5279
2691 3370
2823 3337
2972 3052
1914 4612
2316 4087
1728 5332
1931 4507
2339 4112
1186 5942
1323 5937
2691 3547
1033 6500
1483 5735
1914 4773
1592 5485
1266 5821
2774 3413
2774 3159
1806 5014
2117 4228
2088 4264
2972 3143
2904 3146
969 5942
1034 5942
3117 3146
2691 3364
2694 3337
2802 3146
2629 3671
567 5942
2117 4325
2343 3903
2533 3644
2779 3337
1323 5837
1266 5984
1806 4943
2148 4087
1266 6392
1806 5210
1931 4728
2691 3413
2117 4246
2447 3757
1323 5940
2533 3687
2221 4172
1266 6268
2972 2990
1578 5641
2343 3994
2957 3146
1015 6500
2117 4395
845 5942
2527 3697
1498 5634
2429 3828
2429 3947
1266 6444
2503 3750
1683 5410
2068 4462
2068 4430
1034 6500
2429 3808
1931 4664
1911 4989
1315 5816
1741 5255
2629 3582
2316 4087
1497 5735
1469 5735
1472 5735
1848 5174
2533 3608
2691 3377
1501 5485
2088 4364
2934 3337
2471 3760
1984 4450
2343 3890
1728 5296
1806 5025
1914 4633
2088 4264
2972 3243
1499 5735
2339 4167
2429 3950
1728 5346
1514 5735
1266 6330
1782 5341
2497 3750
1798 5250
2088 4379
2919 3146
2387 3826
1387 5816
1806 4987
2972 3121
1463 5813
2171 4087
1283 5942
2619 3697
1624 5410
1911 5026
1819 5174
1545 5735
2972 3030
2429 3906
2972 3181
1716 5343
2972 3321
1498 5609
2429 3886
2774 3395
1931 4750
1806 5090
2088 4232
2117 4209
1911 5071
1914 4777
2452 3757
3077 3146
2691 3477
1728 5325
2429 3909
2117 4343
1728 5408
1281 5942
1783 5341
1949 4450
2117 4348
1914 4604
1760 5341
2774 3263
2972 3248
1931 4523
2972 3306
2972 3306
1578 5647
2343 4070
1266 6408
1396 5816
2972 3281
2533 3604
2691 3386
1462 5774
3135 3146
1914 4754
2117 4175
1420 5774
2469 3826
1812 5174
1392 5816
2088 4233
1931 4546
2343 3901
3121 3146
2691 3457
2299 4172
1728 5312
1806 5075
1578 5683
2684 3428
2068 4573
2972 3221
2117 4321
846 5942
2754 3337
1688 5410
1266 6087
1798 5292
1838 5174
1048 5942
1606 5410
2972 3036
2972 3035
1714 5485
3071 3146
1498 5584
2847 3146
1386 5816
1060 6500
1096 5942
1323 5832
1911 5152
2154 4087
2343 4063
1806 5073
1602 5485
1748 5341
1945 4450
2343 3968
1806 5158
1341 5774
1190 6500
1739 5341
2589 3697
1266 6148
1133 6500
2853 3337
1498 5673
1839 5174
1266 6271
1798 5340
1931 4725
1266 6335
1266 6054
2088 4307
798 5942
1806 5151
2061 4581
1266 6494
1373 5816
1911 4932
553 5942
2117 4274
1266 6220
2343 3928
2620 3697
1806 5115
2691 3522
1728 5313
2750 3337
1550 5735
1716 5389
2965 3337
2088 4348
1159 5942
2629 3537
2117 4219
2666 3587
859 5942
2533 3624
2774 3174
1493 5774
1578 5466
1032 6500
1266 5990
2760 3337
2691 3433
2040 4581
1493 5774
2343 3971
2370 3826
2313 4087
2429 3921
1266 6062
2068 4451
1498 5757
2972 3318
2429 3776
852 5942
1266 6379
2152 4087
1716 5466
1911 5169
1798 5289
2343 4007
1716 5413
1415 5816
1266 6214
1322 5942
1266 6404
2826 3337
1266 6286
1266 6340
3092 3146
2774 3391
1465 5735
2271 4087
2429 3791
2068 4534
2339 4091
1911 4901
1578 5501
1234 5942
3011 3146
1911 5101
2400 3962
2972 3021
1222 5942
1578 5669
1266 6406
1468 5774
2343 4024
1271 5816
2117 4154
772 5942
2224 4087
2941 3146
1266 6491
2474 3757
1266 6092
1266 6105
1806 4786
445 5942
2972 3012
1806 4841
2774 3364
1463 5774
2774 3277
2134 4087
2503 3750
2117 4372
2774 3370
2629 3453
2429 3865
2172 4087
1266 6462
1555 5735
2207 4172
1426 5816
1559 5485
2343 3922
1806 4974
2972 3051
2309 4087
1266 6470
2629 3533
1716 5358
2629 3693
2734 3337
2774 3352
2343 3889
2601 3697
1728 5287
2343 3862
2561 3697
2088 4335
1806 5098
2596 3697
1551 5485
2629 3528
1728 5262
2328 4172
2429 3927
1415 5774
1354 5816
1798 5212
1498 5528
1806 4921
1123 6500
1911 4803
2343 3856
1969 4581
2339 4053
1914 4688
3102 3146
2008 4581
1728 5408
1074 5942
1716 5356
1489 5774
2597 3697
759 5942
2552 3587
1281 5942
2068 4426
2117 4292
2019 4581
2453 3757
1323 5784
2117 4267
2088 4293
1984 4450
1578 5573
1057 5942
1971 4450
1850 4779
1531 5485
2088 4251
2339 4037
1266 6253
2691 3398
1382 5774
1806 5060
2028 4450
2343 3982
1876 5174
1266 6261
626 5942
1663 5485
1485 5774
1244 6500
1266 6190
1266 6393
2691 3457
1498 5556
1911 5051
1498 5623
2088 4362
1329 5774
1806 4864
1391 5816
2533 3654
2521 3697
1498 5572
2339 4002
1716 5374
2352 3826
2972 3060
2972 3264
1806 4978
1266 6341
2117 4300
2136 4172
1931 4733
1323 5929
1085 5942
2339 4096
689 5942
1266 5915
2972 3022
1578 5595
3114 3146
1266 6240
1724 5341
2630 3428
1255 5942
2522 3750
2760 3337
1931 4546
2471 3800
1716 5353
1931 4625
1716 5351
1128 5942
2491 3730
648 5942
1498 5624
1914 4629
1117 6500
3074 3146
2421 3962
2751 3337
2088 4344
1728 5306
1266 5840
2471 3805
1498 5588
2189 4172
2117 4360
1806 5016
2139 4172
2691 3422
1391 5816
1931 4594
2972 2976
2691 3568
2339 4161
2034 4450
2429 3887
1379 5816
1716 5462
2691 3438
2343 3946
2320 4172
3112 3146
1498 5524
2341 3962
1160 6500
2533 3744
1931 4592
1087 6500
1914 4668
1385 5816
2117 4261
2117 4103
1284 5942
1798 5277
2774 3320
2533 3645
2429 3806
1003 5942
1444 5774
2117 4227
1266 6284
2429 3894
2117 4231
2778 3146
1806 5092
1323 5854
2339 4167
1806 5183
1578 5509
1931 4507
2774 3407
2893 3146
1692 5485
1266 5927
1806 4864
1728 5335
2429 3956
2972 3162
1798 5293
1040 6500
2972 3247
2471 3765
1911 5014
1009 5942
2774 3200
1728 5379
2819 3337
2283 4087
1498 5743
1266 6116
1578 5493
1674 5410
2119 4087
2343 4026
1498 5604
2629 3537
2220 4087
2375 3962
1487 5774
2972 3241
1157 6500
2763 3337
2774 3297
1150 5942
2629 3518
1728 5310
1907 4779
1742 5341
988 5942
2117 4138
1728 5263
2691 3574
1860 5174
2589 3697
2972 3262
1716 5459
2774 3188
2117 4110
3128 3146
1282 5942
2068 4565
1266 6380
1578 5628
1350 5816
2481 3750
1954 4581
1127 6500
1806 4944
548 5942
628 5942
1798 5206
2691 3558
2415 3962
829 5942
3014 3146
1728 5348
1423 5774
1498 5685
2343 4035
983 5942
2225 4087
2691 3570
2972 3288
1266 6442
2181 4172
2774 3381
1266 5841
1753 5341
1701 5485
2972 3218
1931 4652
2237 4172
2573 3587
2025 4450
2117 4172
2088 4374
890 5942
1806 4892
2620 3697
2762 3337
1904 4779
3006 3146
2380 3826
3071 3146
2679 3587
2383 3962
1716 5413
1241 6500
2972 3210
2547 3587
1248 5942
2117 4218
2249 4172
1266 6276
1846 4779
847 5942
2478 3750
1806 4967
1806 4964
2691 3401
1266 5857
2429 3962
1935 4581
2972 3050
1578 5537
1266 5969
1794 5341
1276 5942
1806 5247
1266 5893
701 5942
2117 4088
2917 3337
2068 4412
2126 4172
2429 3761
1578 5502
2429 3826
2117 4363
1158 6500
2011 4450
2429 3842
1806 4906
2972 2989
2117 4195
2343 4030
830 5942
1323 5857
2837 3337
1559 5485
1257 6500
1266 6357
1044 6500
1728 5274
2629 3453
1266 6337
1578 5481
1443 5816
553 5942
2339 4156
1289 5942
2668 3428
1697 5485
869 5942
1806 4912
2972 3278
2112 4172
1914 4598
1911 4798
1467 5774
1728 5410
619 5942
2452 3826
2498 3750
602 5942
1798 5250
1498 5621
2756 3337
2068 4526
1266 5892
1323 5833
1818 5174
1131 6500
2972 3066
2451 3826
2761 3428
2691 3510
1224 6500
902 5942
2691 3375
2395 3962
1569 5735
2379 3826
2580 3587
1266 6161
1323 5877
2471 3787
1972 4581
2343 4052
1533 5735
2437 3826
554 5942
1266 6447
1539 5485
2099 4397
2774 3424
2217 4087
2096 4172
2517 3750
993 6500
2068 4424
2428 3826
1294 5816
2117 4316
2429 3922
2778 3146
1911 4781
1760 5255
2471 3773
1777 5341
1498 5679
1498 5550
1806 5191
3046 3146
1266 6326
1914 4667
2839 3146
2117 4148
582 5942
2155 4172
2284 4172
2068 4475
1911 4974
2343 3886
2691 3514
2573 3587
1806 5182
1608 5485
1463 5738
1323 5935
902 5942
2533 3634
2343 4007
1578 5614
1806 5108
1435 5774
3087 3146
2339 4165
2091 4397
2429 3791
555 5942
2629 3588
1089 6500
1911 5158
2088 4331
2738 3337
2774 3246
1931 4483
1931 4563
2343 3834
1323 5893
1295 5816
1588 5485
1806 5092
2339 4057
2774 3149
1018 6500
849 5942
1498 5751
1504 5735
1142 6500
1266 6214
610 5942
2343 3840
1798 5254
1463 5755
2972 3279
1798 5314
2774 3362
1613 5410
2774 3305
2887 3337
1266 6024
2362 3962
1716 5417
2353 3826
2117 4318
1147 6500
1498 5524
1266 6100
2068 4568
1486 5735
1266 6274
2629 3497
1806 4996
2500 3697
2023 4450
1463 5793
2664 3428
2088 4422
1911 4945
2774 3371
2332 4087
1578 5601
1898 5174
1266 6476
1931 4717
1175 5942
1392 5774
1799 5174
1806 4843
1028 5942
1266 6275
1798 5246
2629 3615
1806 4988
2763 3337
1403 5774
1544 5735
2892 3146
1716 5394
2533 3695
2972 3130
1911 5069
1806 5021
1323 5855
3135 3146
2972 3086
1806 5138
2691 3467
2068 4517
2152 4172
1931 4489
1498 5702
2774 3288
2343 3833
1266 6335
1332 5816
2691 3418
1578 5503
1798 5312
1266 6213
1322 5816
1911 4908
1911 4780
1022 6500
2339 4172
1316 5942
1449 5774
2842 3337
1266 6147
1716 5373
2343 4004
2691 3384
2068 4537
2774 3303
1266 6490
2068 4549
2694 3337
1911 4942
1334 5774
1463 5740
2724 3428
1931 4584
1498 5633
2068 4472
1578 5720
1728 5405
2466 3826
1266 6137
1806 5061
2774 3301
1463 5754
2088 4309
1798 5323
1931 4743
2088 4263
1144 6500
1806 4899
2088 4242
2820 3146
2004 4450
2362 3826
1911 5081
1451 5774
1578 5512
1716 5418
1578 5599
2104 4172
2972 2973
1914 4620
2629 3609
1463 5741
1806 5217
1716 5351
1894 4779
2429 3899
2117 4365
2117 4332
1914 4744
1914 4688
1032 6500
1806 5164
1931 4650
2088 4253
1931 4470
2972 2976
424 5942
2081 4450
1911 5008
1806 5135
1606 5485
2533 3729
1148 5942
1914 4618
983 6500
1911 5110
2629 3505
749 5942
676 5942
2112 4172
1728 5283
2708 3428
2117 4109
1931 4552
3136 3146
1066 5942
1578 5669
1798 5239
1931 4677
2433 3826
2691 3377
1914 4604
2932 3337
1806 5212
2774 3281
1911 4857
1266 5860
2774 3275
2620 3587
1831 5174
1578 5411
2837 3337
1274 5816
1806 4905
1806 5012
2972 3160
2135 4087
679 5942
2629 3665
2339 4033
2289 4087
1323 5916
1744 5341
1620 5410
2343 4029
1728 5336
1453 5774
2898 3146
2343 3865
2423 3962
1931 4755
1798 5189
1092 6500
1402 5816
2481 3750
2774 3165
1806 4820
2343 3861
2096 4172
1578 5561
1266 6128
2957 3337
1323 5808
1266 6323
1280 5942
1806 5150
2629 3528
2612 3697
1806 4889
1911 5031
1931 4711
2774 3307
2088 4273
2117 4149
439 5942
890 5942
2463 3757
1463 5763
2629 3584
1498 5497
2429 3922
979 5942
2310 4172
2450 3826
1635 5485
1463 5778
1911 4862
2064 4581
2972 3275
1266 6292
2617 3587
2629 3448
537 5942
2588 3697
2972 3321
2950 3146
3037 3146
2068 4501
2474 3757
1806 4999
2972 2997
1255 6500
1033 5942
1798 5190
2339 4091
1266 6155
1861 4779
1806 4853
1728 5389
1266 6322
2343 3860
2691 3498
1323 5817
1323 5884
2088 4273
1498 5496
1806 5152
2691 3479
2629 3614
1266 6099
2859 3146
1806 4947
3022 3146
2978 3146
1069 6500
2339 3997
2972 3337
2972 2988
1578 5668
1914 4746
1383 5774
1205 6500
2030 4581
1711 5485
1806 4968
1018 6500
1457 5774
2774 3324
1550 5735
1728 5360
2491 3753
2470 3826
1334 5774
2919 3146
2949 3337
2088 4367
538 5942
1266 6184
1911 4980
2629 3494
1512 5735
1806 5163
755 5942
2972 2975
1266 5976
2691 3439
1922 4764
2691 3419
2225 4172
2421 3826
1728 5290
2629 3439
2524 3697
2319 4087
2972 3210
1437 5774
1911 4819
1323 5879
2774 3315
2343 3908
1578 5420
2281 4087
1911 4833
1931 4685
1806 5022
1323 5816
1266 6299
1911 5007
1578 5462
1716 5474
1266 6409
1716 5478
2375 3962
2879 3337
1266 6212
2137 4087
2491 3699
2088 4349
1914 4595
1911 5067
1266 6115
2191 4087
1266 6414
2343 4021
1096 5942
2547 3587
2343 4012
2117 4342
2500 3750
2117 4328
1694 5485
850 5942
1266 6464
2084 4450
1798 5300
1498 5569
2471 3802
1806 4815
2343 3982
2691 3558
2068 4488
2013 4450
1266 5897
755 5942
1911 4809
713 5942
2343 3955
1214 6500
2123 4087
471 5942
1498 5597
2472 3757
1911 4937
1689 5410
1498 5644
2088 4432
2774 3190
2972 3258
1323 5894
2339 4009
1728 5409
1498 5514
2491 3725
1281 5816
2137 4172
1266 6004
1806 4884
1808 5174
1806 5205
2968 3337
527 5942
2429 3903
1931 4738
2972 3147
2564 3697
2429 3788
1096 6500
1555 5485
2097 4397
2328 4172
1578 5455
2629 3500
1463 5776
2452 3826
2900 3146
1911 4842
1266 6167
2691 3354
1911 5128
1541 5485
1740 5255
2429 3800
1728 5341
2774 3178
2343 3903
2972 3093
2691 3486
1304 5942
1271 5942
1124 6500
935 5942
2972 3187
2433 3757
1785 5255
2774 3164
1728 5370
1113 5942
2972 3241
2129 4172
2343 3946
2117 4231
2774 3166
1716 5374
2092 4172
1911 4861
857 5942
1266 6276
2075 4397
2421 3826
1578 5461
2167 4087
1266 6187
2629 3535
2533 3720
2629 3608
2068 4536
2068 4560
2339 4117
2343 3921
1914 4731
2339 3968
2088 4328
1911 4944
1498 5633
2964 3146
1798 5222
2117 4365
1266 6278
1716 5411
1481 5774
2117 4386
2364 3826
2972 3311
2381 3962
1728 5271
1323 5795
2559 3697
1498 5706
2068 4517
2036 4581
1665 5410
3123 3146
1806 4927
1289 5942
2491 3702
1498 5600
2343 3936
1716 5421
2972 3322
1421 5774
2629 3621
1911 5072
2533 3597
1266 6473
1911 4862
2503 3750
1911 5016
745 5942
2172 4087
2480 3750
1266 6411
1135 6500
1578 5495
2533 3672
2405 3826
1911 5024
2491 3757
2020 4581
2339 4133
1694 5410
2669 3428
2972 2983
1716 5456
1603 5485
2972 3289
2733 3337
2068 4524
1911 5004
1464 5774
1498 5488
2254 4172
2631 3587
1931 4735
1570 5735
2700 3337
2920 3146
2533 3600
1266 6192
2533 3612
1806 4791
2760 3428
2206 4087
1931 4754
2907 3146
1498 5702
1498 5743
1806 5159
1032 6500
1990 4450
2691 3491
1728 5387
1911 5132
2178 4172
1911 4964
1914 4672
2085 4397
1728 5387
2691 3557
1097 6500
1718 5341
1266 6123
1806 4785
2972 3207
1806 5121
2343 3959
2691 3564
1217 5942
1914 4599
2371 3826
2870 3146
2471 3794
1806 5113
2088 4247
1498 5645
1728 5276
2691 3525
1498 5545
1931 4487
2127 4087
2088 4249
1806 5163
2477 3750
1120 6500
1150 6500
1463 5791
1969 4581
1806 5125
1716 5357
1775 5255
1436 5816
2339 4075
1578 5570
2257 4087
1806 4960
1911 4873
1266 5895
1266 6475
2117 4275
1812 4779
2533 3670
2014 4450
1484 5774
1328 5774
2898 3146
1498 5590
1984 4450
2117 4383
1618 5410
1266 6288
1498 5726
2774 3198
1578 5613
2533 3688
2364 3826
902 5942
1019 6500
1245 6500
1914 4747
1266 6045
1382 5774
2339 4025
2117 4285
1914 4770
1244 5942
1180 6500
2972 3261
1612 5410
1266 6271
1716 5347
2031 4450
2774 3389
2774 3311
2517 3697
1266 6328
2202 4172
2629 3555
1911 5094
526 5942
2774 3147
1914 4593
643 5942
2631 3428
2083 4450
2629 3558
1798 5241
2206 4087
2117 4186
1806 4979
1227 5942
2438 3757
2117 4154
2117 4171
1767 5255
2792 3337
2491 3714
1351 5816
2629 3465
2691 3366
1542 5485
1348 5816
1911 5007
2972 3185
2769 3428
1043 6500
668 5942
1597 5410
2131 4172
1498 5613
1716 5422
2068 4484
2003 4450
1798 5277
1419 5816
1127 5942
2972 3036
2085 4397
2530 3697
2117 4250
460 5942
2343 3881
1266 5902
1806 4983
1266 6041
1632 5410
1716 5441
2868 3337
1931 4646
1266 5829
2068 4398
2533 3662
1266 5951
2619 3697
2471 3815
2590 3587
2577 3587
2088 4363
1266 6079
1500 5735
2629 3490
1498 5670
2533 3655
1806 5115
1870 5174
2533 3706
1631 5410
1806 5175
1798 5285
995 5942
2542 3697
1315 5942
2117 4257
2429 3876
2117 4392
2429 3816
1266 6489
2866 3337
2314 4172
2038 4450
2741 3428
1133 6500
1217 5942
2562 3587
2629 3549
2339 4063
1806 5014
1806 4922
763 5942
1728 5403
2339 4163
2339 4037
2088 4407
1578 5707
936 5942
2479 3757
2631 3587
1911 5169
2845 3146
2972 3071
1624 5485
2429 3889
1215 5942
2774 3246
1872 4779
1931 4588
2227 4087
1699 5485
1462 5774
1042 5942
2691 3360
2774 3427
1266 6009
2540 3587
2343 4025
2439 3757
1530 5485
1052 5942
2972 3060
1728 5336
1911 4949
1806 4901
639 5942
2629 3639
1911 4790
2899 3337
2088 4378
1578 5415
1062 5942
1635 5410
1578 5515
1911 5124
709 5942
1463 5781
1716 5404
1614 5410
2380 3826
2497 3697
2117 4171
2429 3842
2764 3337
1578 5485
2105 4172
2617 3587
2729 3337
1660 5410
1783 5255
1323 5889
1463 5758
1728 5289
1657 5485
1911 4898
2533 3659
1728 5334
764 5942
1498 5505
1266 6492
1806 4931
1759 5255
1323 5904
2454 3826
2267 4172
2088 4354
2117 4378
2211 4087
2343 3951
2343 4055
1323 5829
1931 4741
1266 6214
2774 3163
1323 5891
1323 5833
1993 4450
2533 3725
824 5942
2226 4087
2972 3291
1163 6500
2277 4087
1578 5460
1716 5356
2774 3224
2691 3353
1879 4779
2972 3075
1266 5936
1982 4581
1911 5139
1664 5485
2339 3992
2892 3146
2949 3146
1266 6366
2064 4581
2117 4192
2533 3713
1498 5727
2537 3587
770 5942
1716 5367
1931 4555
549 5942
1950 4581
862 5942
2117 4360
1806 5211
1984 4581
2017 4581
1806 5023
1408 5816
2671 3587
2068 4579
1266 6125
1931 4694
2629 3692
2722 3337
1806 4894
1728 5393
1266 6293
2446 3826
2629 3599
1219 6500
2384 3962
2774 3317
1798 5252
1107 5942
1870 4779
1806 5143
2343 3885
1673 5410
2366 3826
1498 5664
1155 5942
670 5942
1266 6168
2343 3847
1463 5798
2117 4089
1578 5646
1806 5012
2139 4172
2699 3337
2455 3826
2461 3826
1806 5209
2014 4450
1911 5075
2629 3591
2339 4095
1917 4581
1730 5255
1931 4658
1740 5341
839 5942
1362 5816
2429 3957
2972 3038
2337 4172
1266 6132
2354 3962
2491 3716
2117 4098
2429 3858
2774 3258
1869 4779
2629 3431
2117 4106
2343 4059
1914 4689
2343 4054
2774 3349
1133 5942
1798 5331
2140 4087
2339 4168
2429 3839
3108 3146
2692 3337
1728 5283
2293 4087
1806 5117
2409 3962
1323 5845
2441 3826
2088 4400
1806 5253
1865 4779
1781 5341
2629 3564
1806 5239
2629 3451
1806 5150
1088 6500
2088 4340
1266 6278
1578 5557
1498 5735
2429 3903
2980 3146
1931 4598
1448 5816
2162 4087
1911 5041
2068 4441
1266 6321
2726 3337
1266 6230
849 5942
2491 3750
1498 5672
2429 3790
1266 5839
2445 3826
2793 3146
2351 3962
1067 5942
1266 6250
2972 3151
1911 4820
2387 3962
1728 5341
1029 5942
2764 3337
1259 5942
1914 4734
3087 3146
1911 5044
2343 3873
1914 4630
1323 5806
1539 5735
2407 3962
2691 3570
1806 4788
833 5942
2774 3182
1728 5322
2972 3173
2533 3689
1088 5942
3117 3146
1932 4450
863 5942
1931 4524
1498 5554
2535 3697
2147 4087
1266 5961
1931 4457
2774 3276
2248 4172
2774 3384
528 5942
2068 4567
2641 3587
1578 5470
1931 4490
1498 5580
524 5942
2629 3556
1517 5735
672 5942
1716 5383
844 5942
1914 4640
1343 5774
2533 3694
2198 4172
1309 5942
2077 4397
2068 4551
2972 3288
2774 3266
2117 4153
1911 4822
1323 5873
1433 5816
2774 3278
1694 5410
1931 4494
2580 3587
2471 3765
1911 5085
2092 4172
1617 5410
640 5942
2774 3217
2117 4123
1578 5437
2343 3863
1911 4847
2032 4581
2004 4450
2625 3697
1872 5174
2691 3516
998 6500
3027 3146
1914 4715
2883 3146
1728 5351
1218 6500
2339 4103
1498 5615
1911 4886
1268 5942
1911 5049
1911 4923
2691 3523
2068 4576
3100 3146
2329 4172
1266 6250
1371 5774
1266 6370
1911 5160
1498 5678
2533 3735
2629 3538
1716 5409
1931 4654
1266 6293
2691 3404
774 5942
2765 3337
1266 6464
2870 3337
2343 4076
1182 6500
1364 5816
1911 5090
1798 5213
555 5942
1266 6209
1806 4992
1914 4751
673 5942
2194 4172
2429 3932
2774 3350
3006 3146
2343 3893
1728 5330
818 5942
2774 3198
1454 5816
1578 5608
1266 5872
2972 3009
1266 6206
1914 4684
1578 5521
1334 5774
1266 5933
1266 6033
2691 3358
425 5942
2629 3517
1758 5341
1189 6500
1161 6500
2068 4486
1433 5816
2629 3486
2254 4087
2117 4158
1714 5410
1914 4673
1578 5598
1266 6463
1839 5174
1498 5659
2068 4471
1989 4581
1002 5942
1931 4758
2400 3826
1798 5241
1911 4998
1931 4576
1914 4770
2429 3940
2629 3687
1828 4779
2255 4087
2972 3270
1141 5942
2262 4087
2080 4450
1498 5538
1931 4723
1809 5174
2660 3587
1914 4743
1511 5735
1931 4693
1072 5942
2068 4461
2533 3707
1271 5816
1806 5051
2972 3137
1414 5774
2471 3773
1931 4689
1711 5485
633 5942
1136 6500
1911 4783
1911 4783
2068 4552
2948 3146
2972 3008
1216 5942
1442 5774
2219 4087
2751 3428
1266 6054
1067 5942
1911 4961
1876 5174
2117 4257
2629 3516
1498 5726
973 5942
1266 6378
1937 4581
451 5942
1806 4966
1590 5410
2972 3137
2113 4172
776 5942
1323 5850
1323 5867
1761 5341
1531 5485
1463 5791
1798 5217
2471 3768
2339 4010
2405 3962
1931 4609
1890 4779
2235 4172
1917 4581
2927 3337
1965 4581
2248 4172
1215 6500
2437 3757
721 5942
2272 4172
1798 5189
838 5942
2057 4581
1577 5735
2117 4339
2068 4559
2339 4130
2343 4040
1578 5418
1266 6297
2471 3808
1927 4764
1498 5546
1025 5942
2068 4514
1918 4764
1498 5490
1667 5410
2976 3146
3126 3146
2691 3582
1498 5740
2130 4087
1266 6006
1266 5920
2972 3200
2533 3667
1361 5774
2413 3962
2117 4130
2205 4172
2774 3367
2343 3934
1323 5815
1189 5942
1671 5485
1945 4581
2117 4314
2533 3696
2641 3587
2339 4041
2068 4570
975 5942
2423 3826
2280 4172
2286 4172
1071 6500
2425 3962
3046 3146
2491 3747
2343 3901
2117 4293
446 5942
1266 5965
2429 3817
1266 5892
2758 3337
1716 5423
1745 5255
2088 4219
2972 3163
1025 6500
1578 5486
2304 4087
3051 3146
1806 4939
2501 3750
1578 5494
1172 6500
2034 4450
1079 5942
