1237 3767
1576 3383
581 4387
387 4622
619 4313
2346 2490
NIE
947 4027
NIE
621 4301
486 4502
NIE
1012 3990
2136 2761
532 4444
1015 3990
339 4682
1195 3803
306 4722
2065 2833
NIE
885 4087
419 4592
1789 3108
241 4786
1360 3602
1479 3437
159 4887
622 4303
593 4347
2049 2861
2087 2797
1918 3003
209 4804
2226 2688
141 4894
2308 2559
2287 2602
796 4138
NIE
506 4473
1546 3403
2102 2774
1246 3713
1250 3702
231 4790
NIE
1321 3633
1168 3850
NIE
972 4017
1256 3703
464 4532
1146 3884
134 4897
932 4039
2216 2711
1845 3059
1321 3646
427 4574
2217 2702
941 4046
2261 2635
1683 3220
879 4087
2050 2859
2065 2847
758 4188
1405 3524
NIE
919 4072
2156 2736
1691 3168
100 4921
993 4008
55 4978
64 4957
510 4462
1615 3339
1427 3501
102 4924
2293 2584
2397 2429
782 4162
485 4504
2290 2599
1459 3472
261 4751
1242 3755
359 4667
426 4578
1022 3986
1049 3973
2389 2430
NIE
2129 2766
1560 3401
1587 3380
471 4509
527 4457
1725 3136
1152 3863
267 4749
550 4426
1451 3479
996 4006
832 4120
1264 3695
1702 3166
2182 2720
NIE
2065 2841
1574 3393
NIE
NIE
2276 2614
2287 2592
1640 3297
2275 2617
1130 3918
1690 3176
273 4743
1812 3089
326 4711
267 4751
1812 3083
2183 2720
1562 3402
468 4523
237 4789
2300 2567
NIE
1133 3908
161 4883
580 4389
2286 2605
860 4102
1191 3808
1152 3873
2314 2536
934 4060
1152 3863
1465 3455
54 4977
614 4341
1650 3284
2065 2844
NIE
373 4662
1915 3009
803 4132
2304 2570
2385 2434
213 4800
2341 2506
2386 2433
1761 3128
2102 2774
1079 3960
NIE
NIE
926 4047
2013 2891
734 4217
793 4144
183 4845
587 4357
1914 3014
1591 3359
1459 3474
1804 3095
2242 2661
2309 2551
860 4106
NIE
516 4459
2244 2648
1665 3267
263 4754
182 4850
1174 3835
1323 3640
69 4968
617 4325
1271 3684
NIE
142 4900
129 4909
2327 2526
1400 3537
182 4853
1997 2906
NIE
1923 2984
NIE
948 4023
2318 2526
639 4285
NIE
1021 3990
1864 3046
1980 2935
796 4153
1741 3134
NIE
417 4605
2021 2876
2371 2459
2290 2577
NIE
2296 2567
1049 3966
924 4067
NIE
1400 3552
2386 2439
2323 2536
1736 3134
118 4924
1731 3137
253 4780
10 4995
822 4120
387 4630
2183 2720
909 4087
1113 3949
2087 2802
1311 3655
1242 3741
181 4867
729 4224
288 4732
1234 3771
2244 2648
437 4565
1356 3602
1829 3058
NIE
1242 3743
1431 3488
NIE
1986 2930
NIE
2128 2766
961 4020
NIE
2039 2861
NIE
258 4754
877 4093
273 4744
4 4998
1946 2967
387 4616
NIE
NIE
1202 3782
1614 3342
1449 3482
NIE
1995 2907
1931 2976
NIE
288 4728
1721 3138
183 4847
1867 3046
648 4279
335 4705
642 4286
2332 2516
NIE
2361 2461
NIE
2220 2694
426 4582
2163 2727
1337 3624
NIE
2156 2730
NIE
NIE
2378 2435
1461 3473
572 4403
1923 3003
1155 3870
1995 2910
1130 3908
163 4885
1688 3171
181 4866
1805 3082
1953 2944
659 4269
622 4303
1881 3045
2290 2595
1576 3387
NIE
42 4991
1006 3991
NIE
NIE
572 4402
2287 2591
176 4876
332 4697
680 4263
355 4670
64 4971
695 4249
529 4444
2217 2700
1921 3007
850 4111
1683 3213
591 4360
427 4572
NIE
486 4489
1886 3031
NIE
NIE
941 4060
202 4835
763 4187
386 4637
64 4971
2066 2828
NIE
338 4686
614 4332
NIE
563 4422
954 4020
1989 2915
970 4018
1499 3422
268 4747
1084 3960
1309 3656
696 4243
1803 3095
575 4396
2345 2495
252 4782
2018 2890
545 4436
411 4601
2102 2769
767 4177
NIE
1638 3318
919 4077
518 4460
2050 2858
1414 3524
1165 3852
2320 2526
562 4420
1256 3707
253 4779
942 4037
955 4024
539 4438
2110 2769
506 4468
1249 3714
685 4260
507 4462
NIE
2242 2661
987 4007
1401 3529
399 4608
924 4065
1884 3032
NIE
1683 3214
NIE
1825 3063
2224 2687
2113 2764
536 4444
671 4264
226 4794
179 4870
1839 3059
1130 3899
2242 2653
NIE
NIE
2230 2678
637 4294
584 4363
348 4669
373 4662
1360 3601
1324 3626
1299 3657
1618 3324
926 4059
591 4358
167 4876
NIE
732 4229
789 4149
2016 2889
461 4523
2239 2654
1619 3309
2042 2859
2022 2872
1323 3637
175 4876
306 4719
1288 3680
553 4427
1884 3032
NIE
NIE
2089 2777
2261 2630
2315 2536
352 4670
440 4558
2380 2434
437 4556
1536 3409
1317 3647
1462 3461
695 4250
NIE
2305 2566
586 4361
NIE
144 4900
1649 3284
1678 3227
815 4120
1455 3479
880 4089
NIE
1114 3950
1926 2974
358 4670
1608 3347
767 4171
619 4320
548 4427
973 4008
736 4211
2377 2457
789 4161
178 4874
NIE
1463 3458
161 4885
494 4500
567 4405
1680 3223
2210 2711
1058 3966
1242 3740
1597 3347
1858 3048
908 4083
1455 3481
1129 3921
176 4878
2022 2876
2279 2610
759 4180
2224 2689
926 4064
288 4730
2290 2582
2244 2645
796 4156
506 4471
384 4636
2004 2905
1025 3978
358 4668
NIE
1399 3547
411 4607
1130 3908
1763 3121
606 4327
1399 3539
540 4433
NIE
NIE
1514 3422
1243 3732
1616 3334
NIE
267 4752
265 4754
NIE
NIE
122 4915
900 4087
1805 3091
753 4196
923 4066
1679 3226
576 4392
1946 2957
1937 2971
1208 3771
1073 3966
516 4475
1285 3673
1174 3831
1663 3282
1923 3007
1973 2933
505 4475
2287 2607
962 4024
1299 3659
2394 2423
1218 3791
388 4627
1242 3734
378 4647
107 4924
1697 3168
378 4650
215 4799
1337 3624
217 4800
838 4117
703 4244
1242 3759
1989 2918
NIE
1552 3403
1053 3971
2155 2743
NIE
2286 2600
2378 2437
1328 3625
509 4475
1640 3292
330 4704
2237 2679
1896 3041
182 4852
738 4211
258 4757
2323 2536
2174 2723
863 4089
1173 3844
2280 2609
695 4254
NIE
2355 2470
1192 3821
1039 3974
2323 2536
2239 2653
1958 2940
614 4336
1318 3647
1678 3233
2379 2447
2066 2837
1407 3522
NIE
1425 3506
916 4080
848 4113
1671 3232
2274 2610
1400 3540
1467 3440
1704 3158
1321 3638
NIE
2238 2678
720 4243
1690 3174
181 4851
2089 2784
1129 3931
1153 3870
1773 3120
1074 3964
2016 2889
382 4638
948 4024
1349 3625
2067 2820
1322 3640
216 4796
1347 3625
1299 3660
2020 2884
335 4696
804 4132
1062 3964
1457 3479
1914 3016
289 4729
796 4141
390 4617
1497 3424
130 4904
1427 3494
1563 3402
NIE
2378 2454
833 4120
NIE
1591 3354
1662 3273
1202 3774
448 4551
NIE
767 4177
1103 3959
455 4546
1842 3052
685 4263
1995 2908
2293 2569
2268 2618
861 4097
1399 3533
2311 2536
1926 2997
NIE
861 4096
920 4077
30 4994
1922 3007
1531 3412
1747 3133
1758 3128
531 4444
394 4613
1427 3499
10 4998
982 4009
1500 3421
1812 3064
202 4819
275 4746
2016 2891
202 4814
774 4169
618 4316
895 4087
215 4799
1130 3923
463 4532
2266 2636
434 4571
1117 3945
729 4222
343 4680
559 4427
486 4499
946 4036
1226 3771
737 4209
NIE
317 4718
2261 2637
1935 2971
573 4401
223 4794
952 4020
815 4121
1425 3519
29 4994
2378 2451
1375 3596
42 4994
1994 2917
1790 3111
559 4424
2349 2483
2397 2426
1040 3973
528 4451
NIE
359 4663
1216 3771
1268 3688
1335 3625
1274 3681
1576 3384
2056 2859
1944 2967
343 4672
NIE
2093 2774
876 4093
1880 3044
1619 3300
1207 3771
2314 2536
158 4888
1739 3136
820 4120
NIE
1249 3713
1931 2976
188 4841
796 4146
795 4144
997 4004
267 4753
793 4144
1701 3171
527 4450
506 4476
1805 3092
1960 2940
2004 2896
222 4795
330 4710
1174 3839
2006 2896
1995 2913
1242 3754
1638 3308
1678 3242
1812 3065
1128 3930
387 4627
584 4369
486 4502
744 4202
2089 2789
1577 3393
417 4598
926 4058
563 4415
807 4126
1462 3470
1619 3317
1554 3402
1953 2942
2156 2733
358 4670
74 4953
255 4774
1905 3020
1755 3124
NIE
2332 2508
1812 3078
694 4253
1430 3489
1399 3550
2169 2739
618 4314
166 4876
1128 3936
1947 2948
754 4191
1915 3010
12 4998
1271 3686
1130 3912
1321 3643
1915 3012
2239 2654
2103 2774
NIE
1286 3673
789 4149
1133 3910
335 4703
535 4444
1671 3252
136 4900
1053 3969
619 4306
2136 2761
580 4391
85 4944
1084 3960
1540 3406
1730 3137
2175 2722
759 4184
2136 2759
NIE
1595 3347
1671 3256
920 4073
569 4409
1425 3519
2378 2442
1901 3024
328 4712
1399 3556
1690 3196
2156 2728
1429 3494
561 4424
539 4443
111 4924
1151 3875
806 4132
1510 3418
1467 3447
2070 2818
1902 3020
675 4269
2376 2450
2226 2692
1463 3457
1040 3974
1100 3964
1239 3746
1531 3416
749 4204
861 4100
658 4269
NIE
2005 2902
1486 3437
1193 3811
1482 3437
972 4011
1239 3759
NIE
255 4774
962 4022
1640 3295
540 4436
1245 3726
1465 3448
1399 3543
2287 2595
69 4957
NIE
1433 3485
2215 2711
389 4614
1420 3521
1483 3439
2089 2801
NIE
122 4917
398 4608
1745 3134
1145 3887
1022 3989
2196 2716
845 4115
82 4943
1260 3697
2250 2640
1318 3648
1945 2948
1086 3964
1500 3424
1935 2969
1702 3165
695 4246
69 4969
46 4983
1926 2982
1217 3771
NIE
1705 3164
1398 3564
1130 3907
1504 3422
2005 2892
86 4934
76 4947
1207 3791
NIE
426 4579
1321 3638
1349 3624
1271 3681
NIE
1133 3896
2332 2514
2341 2501
2087 2807
1671 3235
1250 3708
1619 3304
NIE
338 4696
1167 3854
1270 3681
759 4180
936 4039
1562 3402
280 4730
2342 2496
1222 3791
1719 3141
1336 3624
NIE
343 4678
420 4584
2325 2533
618 4313
1353 3624
2379 2447
1312 3655
2361 2461
799 4133
2293 2568
2007 2891
2146 2746
2239 2666
1944 2960
1323 3633
1011 3990
754 4191
506 4473
1053 3965
813 4122
1393 3571
2022 2874
1825 3063
NIE
1175 3832
1854 3057
NIE
NIE
1202 3787
906 4083
NIE
1720 3138
1564 3400
2068 2814
2119 2750
NIE
2062 2851
1037 3977
2084 2807
NIE
900 4087
1678 3250
1825 3064
206 4820
684 4260
718 4233
941 4050
1233 3767
1466 3444
1680 3223
2275 2617
NIE
1299 3661
1679 3226
64 4955
3 4998
607 4342
134 4895
2310 2549
2038 2862
1266 3694
2062 2841
862 4089
NIE
1690 3184
572 4403
2243 2647
846 4113
1331 3625
1915 3014
1081 3964
1946 2952
634 4295
457 4546
1896 3026
1615 3346
938 4060
401 4606
387 4626
2128 2750
2309 2554
232 4790
2305 2565
1202 3778
1663 3279
NIE
943 4032
NIE
330 4701
822 4118
1638 3303
1323 3638
NIE
78 4950
944 4036
1926 2986
394 4611
261 4754
367 4667
1449 3481
2376 2453
1156 3857
1003 4000
614 4327
1805 3095
449 4542
1966 2935
326 4712
575 4395
2085 2808
21 4997
474 4509
NIE
NIE
1399 3537
1288 3668
2266 2629
NIE
1375 3582
170 4878
486 4496
567 4406
1235 3770
683 4260
390 4616
1884 3033
202 4813
506 4467
2351 2479
303 4727
2216 2702
2332 2515
1663 3279
746 4199
69 4961
540 4438
956 4024
1756 3128
584 4381
1746 3132
1429 3499
369 4662
1980 2924
1115 3943
NIE
974 4014
NIE
NIE
598 4350
1532 3411
2372 2459
1355 3620
1825 3067
1200 3793
2275 2610
1956 2943
613 4325
2224 2683
61 4977
88 4928
85 4937
NIE
8 5000
1467 3451
339 4682
NIE
1733 3134
1515 3418
1338 3625
NIE
375 4659
345 4670
516 4473
NIE
1641 3287
744 4208
1150 3878
1789 3116
819 4121
1462 3466
410 4608
324 4717
390 4625
1976 2933
1685 3171
2374 2459
1514 3418
2089 2803
2195 2714
1312 3647
2386 2430
2005 2893
1375 3578
2174 2732
1113 3950
1932 2971
1698 3171
400 4608
521 4453
614 4338
64 4964
1152 3861
694 4259
796 4142
764 4179
NIE
1318 3651
1638 3303
1451 3481
1884 3043
644 4280
1604 3342
2389 2429
1299 3667
1173 3836
1241 3759
1266 3693
2372 2457
390 4616
518 4457
1282 3676
385 4627
122 4920
2357 2465
2287 2601
922 4069
1400 3544
1133 3908
1090 3964
2169 2739
1946 2950
1354 3625
377 4649
244 4782
1896 3036
885 4089
NIE
275 4741
86 4932
1133 3913
1891 3031
489 4486
258 4757
1890 3043
1531 3416
1171 3848
182 4851
NIE
591 4351
786 4165
605 4345
1626 3299
925 4066
463 4514
1594 3348
759 4184
1152 3871
559 4427
2091 2792
2371 2459
NIE
1166 3856
796 4146
NIE
1143 3887
NIE
1052 3966
1246 3722
NIE
838 4113
2062 2841
1915 3014
1591 3361
NIE
1375 3595
183 4842
758 4193
1753 3128
277 4736
1619 3312
153 4888
1164 3856
335 4702
1289 3656
1358 3624
2136 2757
1789 3107
36 4994
NIE
997 4004
NIE
NIE
1831 3052
544 4432
2108 2774
520 4453
69 4962
695 4248
1500 3426
85 4937
1305 3656
1172 3843
2238 2678
NIE
1272 3681
639 4287
379 4646
1755 3124
3 5000
877 4093
468 4523
NIE
1714 3146
1054 3966
934 4060
177 4871
250 4782
NIE
435 4571
255 4763
1039 3976
181 4860
NIE
NIE
962 4019
2154 2744
680 4260
743 4208
NIE
NIE
1128 3936
1465 3446
1177 3822
875 4093
1193 3806
2159 2739
1755 3122
1750 3129
1039 3975
1533 3411
2360 2470
1683 3179
1186 3821
1231 3767
NIE
2303 2567
1617 3332
300 4729
2330 2526
2267 2620
759 4180
437 4565
3 5000
335 4706
586 4361
689 4258
51 4980
1090 3964
1679 3212
231 4790
1105 3954
NIE
1433 3488
1946 2968
461 4531
196 4839
1202 3788
NIE
2199 2712
1926 2978
1129 3934
1657 3275
708 4240
NIE
437 4562
761 4187
2332 2509
2272 2613
789 4158
1756 3121
1638 3322
1799 3095
1946 2963
1865 3047
1862 3046
2287 2594
2304 2572
2143 2748
919 4072
1129 3920
2099 2774
1683 3207
1193 3812
1163 3858
711 4243
1854 3050
1104 3955
1646 3284
1402 3525
335 4695
1176 3830
64 4963
2222 2694
2089 2778
2269 2625
221 4796
456 4542
2203 2707
2239 2668
1478 3437
1103 3963
1425 3515
384 4630
78 4948
381 4638
1980 2929
NIE
257 4756
1679 3198
1129 3921
1128 3931
1399 3563
NIE
NIE
2262 2636
801 4133
1414 3524
892 4087
32 4984
411 4606
953 4024
1417 3524
202 4817
719 4233
1131 3891
42 4982
669 4269
1291 3656
1973 2933
NIE
NIE
581 4368
1665 3267
NIE
922 4069
1750 3129
2192 2714
1130 3917
2262 2629
982 4011
1914 3017
419 4585
2089 2799
1999 2906
468 4524
1427 3509
NIE
2108 2769
2060 2854
181 4865
2261 2633
567 4402
1327 3626
39 4994
1559 3401
2156 2735
326 4712
1967 2933
1057 3966
NIE
2217 2699
603 4350
202 4824
948 4024
340 4690
838 4117
300 4729
2254 2640
1670 3258
2289 2599
780 4163
1175 3831
280 4730
NIE
229 4790
1003 4001
1638 3300
372 4660
183 4842
1266 3690
744 4202
3 5000
2066 2825
2307 2559
NIE
676 4269
2054 2856
342 4689
2376 2448
165 4878
NIE
2187 2714
502 4475
373 4659
687 4260
567 4406
1427 3496
716 4233
410 4606
648 4269
584 4381
938 4039
1583 3382
1145 3887
1167 3852
1536 3409
1812 3076
NIE
2112 2769
2242 2653
833 4114
NIE
1990 2917
NIE
2009 2890
2005 2893
938 4060
1641 3289
2071 2818
411 4603
1535 3408
1712 3150
178 4873
1761 3128
2317 2533
584 4364
NIE
845 4114
1588 3379
557 4424
1271 3683
2373 2457
1243 3732
NIE
575 4398
2092 2785
1676 3253
NIE
2184 2714
869 4093
1953 2941
584 4368
1115 3944
1535 3409
813 4124
625 4303
600 4350
1479 3437
2020 2871
NIE
2113 2758
612 4325
1719 3144
2022 2876
NIE
1181 3808
2344 2493
158 4888
2246 2646
1510 3422
444 4551
581 4385
1005 3996
1407 3526
243 4778
1318 3654
1130 3907
2141 2750
1526 3411
843 4117
580 4383
1112 3950
1202 3780
1399 3555
2310 2542
2253 2645
2283 2610
516 4472
797 4134
1884 3032
516 4459
516 4472
93 4926
2008 2894
2286 2610
NIE
732 4217
2234 2678
2335 2500
69 4949
796 4142
384 4629
909 4086
1543 3403
1535 3411
865 4089
419 4589
197 4828
580 4383
2172 2727
764 4181
926 4051
326 4713
2206 2704
NIE
207 4800
1530 3411
1914 3013
978 4014
NIE
1372 3586
1241 3740
182 4856
1225 3782
796 4143
29 4994
737 4211
1787 3120
NIE
661 4269
2089 2793
387 4632
789 4156
70 4947
2140 2746
NIE
1198 3792
145 4894
342 4686
1501 3418
2046 2861
1360 3620
2172 2739
NIE
600 4346
2287 2596
387 4636
2352 2474
1752 3128
1590 3370
NIE
215 4802
NIE
NIE
1175 3827
926 4046
43 4981
1641 3288
NIE
2267 2622
NIE
1634 3299
2355 2469
440 4557
1427 3491
2092 2785
568 4401
202 4833
NIE
618 4311
1429 3497
1609 3342
1698 3171
1199 3793
1736 3137
NIE
540 4440
2347 2490
NIE
NIE
1053 3970
2130 2750
NIE
1166 3856
1663 3274
725 4243
1788 3120
1930 2976
NIE
1331 3625
1288 3676
2241 2651
526 4457
1245 3723
255 4758
2217 2702
420 4583
1117 3943
2121 2750
NIE
1445 3488
1174 3832
1789 3111
736 4214
NIE
1167 3856
417 4601
646 4269
1129 3933
10 4997
319 4713
2314 2536
2365 2459
NIE
534 4440
1156 3858
850 4112
2067 2824
150 4894
527 4449
990 4007
1657 3279
365 4667
1707 3156
NIE
828 4117
1053 3970
129 4910
1647 3284
714 4233
336 4697
640 4286
1629 3324
2332 2507
1657 3278
1256 3701
562 4419
1789 3115
2157 2727
1390 3575
2053 2859
2217 2695
774 4165
1522 3416
1822 3073
1584 3380
220 4795
263 4751
1236 3759
581 4382
1068 3966
1926 2990
1985 2933
1619 3313
731 4229
2183 2718
2202 2711
1995 2915
2034 2865
1402 3525
NIE
NIE
2304 2568
1662 3282
2020 2873
1085 3960
472 4509
2313 2536
417 4590
2352 2473
1288 3662
42 4993
2165 2739
2300 2567
1780 3120
1589 3376
963 4020
2243 2647
1586 3377
1912 3015
419 4596
2324 2536
1399 3535
NIE
1531 3410
2354 2474
1885 3031
785 4162
1946 2961
1488 3431
NIE
1980 2919
1194 3807
2315 2544
697 4243
276 4738
947 4025
1427 3514
183 4842
1133 3901
1388 3571
1683 3208
1372 3586
605 4347
1130 3912
723 4243
1923 2979
2274 2610
58 4977
572 4408
1729 3137
206 4822
486 4503
724 4233
NIE
1719 3139
197 4828
1531 3412
129 4905
1884 3040
104 4924
146 4888
948 4027
1497 3424
42 4983
1900 3027
1515 3418
711 4243
909 4085
1923 2981
2056 2855
2014 2890
690 4258
497 4496
207 4800
2020 2873
972 4009
1884 3042
1392 3575
1253 3701
28 4994
695 4250
1202 3778
734 4213
1212 3791
1331 3626
78 4949
1151 3876
427 4573
NIE
567 4416
744 4201
326 4716
1717 3145
1998 2905
86 4931
703 4243
582 4381
1092 3960
1835 3052
2264 2636
182 4849
1429 3492
531 4444
919 4074
1399 3564
2293 2573
2089 2781
833 4117
749 4200
435 4567
591 4359
1235 3761
1841 3052
1602 3343
NIE
257 4756
1400 3534
813 4131
425 4583
1589 3366
1632 3299
929 4060
2108 2772
459 4544
486 4492
1943 2969
1401 3529
810 4132
562 4424
343 4676
627 4297
475 4514
1514 3419
941 4043
1152 3866
NIE
331 4708
317 4718
558 4424
1318 3641
983 4008
1400 3537
102 4924
NIE
74 4947
NIE
394 4611
1683 3181
863 4093
1095 3964
861 4102
2242 2663
2204 2704
68 4970
NIE
NIE
2242 2660
926 4065
341 4690
NIE
1476 3444
1242 3755
580 4387
77 4947
2359 2465
1944 2968
NIE
277 4736
1986 2926
581 4386
1329 3625
520 4453
2239 2675
1663 3272
181 4865
NIE
1679 3202
780 4167
1336 3624
159 4892
1589 3366
NIE
2104 2769
844 4113
2232 2678
2108 2769
847 4112
2030 2867
588 4357
1409 3524
1660 3282
1814 3073
2346 2487
1980 2935
1646 3284
1812 3062
1024 3982
1674 3253
1830 3052
559 4427
1996 2906
730 4217
1328 3626
1789 3104
NIE
1696 3171
1414 3524
1414 3524
2257 2636
NIE
1306 3655
919 4071
1980 2919
1010 3990
1989 2915
1770 3121
197 4839
NIE
909 4085
1066 3966
1128 3939
127 4904
NIE
1047 3969
2319 2536
1323 3635
430 4571
419 4593
562 4425
2008 2892
1230 3767
144 4890
342 4682
111 4921
1678 3247
53 4978
1588 3380
182 4857
1683 3208
914 4080
2365 2459
566 4409
2043 2861
1946 2954
1309 3655
1619 3323
1318 3642
1690 3173
1274 3681
1946 2968
NIE
NIE
1793 3102
NIE
1193 3805
1239 3757
1103 3956
1348 3625
1858 3050
1363 3601
426 4575
618 4313
1243 3736
1013 3989
484 4500
NIE
1282 3679
1787 3120
393 4612
58 4977
274 4747
NIE
854 4105
NIE
2050 2861
2371 2465
1245 3727
437 4560
1679 3226
81 4947
NIE
1719 3140
233 4790
1491 3429
1476 3437
1167 3850
299 4729
124 4913
2217 2696
2360 2465
1681 3197
2346 2489
120 4923
NIE
942 4038
814 4121
234 4790
1946 2964
202 4822
850 4111
2242 2667
684 4263
950 4020
182 4861
338 4695
76 4953
147 4894
1302 3655
733 4227
1578 3382
1148 3882
437 4560
394 4611
1589 3368
2174 2736
1619 3311
NIE
35 4994
1463 3462
1705 3164
2155 2741
255 4764
1671 3240
NIE
497 4495
2330 2515
417 4599
972 4016
1874 3044
830 4117
1573 3399
1209 3791
1288 3675
2239 2659
1597 3347
1355 3618
NIE
1458 3475
208 4800
860 4108
105 4921
1576 3390
1073 3964
718 4243
207 4804
759 4179
2074 2813
2371 2460
540 4437
1153 3858
1228 3767
280 4734
1619 3321
NIE
NIE
2325 2527
NIE
497 4494
388 4627
1488 3432
1129 3935
2172 2739
2386 2430
NIE
1976 2933
1130 3922
1036 3978
1612 3342
129 4912
969 4017
2208 2711
NIE
89 4928
789 4152
926 4053
36 4984
1803 3092
572 4409
2174 2732
NIE
1429 3496
457 4542
448 4548
606 4342
619 4304
39 4984
46 4983
274 4738
758 4190
177 4874
1503 3422
2071 2811
NIE
1491 3429
1717 3144
1619 3312
2309 2558
342 4686
774 4169
1 5000
1531 3416
552 4424
206 4814
1359 3602
1609 3342
861 4105
1156 3857
486 4500
1194 3795
866 4089
629 4295
196 4837
1580 3388
833 4116
544 4436
1946 2964
1152 3875
338 4685
NIE
1624 3299
708 4237
1080 3960
1288 3673
378 4652
2272 2611
115 4924
1690 3180
2174 2737
181 4851
82 4943
1923 3001
1428 3499
384 4633
1854 3054
377 4655
2216 2699
303 4721
1242 3739
275 4747
1232 3767
1817 3061
638 4290
1167 3856
988 4007
1711 3150
1416 3521
NIE
NIE
1474 3437
2197 2712
1789 3118
1944 2959
796 4159
164 4876
NIE
621 4298
496 4500
1822 3061
NIE
917 4080
1663 3272
2055 2859
NIE
2267 2622
1476 3444
3 5000
1573 3399
1519 3416
1466 3453
2061 2856
310 4719
891 4087
NIE
1193 3804
1613 3347
1756 3128
179 4870
1341 3624
1437 3484
1896 3042
1133 3900
798 4136
923 4066
1640 3292
1228 3771
1075 3966
NIE
1427 3501
NIE
NIE
2067 2820
1355 3608
1772 3121
2230 2678
1219 3791
836 4117
1971 2936
332 4708
NIE
516 4459
2089 2776
NIE
1176 3830
2136 2759
881 4089
NIE
1010 3991
1284 3673
1397 3568
NIE
247 4778
2227 2678
562 4421
1395 3567
1427 3507
1503 3422
2158 2739
1074 3966
515 4475
1837 3059
758 4195
2310 2539
754 4190
136 4900
1638 3307
2202 2712
1228 3767
1198 3797
2246 2648
878 4089
1429 3496
1425 3509
580 4389
178 4875
1172 3839
1679 3198
2352 2471
1869 3045
67 4970
1355 3617
1636 3324
528 4452
618 4321
1926 2997
1663 3272
2298 2573
1029 3984
902 4083
421 4583
1264 3701
333 4708
1418 3521
1178 3812
1323 3631
1767 3121
376 4656
580 4388
69 4959
1284 3680
NIE
1201 3793
288 4723
1589 3365
1500 3423
194 4839
NIE
766 4173
149 4888
1399 3537
1128 3935
1242 3753
581 4374
1360 3613
2089 2800
88 4924
571 4401
1467 3446
815 4121
1686 3197
2128 2766
2309 2553
1733 3134
1153 3858
553 4427
170 4876
480 4509
1178 3823
1000 4003
288 4726
NIE
606 4332
1683 3210
21 4992
1942 2971
764 4181
448 4550
1971 2936
1305 3655
804 4132
956 4020
NIE
2276 2615
1288 3664
1070 3964
1441 3488
1619 3321
1360 3610
497 4488
2184 2719
614 4339
206 4812
2068 2820
2121 2766
1119 3940
206 4809
NIE
1299 3670
1133 3897
571 4409
1796 3100
1345 3625
1429 3496
575 4396
1133 3898
964 4020
1133 3894
1756 3121
NIE
NIE
2317 2533
676 4269
2305 2560
1678 3227
2226 2692
939 4060
694 4255
914 4077
NIE
1433 3487
627 4297
209 4800
1396 3568
NIE
2070 2818
2202 2712
255 4765
2166 2727
1104 3955
1592 3353
330 4701
440 4563
NIE
1486 3435
744 4208
1328 3625
2195 2719
2085 2806
182 4844
1923 2979
2290 2588
86 4931
204 4825
2194 2719
2005 2895
NIE
195 4839
NIE
606 4340
NIE
999 4006
1516 3416
2352 2473
NIE
1576 3386
2024 2870
1868 3046
1565 3397
1282 3674
490 4486
206 4806
1812 3072
644 4283
437 4560
409 4606
1665 3265
1490 3430
2310 2547
1332 3626
1408 3524
1812 3075
679 4263
1704 3158
2261 2632
460 4536
809 4132
1986 2932
387 4623
851 4112
2330 2526
NIE
2065 2838
1427 3501
NIE
1710 3149
71 4947
1622 3324
1212 3791
1369 3597
461 4529
1421 3524
1789 3106
2021 2870
1812 3072
1973 2933
NIE
563 4414
1095 3960
NIE
2125 2766
31 4984
1463 3464
411 4607
1506 3422
1310 3651
584 4374
NIE
378 4655
700 4244
488 4486
288 4733
830 4117
2293 2582
1449 3482
929 4060
1152 3869
1271 3688
2267 2625
2041 2861
204 4825
315 4717
535 4444
2242 2668
NIE
NIE
1767 3121
159 4891
733 4219
NIE
NIE
NIE
2320 2526
1483 3444
580 4387
1421 3520
NIE
926 4044
1117 3944
NIE
1882 3044
1784 3111
483 4506
NIE
1194 3798
1671 3242
449 4542
NIE
513 4475
301 4729
2137 2750
449 4542
813 4128
260 4754
259 4756
982 4012
NIE
1757 3121
843 4113
936 4060
1421 3520
381 4638
1146 3886
1352 3625
1611 3342
1428 3499
343 4681
1683 3208
2089 2793
1638 3298
1910 3021
1103 3958
506 4484
2113 2763
1129 3924
1923 3007
1379 3575
1745 3134
1518 3411
1638 3309
1780 3112
729 4228
2304 2569
2335 2503
725 4233
2293 2568
411 4603
920 4067
1665 3272
1475 3437
2065 2838
627 4300
1614 3347
255 4763
1701 3168
754 4192
1425 3517
2293 2587
2217 2701
1130 3892
1034 3978
1212 3791
2357 2465
1719 3144
887 4087
1084 3960
732 4229
1990 2907
NIE
1995 2910
1217 3771
1411 3521
330 4712
1130 3919
1360 3608
1293 3673
975 4008
1986 2923
NIE
2337 2499
547 4433
1588 3375
92 4924
2355 2469
1576 3385
2062 2851
236 4794
559 4427
1425 3505
NIE
1900 3029
5 5000
1425 3513
1364 3597
1495 3427
2051 2856
2121 2750
1981 2933
1619 3304
2255 2636
1567 3393
NIE
734 4216
1616 3339
701 4243
2317 2539
461 4537
1925 3002
1900 3028
NIE
1365 3597
2185 2714
1277 3680
1673 3227
2136 2756
417 4604
1323 3635
2089 2778
687 4259
NIE
2332 2520
2320 2536
75 4947
850 4110
1268 3684
1321 3642
NIE
477 4514
381 4643
1355 3623
NIE
2154 2744
1463 3462
779 4165
1341 3625
2390 2423
679 4262
1531 3410
1413 3521
2317 2542
1242 3739
361 4667
2084 2810
77 4953
1754 3131
1318 3653
215 4799
182 4868
488 4500
628 4295
229 4790
NIE
564 4418
42 4989
498 4475
1587 3376
1593 3347
708 4242
2285 2610
2197 2714
2290 2586
2310 2544
1421 3521
833 4115
202 4826
NIE
352 4670
614 4332
1133 3902
1492 3429
532 4447
NIE
2072 2810
2341 2499
2344 2495
1425 3514
733 4220
2309 2554
1809 3073
1462 3461
547 4431
1780 3117
1638 3323
851 4105
2065 2841
2341 2503
2157 2727
709 4233
177 4873
2016 2884
NIE
2203 2707
1425 3521
1659 3282
122 4910
1366 3596
1242 3756
676 4269
2237 2680
NIE
1926 2980
343 4674
2183 2717
1130 3909
NIE
2112 2768
2255 2637
744 4203
2016 2891
1178 3811
1960 2939
155 4888
518 4461
638 4292
726 4230
177 4871
110 4924
474 4514
606 4334
493 4486
73 4953
857 4112
275 4747
1243 3730
85 4943
130 4904
179 4869
1080 3964
550 4430
2121 2766
1178 3811
67 4970
37 4984
924 4063
1393 3574
2226 2691
120 4914
1238 3767
56 4977
2344 2499
2092 2778
2253 2642
2245 2645
202 4807
NIE
555 4427
114 4921
338 4683
1273 3681
982 4008
563 4416
1128 3932
2062 2847
567 4407
NIE
1886 3043
941 4046
NIE
490 4500
1686 3171
2142 2750
1395 3567
2010 2891
1926 2995
NIE
468 4514
1690 3194
2359 2465
1422 3521
1491 3429
2310 2546
1137 3887
807 4122
2137 2746
1096 3960
1105 3954
280 4733
1398 3565
1638 3323
1296 3673
2087 2797
1923 2987
NIE
1702 3169
78 4953
2226 2686
660 4269
1246 3717
1707 3153
926 4065
527 4452
972 4010
NIE
2287 2606
461 4535
2141 2746
341 4682
1914 3014
2090 2775
1483 3436
483 4508
2002 2896
182 4860
1562 3402
1243 3734
1447 3485
182 4852
1251 3707
NIE
1539 3406
109 4921
2246 2641
1068 3964
NIE
1106 3954
1356 3624
2239 2675
1467 3446
163 4878
1556 3402
NIE
424 4575
82 4944
77 4947
288 4733
280 4736
NIE
367 4667
1923 2994
1646 3284
2071 2817
NIE
710 4233
1980 2920
1730 3134
2202 2712
506 4467
1671 3254
506 4467
639 4283
764 4184
372 4661
NIE
1562 3402
380 4643
773 4169
461 4537
182 4857
NIE
359 4667
1445 3484
42 4982
1030 3978
1272 3680
363 4662
1527 3416
1288 3669
NIE
2092 2778
764 4181
1271 3682
1269 3688
497 4499
2239 2672
810 4132
1988 2918
1494 3428
1590 3370
1245 3725
2249 2640
1980 2932
1719 3144
188 4842
2217 2695
861 4093
768 4169
563 4411
1116 3946
677 4269
619 4312
1652 3284
1895 3043
427 4574
231 4794
708 4235
506 4469
1471 3437
2242 2649
613 4325
642 4282
99 4921
1645 3287
2164 2727
338 4683
1434 3484
69 4953
NIE
509 4462
1882 3044
861 4093
NIE
1425 3508
202 4836
NIE
698 4244
787 4165
299 4729
1057 3966
2087 2798
1239 3754
1399 3530
1323 3638
645 4273
2065 2836
1285 3673
1172 3844
170 4878
348 4677
967 4017
524 4457
729 4218
780 4164
2378 2446
486 4502
1366 3594
928 4039
779 4169
1483 3443
1202 3782
2378 2446
2089 2801
1271 3684
924 4065
2016 2879
756 4188
1375 3587
396 4607
1299 3657
NIE
64 4960
2253 2644
1617 3327
1152 3876
NIE
1256 3707
2131 2766
1388 3578
1640 3289
2217 2696
2067 2824
1914 3018
521 4457
NIE
1896 3042
738 4209
1548 3403
388 4614
1765 3128
111 4924
1318 3645
1266 3692
NIE
161 4880
1918 3009
2021 2870
630 4295
850 4113
2156 2733
2193 2714
551 4427
1953 2944
1515 3417
2374 2457
621 4301
1724 3138
708 4240
NIE
207 4804
2091 2792
2293 2575
NIE
1592 3359
417 4605
33 4984
537 4444
1399 3558
1321 3644
639 4288
255 4770
1177 3822
2222 2696
1253 3707
1190 3821
2088 2792
726 4241
270 4747
339 4682
1812 3091
2170 2739
93 4927
NIE
1679 3203
1827 3060
2080 2812
2086 2808
647 4279
390 4624
2193 2719
1151 3872
2226 2679
2065 2844
694 4249
1377 3575
2217 2701
483 4502
2143 2744
1194 3800
2025 2868
393 4612
1178 3812
744 4202
182 4852
NIE
1663 3274
2008 2896
448 4543
1663 3266
NIE
2005 2901
1399 3544
2378 2443
1683 3219
649 4279
1333 3625
1362 3602
348 4676
2242 2665
1464 3454
97 4921
926 4040
1272 3681
1905 3024
1876 3044
216 4800
1204 3791
NIE
2092 2786
NIE
1681 3197
2242 2672
810 4132
2212 2704
2136 2750
533 4443
1427 3506
1698 3168
1239 3743
639 4285
1884 3043
796 4157
2290 2575
1851 3052
77 4953
63 4976
749 4206
1663 3267
606 4336
76 4953
207 4800
461 4529
727 4233
1690 3187
2089 2794
2330 2520
1667 3255
850 4112
2020 2888
842 4113
507 4462
1306 3656
627 4302
1129 3928
1128 3938
380 4639
1849 3059
2244 2648
1825 3071
625 4303
483 4503
778 4165
1679 3220
NIE
230 4794
1498 3427
2307 2559
708 4242
246 4778
15 4994
527 4454
660 4269
223 4794
1500 3426
NIE
NIE
1423 3515
1388 3576
482 4505
1048 3966
NIE
731 4229
2062 2855
669 4269
2059 2854
687 4260
789 4160
1473 3444
516 4465
206 4802
1874 3044
729 4219
1246 3722
619 4319
360 4667
1219 3771
2351 2476
249 4782
1665 3270
202 4834
497 4497
NIE
593 4347
459 4543
1034 3978
338 4691
572 4394
NIE
1937 2969
789 4149
751 4196
1979 2936
1766 3125
398 4606
2380 2447
1402 3529
1345 3625
288 4732
NIE
1606 3347
237 4790
2068 2819
2067 2821
1226 3767
303 4728
NIE
NIE
2384 2447
NIE
1388 3583
2317 2529
688 4258
879 4087
519 4457
908 4083
2112 2769
1130 3912
1683 3180
1863 3046
582 4363
2261 2636
206 4811
2307 2559
1624 3324
821 4120
2290 2585
101 4924
1914 3018
2306 2560
NIE
572 4409
129 4907
2105 2774
229 4794
1576 3385
2137 2746
460 4541
1282 3675
2113 2758
638 4290
2366 2465
2036 2864
1140 3884
833 4114
2293 2576
2239 2656
44 4981
974 4008
1068 3966
2138 2750
1789 3106
861 4105
2082 2808
1225 3784
2223 2693
NIE
563 4411
2050 2860
2136 2757
461 4531
2083 2810
299 4729
798 4135
1289 3673
734 4217
2104 2774
1024 3983
947 4030
976 4008
206 4813
1355 3613
932 4039
1980 2929
23 4994
1512 3422
1850 3052
1999 2905
1779 3121
402 4606
119 4921
1039 3977
1930 2971
695 4256
645 4281
692 4258
486 4488
417 4596
1508 3418
2282 2610
129 4902
2217 2698
1941 2971
161 4880
106 4924
787 4165
614 4326
NIE
1542 3403
1323 3637
486 4490
1465 3448
239 4783
1663 3271
527 4448
NIE
255 4772
NIE
2242 2667
2269 2618
109 4924
2071 2812
373 4659
1755 3122
377 4652
758 4195
2227 2678
584 4377
1405 3524
1313 3647
454 4546
1750 3129
581 4386
2127 2766
1663 3270
430 4567
NIE
NIE
456 4542
1755 3129
1419 3524
1202 3788
338 4689
1400 3560
NIE
1130 3894
1638 3316
406 4606
789 4154
942 4039
2378 2442
619 4316
580 4386
348 4673
NIE
671 4270
1360 3621
NIE
1523 3411
338 4686
816 4120
1690 3194
1817 3061
1191 3821
1410 3524
1123 3940
1805 3077
1663 3281
645 4271
NIE
502 4486
1812 3063
758 4190
1117 3944
789 4159
428 4571
1906 3020
2164 2739
1111 3950
281 4734
181 4852
540 4440
629 4294
1022 3985
1153 3870
892 4087
1427 3515
2208 2704
419 4592
516 4461
109 4924
1003 4000
1966 2934
1678 3246
2351 2477
971 4014
335 4697
1759 3128
2332 2515
727 4233
1369 3586
434 4571
2302 2573
1875 3045
1244 3730
194 4837
NIE
693 4258
NIE
1193 3809
709 4243
342 4687
1446 3488
1630 3324
1117 3942
159 4893
2239 2654
68 4953
NIE
2366 2465
338 4685
2386 2430
952 4024
NIE
1669 3253
411 4607
567 4408
1702 3170
2378 2435
493 4486
42 4986
849 4112
638 4288
2080 2809
310 4718
2132 2766
NIE
417 4601
NIE
2174 2739
1321 3642
387 4632
2239 2662
348 4679
1702 3167
876 4093
694 4245
1559 3401
662 4279
380 4643
1038 3974
734 4215
377 4658
2201 2711
860 4111
2269 2629
181 4863
1668 3258
1126 3941
2306 2559
1912 3020
1355 3610
733 4225
155 4888
506 4478
1283 3673
2011 2891
581 4384
1926 3000
1671 3256
NIE
796 4154
2283 2609
2293 2571
881 4087
1593 3347
259 4753
1345 3624
206 4809
1198 3799
1931 2971
1448 3484
2156 2738
2031 2867
708 4242
93 4924
1877 3044
1153 3858
1492 3429
510 4462
509 4462
995 4006
1617 3335
1490 3430
852 4105
2330 2520
359 4664
448 4551
9 4998
2001 2898
2330 2518
85 4932
NIE
1683 3193
2113 2753
1035 3984
381 4641
NIE
NIE
330 4706
871 4089
1596 3348
2001 2906
122 4921
1225 3783
309 4719
437 4554
161 4884
1193 3820
1678 3250
417 4604
1923 3005
228 4790
2243 2648
1005 3992
805 4133
1671 3256
1128 3937
1495 3427
1421 3518
175 4878
941 4054
1250 3702
286 4729
2349 2487
962 4024
1059 3966
335 4707
621 4299
651 4279
861 4096
1737 3134
NIE
NIE
2092 2779
1271 3682
477 4511
2287 2607
1179 3821
1387 3575
1540 3403
1780 3112
382 4638
1489 3429
1152 3877
1133 3897
NIE
NIE
2381 2447
1162 3856
1519 3411
145 4888
2287 2592
NIE
174 4876
2239 2656
527 4448
1417 3524
2287 2590
1421 3520
2310 2539
721 4233
748 4207
1910 3019
924 4062
NIE
255 4770
1165 3856
NIE
1641 3293
86 4936
1587 3376
1034 3984
671 4269
159 4891
2332 2509
1532 3411
273 4742
1944 2951
1503 3422
1640 3294
547 4434
1393 3574
1035 3984
606 4328
1760 3128
799 4134
1399 3542
275 4742
658 4269
NIE
2317 2528
1178 3816
903 4083
1805 3093
2295 2573
1126 3940
2293 2585
512 4475
591 4354
1507 3422
343 4674
2385 2434
2251 2640
754 4195
141 4894
1671 3230
NIE
152 4888
1238 3767
1617 3326
2008 2893
1995 2913
68 4953
94 4924
202 4815
1591 3355
620 4303
1359 3624
2083 2810
1586 3377
1465 3450
1995 2907
NIE
2092 2778
899 4083
1832 3059
257 4755
750 4197
NIE
1134 3887
NIE
497 4479
584 4380
2317 2538
1500 3421
468 4529
1130 3902
1147 3883
832 4117
NIE
299 4722
NIE
2092 2775
99 4921
264 4754
2050 2858
1918 3003
1173 3836
461 4521
1129 3929
NIE
2177 2722
169 4876
1989 2917
1375 3597
1292 3673
1402 3525
1847 3059
1770 3121
1591 3360
27 4984
1375 3583
1805 3081
861 4105
764 4179
417 4606
1115 3943
2092 2780
1717 3141
1648 3282
2226 2681
1762 3121
1798 3095
1400 3534
1632 3324
1794 3095
1064 3966
1139 3887
32 4994
1702 3170
1926 2996
2228 2682
1004 3999
1803 3092
1771 3121
2074 2810
181 4851
754 4189
1042 3973
2203 2712
2080 2810
1288 3672
1168 3850
1006 3997
1889 3043
2143 2744
1157 3858
516 4469
1346 3624
451 4542
1910 3021
1156 3858
1964 2939
1299 3671
114 4921
1189 3821
181 4854
870 4093
NIE
NIE
181 4849
1489 3429
2370 2459
909 4085
394 4614
1264 3697
550 4432
789 4162
1742 3134
1790 3107
71 4953
928 4039
177 4878
1427 3491
2140 2746
2272 2613
640 4286
841 4113
NIE
2239 2662
1078 3963
2003 2896
440 4556
572 4400
382 4637
766 4177
1972 2936
287 4729
1896 3037
1565 3396
461 4536
1790 3108
132 4904
NIE
275 4742
733 4216
941 4056
561 4424
1766 3123
270 4751
NIE
2079 2810
1426 3515
NIE
583 4363
621 4301
2326 2524
1037 3981
1245 3720
1946 2955
332 4697
2008 2893
1542 3402
1019 3990
181 4867
1648 3282
1514 3422
1882 3043
2156 2730
476 4514
1026 3984
2339 2506
NIE
860 4104
2022 2874
NIE
1829 3057
522 4457
178 4873
687 4259
1061 3964
NIE
378 4653
2200 2711
NIE
688 4259
NIE
NIE
1946 2967
906 4083
1515 3416
NIE
480 4508
608 4342
567 4409
884 4087
2005 2900
2309 2556
NIE
1711 3146
381 4639
1126 3940
1202 3791
NIE
2165 2727
767 4175
2232 2682
1133 3909
1561 3401
NIE
2022 2872
2304 2573
2203 2711
NIE
1591 3359
2317 2533
418 4599
1705 3162
1901 3020
NIE
2345 2493
1006 3992
2174 2738
426 4575
1360 3608
330 4707
1093 3964
941 4047
2349 2487
1151 3876
2380 2434
335 4705
1926 2990
644 4285
11 4998
1194 3803
1676 3227
NIE
NIE
323 4712
2166 2727
2089 2792
197 4828
1934 2975
1789 3103
2001 2898
1360 3609
NIE
800 4132
805 4132
2099 2775
749 4205
2042 2861
1367 3597
938 4060
468 4521
1914 3016
2211 2704
1640 3296
1847 3059
396 4607
1152 3859
1914 3011
NIE
2022 2872
2163 2739
1305 3655
780 4166
1690 3191
1376 3586
1351 3625
969 4017
539 4442
1740 3134
NIE
2080 2813
839 4113
1576 3394
2089 2781
1399 3538
2103 2774
1299 3657
1910 3023
1702 3165
232 4794
403 4606
1936 2971
1870 3045
182 4855
624 4303
793 4161
793 4161
2008 2895
NIE
435 4568
1151 3873
1675 3227
1954 2940
2139 2750
988 4007
417 4598
555 4427
1667 3254
671 4272
NIE
1879 3045
359 4665
478 4509
506 4481
2199 2712
2108 2772
202 4824
562 4424
1604 3342
1667 3258
1054 3964
1700 3168
1201 3791
NIE
1641 3288
2065 2838
506 4478
4 4998
1178 3820
525 4453
191 4841
2005 2896
NIE
1896 3042
1242 3732
497 4485
2022 2868
2020 2881
2378 2448
303 4721
1663 3273
1366 3598
878 4089
2349 2487
2089 2790
160 4885
1586 3379
2028 2865
948 4024
248 4782
1285 3680
1683 3195
2216 2707
2201 2711
1918 3007
1412 3524
1819 3073
NIE
1193 3809
64 4958
749 4201
1133 3913
1802 3100
775 4169
542 4436
594 4346
1528 3411
163 4877
214 4804
1032 3978
663 4279
2092 2783
NIE
1307 3656
1573 3393
1755 3124
1209 3791
679 4267
1390 3568
2340 2499
645 4278
239 4785
1647 3284
449 4542
NIE
614 4332
1617 3335
1588 3376
379 4646
NIE
1383 3586
1375 3593
1196 3803
744 4209
1896 3032
1944 2952
1619 3331
486 4493
1829 3060
2058 2854
1245 3722
104 4924
1246 3723
923 4066
1167 3849
377 4650
266 4754
NIE
790 4161
1888 3043
1995 2916
1687 3197
1836 3052
1239 3765
1900 3026
1599 3348
1591 3351
1128 3941
726 4241
2188 2714
1182 3821
1825 3061
611 4342
2065 2840
181 4856
89 4928
1130 3898
1516 3416
335 4701
506 4472
621 4310
1783 3120
365 4667
2104 2769
280 4734
1690 3173
2226 2679
280 4736
1361 3600
581 4379
1900 3028
427 4572
NIE
1321 3630
1874 3044
2005 2905
479 4508
528 4452
623 4303
961 4024
303 4727
1560 3402
NIE
1177 3822
661 4269
280 4734
1003 4003
2014 2890
1536 3406
1080 3960
110 4924
2386 2441
411 4601
665 4269
1617 3328
420 4579
2141 2746
1400 3542
437 4565
572 4403
2239 2673
NIE
1245 3718
2325 2533
1450 3481
199 4837
1925 3002
1671 3247
966 4017
2293 2568
2341 2500
1475 3444
929 4039
NIE
206 4801
1839 3059
NIE
941 4049
947 4029
1598 3348
2216 2705
1287 3673
1590 3369
2330 2525
2214 2704
742 4209
NIE
1427 3515
1900 3027
504 4475
2242 2655
1683 3211
620 4310
1103 3957
1623 3324
1825 3067
1467 3451
590 4361
1129 3914
NIE
NIE
1055 3964
1242 3737
627 4296
567 4415
1197 3793
2243 2648
613 4342
2322 2526
744 4201
NIE
2106 2769
2272 2613
1135 3891
1555 3402
1576 3397
1609 3347
1636 3324
550 4427
1113 3948
2341 2500
380 4641
343 4679
85 4932
1180 3808
1671 3229
2161 2739
207 4800
2022 2874
335 4693
NIE
1727 3134
1591 3352
1416 3521
NIE
1896 3031
181 4859
NIE
88 4924
2247 2640
789 4159
124 4913
1941 2971
163 4879
962 4020
560 4427
1938 2971
129 4906
2386 2438
2242 2667
937 4060
2332 2516
2325 2528
1483 3439
NIE
1128 3932
255 4764
1915 3010
1525 3411
2016 2890
NIE
1239 3756
1360 3611
1160 3858
206 4802
1128 3939
581 4380
122 4906
599 4350
926 4054
NIE
1180 3821
760 4187
1619 3302
1553 3402
1952 2944
2386 2432
555 4427
1812 3089
2377 2447
NIE
335 4708
1812 3066
NIE
1561 3401
1592 3354
1133 3897
1541 3404
1117 3943
2337 2506
606 4333
1143 3883
1175 3828
2222 2695
1975 2936
1605 3342
377 4657
153 4888
1443 3484
696 4243
789 4160
1638 3311
2092 2784
1795 3100
338 4694
709 4243
835 4113
330 4705
1047 3969
2378 2450
NIE
1156 3867
NIE
1376 3586
1172 3840
1589 3364
518 4462
NIE
197 4837
1335 3625
2381 2447
1102 3960
2176 2727
1161 3858
344 4670
1692 3171
NIE
942 4039
1617 3335
1478 3444
1896 3041
NIE
670 4279
1117 3941
1527 3416
1250 3707
2020 2881
2089 2782
1307 3655
598 4350
2072 2810
1341 3625
1968 2933
2099 2773
273 4739
666 4269
756 4195
528 4451
247 4778
674 4269
1615 3342
221 4796
1980 2935
1355 3607
1591 3350
NIE
618 4312
1152 3863
562 4422
1986 2925
188 4841
2196 2718
2212 2711
1134 3887
809 4121
1297 3656
2079 2810
NIE
988 4008
461 4530
287 4729
137 4894
2022 2876
NIE
1980 2927
2034 2867
259 4757
NIE
2302 2573
716 4233
742 4211
1467 3439
671 4274
324 4717
411 4602
2008 2895
NIE
770 4168
694 4258
723 4233
358 4669
1156 3864
NIE
2286 2609
1956 2942
563 4420
627 4302
1156 3858
713 4233
1368 3586
1805 3078
1250 3704
1702 3170
941 4054
798 4139
772 4165
44 4984
796 4149
845 4114
NIE
1288 3678
1820 3061
1173 3836
2212 2704
1884 3033
1767 3120
1774 3120
2058 2854
2294 2567
2239 2668
NIE
2370 2465
932 4039
2267 2629
1721 3139
NIE
411 4602
NIE
1344 3625
1375 3585
1591 3361
713 4233
2330 2511
387 4618
1898 3031
256 4777
1400 3529
2174 2739
1288 3658
NIE
1812 3072
2293 2574
1402 3529
543 4436
1591 3352
380 4642
2066 2833
448 4548
2156 2732
1449 3484
255 4761
2267 2633
1419 3524
1415 3524
2089 2789
257 4770
1638 3317
82 4946
467 4532
37 4994
1202 3784
2276 2613
1022 3988
593 4349
240 4782
NIE
1133 3904
1388 3573
1870 3045
2108 2770
959 4024
764 4183
1496 3428
2087 2794
1576 3387
628 4294
43 4984
1225 3773
1357 3624
NIE
2366 2459
1812 3077
1762 3128
1395 3567
335 4698
1445 3484
1869 3045
1678 3237
1270 3681
2066 2828
1944 2958
2196 2715
1926 2996
21 4995
NIE
1900 3027
227 4793
695 4251
364 4662
1819 3073
NIE
1548 3403
191 4841
1646 3282
1234 3767
1467 3443
NIE
1477 3444
257 4756
960 4020
1024 3985
227 4795
367 4662
364 4667
1360 3611
417 4589
2030 2865
303 4721
2317 2542
389 4627
2092 2784
1366 3595
2294 2567
1140 3891
1619 3310
2390 2423
567 4411
1591 3359
694 4257
1178 3811
486 4499
847 4113
NIE
919 4074
2242 2669
1242 3758
NIE
2325 2525
NIE
NIE
866 4093
1042 3974
NIE
972 4012
1612 3342
1029 3984
1619 3323
695 4252
1075 3964
1047 3969
813 4124
694 4247
2099 2771
694 4252
2054 2856
1318 3653
693 4258
2341 2504
NIE
1177 3822
581 4372
669 4279
1710 3150
588 4361
1339 3625
1565 3397
1576 3384
1529 3411
1459 3467
1590 3367
1242 3757
2067 2823
178 4872
1378 3586
120 4914
1490 3429
2091 2775
1457 3474
NIE
700 4244
2224 2683
842 4117
1665 3259
1912 3015
1780 3116
782 4165
292 4722
2239 2659
239 4787
484 4504
468 4526
1115 3945
919 4070
NIE
1400 3530
NIE
1585 3382
48 4978
1588 3372
119 4921
1852 3059
377 4651
1926 2997
1728 3137
1463 3460
2267 2620
808 4121
1178 3821
796 4151
836 4113
2089 2780
584 4371
1425 3509
844 4117
82 4944
310 4719
1388 3575
113 4921
120 4920
1835 3059
813 4130
798 4144
NIE
1965 2938
342 4682
1167 3854
2015 2891
2133 2766
1410 3524
638 4288
1983 2933
359 4667
754 4192
1467 3452
2325 2535
NIE
807 4132
253 4778
688 4259
1375 3586
807 4123
NIE
2216 2709
NIE
983 4008
2019 2890
377 4650
2082 2810
2339 2506
210 4800
1039 3976
265 4751
748 4199
1244 3727
1965 2938
1339 3624
2092 2782
1576 3387
533 4442
1130 3900
1953 2941
93 4922
1201 3791
319 4716
1319 3647
581 4376
NIE
1866 3046
1128 3939
783 4165
796 4147
1640 3290
926 4061
86 4929
1679 3198
1620 3299
1829 3057
1793 3100
1288 3666
1288 3671
2254 2639
NIE
1758 3121
91 4924
832 4120
1323 3627
1663 3272
516 4468
NIE
1930 2971
1360 3603
2154 2743
2267 2625
2269 2620
2206 2704
621 4299
437 4554
2288 2599
2261 2634
1254 3701
178 4876
618 4316
461 4529
1321 3646
468 4522
2376 2455
NIE
NIE
1294 3673
1536 3409
1400 3537
1147 3883
1167 3850
260 4751
948 4031
1690 3187
1323 3632
181 4853
NIE
1044 3974
2327 2524
910 4082
257 4774
1679 3227
733 4228
11 4994
2068 2815
926 4055
2047 2861
1917 3009
2376 2448
NIE
2287 2593
440 4555
813 4126
343 4678
NIE
1129 3939
NIE
1425 3500
2321 2526
1135 3887
2287 2609
1103 3962
1610 3342
788 4162
348 4675
NIE
694 4254
NIE
729 4220
137 4894
1047 3970
1242 3742
1578 3393
1490 3430
1003 3999
1234 3767
NIE
113 4921
676 4269
2130 2766
2287 2607
64 4960
2298 2567
671 4279
606 4326
NIE
1995 2917
813 4127
990 4007
1914 3011
1671 3258
343 4680
42 4992
350 4670
862 4089
591 4355
563 4413
1805 3095
723 4243
1565 3398
1678 3236
1478 3444
NIE
798 4140
64 4965
567 4411
1735 3134
NIE
925 4066
2202 2712
1665 3273
756 4188
NIE
1555 3402
1225 3786
202 4819
1129 3927
750 4199
751 4196
2287 2600
2378 2437
NIE
2340 2506
14 4994
575 4395
796 4159
380 4643
1397 3568
2332 2507
822 4118
3 5000
1619 3318
2065 2850
2267 2633
2170 2739
2332 2510
NIE
1494 3428
1884 3039
1109 3950
1269 3681
1149 3881
1586 3380
1341 3624
232 4790
348 4680
1743 3134
1557 3402
824 4117
109 4921
920 4072
338 4694
NIE
831 4117
575 4401
639 4286
1393 3574
663 4269
1785 3120
1319 3640
1730 3134
2035 2862
NIE
1399 3559
1387 3575
2376 2451
810 4132
1531 3413
1465 3450
280 4733
2309 2552
NIE
1157 3856
1461 3473
893 4083
1602 3348
1547 3402
2369 2465
208 4804
2099 2775
2242 2668
855 4112
1 5000
2306 2560
1926 2978
342 4688
552 4424
895 4087
1257 3701
NIE
1934 2972
574 4393
1683 3205
2174 2723
1683 3181
627 4301
2149 2746
2276 2615
1923 3001
689 4258
134 4900
1804 3095
744 4202
1015 3990
367 4662
1884 3034
172 4878
1632 3299
1832 3052
110 4921
802 4132
1661 3273
1225 3787
1115 3943
1564 3400
206 4816
1638 3305
1827 3061
810 4121
NIE
1998 2905
348 4670
287 4734
1282 3675
90 4928
2239 2674
1671 3257
NIE
2068 2815
638 4293
259 4752
1941 2969
2224 2688
1256 3698
502 4475
2293 2568
214 4804
415 4606
1506 3418
1790 3110
255 4775
NIE
527 4452
1678 3252
693 4259
1809 3091
2098 2775
2066 2822
1246 3726
506 4468
2269 2624
793 4144
584 4381
129 4905
1805 3076
926 4054
2085 2808
567 4415
468 4514
1709 3151
986 4007
982 4013
749 4203
749 4205
1949 2948
1035 3978
619 4320
1915 3013
1652 3284
1896 3034
1292 3673
2120 2766
1536 3406
1570 3393
877 4089
NIE
948 4024
67 4953
2109 2769
2386 2437
332 4697
1953 2944
313 4717
1177 3830
1812 3087
1856 3048
2290 2574
1477 3444
2174 2732
NIE
317 4717
697 4243
552 4424
789 4155
1236 3759
2253 2639
2044 2859
2086 2808
1703 3158
754 4191
1107 3954
93 4923
468 4523
177 4875
1884 3035
1130 3918
206 4810
411 4607
1396 3568
2065 2842
NIE
1437 3488
1135 3887
NIE
181 4863
492 4486
1538 3403
2217 2695
1687 3171
764 4175
2293 2588
1737 3134
1705 3168
NIE
151 4894
509 4462
2389 2430
2389 2432
2332 2524
1699 3168
749 4205
997 4007
1576 3384
978 4008
1384 3586
1047 3971
1780 3121
1323 3637
1184 3821
736 4213
962 4021
772 4169
NIE
1789 3120
460 4539
2317 2531
NIE
2233 2678
2108 2771
1331 3625
571 4401
1483 3435
634 4293
2050 2860
1193 3820
1076 3966
2295 2573
1181 3821
521 4453
1702 3170
NIE
1063 3966
286 4734
1726 3134
2239 2674
1398 3563
359 4668
1133 3899
NIE
1249 3715
2071 2811
471 4514
2265 2629
1600 3348
NIE
303 4724
1030 3984
2092 2777
2257 2636
206 4824
1035 3978
NIE
1427 3512
1399 3530
1679 3209
182 4869
2182 2719
1589 3364
1573 3393
288 4730
879 4087
1717 3141
1562 3401
910 4083
1128 3927
848 4112
NIE
1193 3814
2188 2719
2040 2859
2136 2748
1355 3619
88 4924
1985 2933
NIE
181 4861
2009 2891
734 4217
2013 2891
1355 3610
1204 3791
103 4921
1485 3437
193 4841
1712 3150
750 4198
575 4395
1024 3984
2068 2815
1881 3045
1519 3416
527 4455
686 4261
149 4888
1192 3808
1525 3416
714 4233
1268 3687
263 4754
483 4501
390 4622
NIE
1583 3380
694 4254
1679 3209
1318 3642
596 4346
770 4166
2287 2589
2347 2490
2344 2492
1098 3960
46 4980
942 4033
986 4008
1531 3414
1427 3492
1779 3120
99 4921
584 4379
733 4227
1363 3602
860 4099
1671 3235
1702 3171
2267 2624
759 4182
27 4984
1138 3887
760 4187
258 4754
1242 3742
486 4500
1576 3384
2174 2733
1926 2993
445 4546
NIE
288 4726
330 4709
NIE
2368 2465
1134 3891
86 4932
414 4599
2293 2570
1355 3603
1592 3351
1194 3800
1678 3237
2382 2434
2145 2746
122 4915
848 4112
1399 3537
2069 2818
674 4269
1922 3002
1836 3059
1543 3403
NIE
1826 3060
343 4678
488 4500
478 4509
2243 2650
NIE
1193 3821
2323 2526
NIE
1235 3761
2355 2466
NIE
NIE
2222 2698
594 4346
1926 2979
1167 3856
1934 2974
645 4271
NIE
1923 2988
NIE
249 4778
365 4667
1092 3960
2062 2855
767 4177
529 4447
1000 4002
NIE
531 4447
NIE
461 4534
750 4197
593 4347
279 4734
1006 3996
2005 2893
2333 2506
726 4241
313 4718
2305 2564
947 4030
NIE
1615 3339
1300 3655
2088 2806
322 4712
789 4147
NIE
NIE
319 4716
NIE
NIE
397 4608
1268 3686
2220 2698
1402 3528
1549 3403
269 4747
1078 3963
1803 3095
410 4608
1705 3168
162 4878
1256 3704
1717 3149
874 4093
343 4672
1671 3243
1825 3061
868 4089
1119 3941
NIE
1073 3964
252 4778
902 4083
202 4814
292 4722
1931 2976
286 4729
465 4532
1979 2936
497 4486
122 4906
2091 2775
1497 3424
2065 2841
581 4377
594 4346
NIE
1862 3046
NIE
46 4984
1194 3801
NIE
1533 3411
NIE
1028 3984
1617 3336
1401 3529
NIE
56 4977
56 4978
7 4998
807 4132
33 4994
1174 3839
747 4199
550 4430
170 4878
1286 3673
741 4209
1870 3044
1516 3411
1144 3887
1576 3399
102 4924
733 4221
2356 2470
956 4024
390 4614
1805 3078
671 4273
639 4290
70 4947
331 4697
1923 2978
NIE
1113 3954
1143 3887
1437 3484
1236 3759
908 4087
1702 3165
979 4008
1449 3481
1495 3428
1839 3059
NIE
2289 2599
2239 2655
1310 3648
598 4346
1678 3235
NIE
1460 3473
330 4708
240 4786
1946 2967
273 4742
926 4053
NIE
1817 3073
1360 3612
796 4151
1644 3287
1908 3020
NIE
1671 3236
527 4449
1178 3816
684 4263
1474 3437
1779 3121
2174 2733
21 4988
799 4133
1249 3709
2097 2775
833 4116
591 4354
1427 3515
1886 3031
977 4008
199 4837
1529 3416
NIE
728 4233
1483 3433
2186 2714
729 4218
NIE
2310 2543
2305 2564
1128 3941
208 4800
1537 3409
58 4977
266 4754
767 4172
338 4696
1182 3821
1242 3749
2046 2861
507 4462
461 4515
1803 3100
1128 3938
1446 3484
1024 3984
1658 3273
1789 3108
NIE
600 4350
348 4671
427 4575
2349 2484
571 4401
911 4080
948 4024
NIE
1887 3043
642 4282
2378 2454
1749 3133
1976 2933
2330 2515
869 4093
2265 2629
2332 2518
1400 3557
177 4874
1128 3928
2330 2510
1943 2969
1349 3624
NIE
1337 3624
2140 2746
1596 3348
NIE
1380 3575
972 4013
2290 2575
1703 3168
1082 3960
312 4718
1205 3791
1841 3052
1425 3501
2336 2499
1923 2982
394 4611
587 4361
1399 3532
2371 2463
170 4876
821 4121
352 4670
2156 2741
744 4204
1465 3453
2062 2855
1589 3366
1400 3541
1589 3369
NIE
1085 3964
NIE
2347 2490
206 4820
2282 2609
807 4131
910 4078
2155 2741
134 4901
2174 2724
2206 2711
1093 3960
1141 3887
692 4258
1003 4003
120 4919
822 4120
1328 3626
1263 3701
789 4153
1242 3757
2309 2548
889 4089
956 4024
177 4877
NIE
83 4939
1966 2938
1128 3941
1896 3031
1679 3212
2330 2522
1617 3326
1641 3288
2286 2604
1459 3473
2215 2711
267 4752
679 4267
2064 2840
2176 2724
NIE
657 4269
375 4661
922 4069
1908 3024
687 4259
1982 2933
313 4718
2203 2712
NIE
1723 3138
2087 2805
482 4509
280 4736
NIE
621 4304
582 4381
1538 3403
1456 3476
2227 2678
789 4155
888 4087
1400 3539
2182 2720
257 4773
NIE
1453 3481
729 4219
873 4093
1133 3902
NIE
572 4398
1517 3416
581 4384
1696 3171
496 4500
1537 3409
767 4174
1065 3966
792 4161
390 4627
372 4664
NIE
1130 3892
860 4095
2201 2712
1480 3444
1215 3771
1307 3655
21 4996
1015 3990
1820 3061
1174 3840
2117 2750
1130 3897
1624 3299
1804 3095
134 4902
2090 2775
2396 2423
969 4017
2321 2526
572 4399
53 4977
497 4477
2043 2861
764 4183
1755 3128
NIE
2036 2861
161 4885
516 4470
NIE
NIE
1363 3599
571 4409
2283 2609
418 4585
2005 2901
627 4295
183 4846
79 4947
73 4953
1574 3393
1946 2965
917 4077
259 4755
1349 3625
1271 3688
NIE
1348 3625
1953 2946
2016 2888
1663 3282
2244 2648
2267 2634
1276 3681
584 4379
1618 3324
1401 3529
206 4805
1485 3432
1667 3261
NIE
1129 3914
581 4378
708 4235
948 4030
733 4217
NIE
1822 3073
1178 3810
2286 2605
1645 3286
NIE
1794 3100
124 4904
289 4729
218 4796
1156 3867
NIE
1776 3120
627 4296
2224 2690
506 4463
472 4514
2051 2856
2016 2880
790 4144
726 4234
1029 3978
743 4211
1964 2939
254 4777
920 4075
606 4331
567 4403
1381 3586
1318 3646
1580 3393
1408 3521
699 4243
297 4722
1283 3680
NIE
335 4705
627 4301
NIE
345 4670
593 4356
1175 3831
527 4448
NIE
2035 2862
338 4697
713 4243
2254 2640
2096 2775
NIE
614 4329
NIE
563 4417
1622 3299
1635 3299
544 4436
2269 2623
NIE
1370 3597
1235 3762
882 4087
492 4500
206 4819
1812 3065
516 4467
1235 3760
1500 3425
572 4407
1617 3331
1537 3409
627 4302
NIE
2386 2435
1425 3521
2162 2739
1537 3404
1471 3437
NIE
1369 3597
645 4278
18 4998
1702 3166
817 4121
807 4131
437 4567
2211 2704
1619 3332
NIE
2268 2618
45 4984
1239 3742
715 4243
757 4195
1193 3816
2293 2588
1059 3964
NIE
878 4091
1359 3624
1780 3117
NIE
2239 2675
1805 3091
2135 2766
1242 3741
1104 3956
1246 3714
NIE
1255 3701
2324 2536
679 4267
1500 3420
1174 3835
1271 3684
2065 2836
1321 3636
1085 3960
1250 3705
1335 3624
393 4614
1530 3416
134 4901
849 4112
2020 2871
1063 3964
229 4790
139 4894
1237 3759
1355 3624
1687 3197
85 4939
1107 3950
1042 3974
1640 3292
754 4195
1979 2936
267 4748
1713 3146
1997 2906
1719 3142
1189 3821
NIE
343 4680
NIE
1286 3680
NIE
1425 3511
2062 2856
971 4017
342 4686
2183 2715
2226 2679
200 4825
591 4358
1805 3078
1455 3479
1122 3940
1679 3217
2386 2444
NIE
472 4509
2242 2672
764 4181
1693 3168
1431 3488
1766 3128
1282 3675
1436 3488
1130 3893
372 4667
275 4741
NIE
NIE
832 4120
2090 2775
881 4089
1100 3960
1148 3883
506 4479
1717 3147
1202 3793
272 4751
1554 3401
1151 3882
591 4351
946 4036
159 4890
1417 3521
2346 2491
2287 2590
1641 3293
426 4582
2088 2792
NIE
1895 3043
1152 3878
1500 3422
242 4779
2290 2584
2325 2530
813 4129
155 4888
1915 3010
434 4567
708 4244
1602 3344
1563 3402
2005 2902
NIE
1786 3120
813 4122
677 4263
1784 3111
NIE
2045 2861
NIE
605 4346
1923 2983
1640 3292
563 4422
1789 3120
361 4662
1239 3751
1461 3466
80 4946
645 4270
2307 2555
1321 3627
1175 3827
2199 2714
1245 3724
1690 3187
2066 2827
703 4244
2354 2474
380 4646
2052 2859
1025 3978
2096 2774
1585 3380
380 4642
506 4467
NIE
2376 2454
679 4269
2108 2774
NIE
1567 3393
1152 3864
1343 3624
2332 2517
490 4500
1924 3002
619 4307
2200 2712
1705 3166
1114 3946
1598 3347
606 4336
1944 2957
856 4112
2089 2797
1246 3717
497 4485
NIE
675 4263
1137 3887
1671 3236
1926 2973
776 4169
804 4132
2038 2861
1550 3402
403 4608
2014 2891
1970 2936
86 4930
1683 3187
1130 3893
950 4020
129 4909
517 4457
1675 3253
2272 2617
1400 3529
948 4031
1129 3923
2218 2694
111 4924
1943 2971
1705 3163
1209 3771
1152 3874
56 4977
1425 3502
733 4217
1003 4003
122 4919
NIE
NIE
618 4325
558 4427
1753 3131
2386 2441
1222 3791
1373 3597
1458 3475
1047 3972
161 4883
144 4897
2207 2704
497 4482
404 4608
1434 3484
NIE
2035 2862
2113 2763
1193 3806
1812 3085
1959 2940
197 4834
609 4325
722 4233
1093 3964
926 4055
2376 2450
2021 2876
1641 3291
2253 2641
1744 3133
1858 3048
468 4531
NIE
1234 3767
NIE
808 4121
2300 2573
1658 3282
2069 2813
32 4994
1522 3411
1838 3052
275 4742
2152 2746
387 4637
374 4659
1275 3680
73 4947
1268 3683
182 4860
2276 2617
1679 3223
1082 3964
85 4934
322 4712
2200 2712
2237 2678
2067 2826
1399 3538
1576 3395
1407 3527
355 4670
2255 2636
1099 3960
1299 3662
1944 2966
2097 2774
653 4279
645 4278
1272 3681
444 4548
NIE
671 4264
960 4024
2155 2741
789 4147
1096 3960
1024 3982
598 4346
NIE
920 4071
NIE
1800 3095
2183 2717
299 4729
1849 3052
1443 3484
2253 2639
1500 3425
NIE
1388 3570
NIE
3 4998
695 4246
1288 3679
1552 3403
2376 2459
461 4521
1946 2952
618 4311
1965 2938
NIE
621 4306
2376 2453
634 4292
NIE
291 4729
1944 2969
605 4347
1169 3848
2066 2837
1741 3133
1355 3620
1447 3484
1054 3966
1375 3586
389 4614
50 4978
1225 3787
2119 2766
209 4800
2305 2564
2331 2509
NIE
116 4924
694 4256
1246 3713
82 4946
1402 3527
754 4189
969 4017
459 4540
478 4508
1825 3061
435 4568
1384 3575
1459 3474
457 4542
909 4086
2306 2557
1806 3073
528 4446
1190 3821
254 4778
1696 3168
2386 2431
1833 3059
2330 2519
42 4989
128 4913
1568 3393
NIE
NIE
1468 3444
195 4837
358 4669
1926 2987
1665 3264
178 4871
920 4067
2168 2727
1366 3600
1140 3890
230 4794
277 4736
1281 3680
1816 3061
1969 2936
1954 2944
320 4712
1375 3586
1366 3589
572 4397
104 4921
1825 3065
2047 2861
93 4928
748 4199
1462 3458
NIE
1152 3878
581 4372
88 4924
860 4111
1805 3093
8 4998
947 4027
1321 3636
1411 3521
1360 3624
1954 2940
1192 3821
275 4743
618 4318
1638 3323
288 4729
2145 2746
1068 3964
1993 2917
1678 3232
1128 3934
941 4040
604 4346
1400 3554
762 4187
2213 2711
516 4472
585 4363
527 4448
2237 2682
692 4258
1885 3031
NIE
528 4447
330 4702
1944 2961
300 4729
1022 3985
828 4120
1939 2971
NIE
384 4632
645 4274
NIE
743 4210
2027 2867
440 4554
477 4512
617 4323
2174 2731
2376 2457
1447 3484
191 4841
99 4924
NIE
1204 3771
NIE
654 4279
1541 3406
154 4888
NIE
NIE
1743 3133
120 4916
86 4932
1805 3083
1789 3111
591 4353
396 4609
207 4800
2290 2598
536 4444
338 4694
533 4444
678 4263
1321 3637
160 4885
873 4089
1539 3406
516 4461
130 4900
1499 3422
1690 3188
539 4444
1358 3624
1875 3045
1463 3458
950 4020
2287 2600
571 4401
1330 3625
2005 2905
606 4336
638 4291
2332 2515
456 4546
64 4967
1694 3171
1305 3656
671 4279
1677 3253
1181 3808
975 4008
1705 3158
1427 3493
1400 3543
138 4900
1328 3626
NIE
1899 3024
1593 3348
206 4802
476 4514
871 4093
491 4500
1574 3393
NIE
2204 2704
79 4946
1839 3059
364 4667
1640 3293
1427 3515
694 4245
2035 2864
857 4112
1400 3543
1813 3061
2306 2556
NIE
2261 2633
1122 3941
645 4275
789 4162
387 4627
1838 3052
NIE
255 4774
734 4213
2016 2879
1884 3041
NIE
1966 2935
2087 2800
510 4462
2215 2711
1242 3747
82 4941
1967 2936
1542 3403
1670 3258
NIE
257 4772
644 4286
837 4117
2020 2880
1269 3688
1986 2932
1425 3502
1178 3816
1992 2917
758 4191
1956 2943
250 4778
1790 3103
NIE
2310 2540
1321 3637
NIE
168 4876
417 4586
2012 2891
NIE
2113 2764
1202 3780
69 4970
1904 3024
NIE
NIE
950 4024
1261 3697
1766 3125
1128 3935
1249 3715
2196 2718
1663 3273
831 4120
1058 3966
1236 3759
2005 2892
1926 3001
288 4728
370 4662
1451 3479
267 4750
1903 3024
1148 3883
2310 2537
299 4729
734 4213
2231 2678
443 4553
NIE
2265 2636
149 4888
1268 3690
NIE
1760 3128
1467 3443
NIE
305 4722
NIE
1531 3415
1143 3883
1299 3667
1299 3673
348 4673
1863 3046
2050 2858
1299 3662
1447 3485
1555 3402
1322 3640
1562 3401
76 4947
1803 3098
1047 3972
941 4060
1239 3752
1092 3964
1915 3013
1047 3973
1686 3171
1986 2928
844 4113
2089 2800
806 4133
478 4508
954 4024
2037 2864
227 4792
1467 3448
2082 2810
1474 3437
177 4875
459 4546
357 4668
247 4782
NIE
NIE
1271 3681
1591 3356
1256 3707
169 4876
206 4815
1580 3393
1684 3197
1450 3481
2226 2680
NIE
2242 2663
1679 3200
1256 3698
1536 3406
1265 3690
1825 3064
1219 3771
2305 2560
2065 2851
1886 3031
1923 2978
2016 2882
942 4035
1130 3900
1130 3923
822 4120
1766 3122
1667 3264
797 4144
1915 3008
1381 3586
1808 3091
567 4417
2334 2506
2219 2698
1033 3978
1014 3989
1012 3991
2215 2711
770 4170
1243 3739
2007 2896
64 4961
2225 2682
1151 3879
1579 3393
1638 3299
2056 2858
1439 3484
1268 3683
1507 3418
460 4542
860 4106
2189 2714
1769 3120
2179 2721
101 4924
618 4315
931 4060
1173 3836
137 4900
2020 2875
528 4447
437 4562
1946 2946
NIE
1201 3791
517 4462
546 4436
962 4022
1559 3402
1515 3418
42 4985
1825 3064
1315 3647
900 4083
988 4008
511 4475
18 4998
2157 2739
1519 3416
1275 3681
196 4837
2106 2774
1066 3966
1683 3190
1375 3578
860 4098
NIE
NIE
2244 2648
NIE
2118 2766
NIE
464 4532
1178 3809
2068 2818
1880 3044
1925 3002
202 4818
NIE
1078 3966
1448 3484
188 4842
NIE
343 4680
796 4143
1190 3821
577 4392
1119 3941
398 4606
2324 2536
NIE
331 4697
2022 2875
647 4269
2266 2629
470 4509
1291 3673
1926 2984
572 4409
584 4364
1944 2949
NIE
678 4269
2152 2743
1198 3803
NIE
1617 3333
182 4864
288 4730
1256 3706
1429 3497
1464 3454
1193 3807
1638 3313
2040 2861
2224 2688
NIE
206 4819
375 4658
NIE
2274 2610
NIE
546 4436
1388 3572
427 4572
NIE
2089 2805
1941 2971
2056 2855
2378 2446
129 4911
1592 3354
2389 2432
1101 3964
796 4139
641 4286
614 4328
NIE
1123 3940
1177 3822
1000 4004
2246 2647
202 4817
2355 2470
955 4024
1983 2933
1678 3252
544 4436
1923 2997
2267 2620
761 4177
1750 3130
NIE
1577 3382
715 4243
509 4475
1677 3227
NIE
2201 2712
1323 3640
NIE
NIE
NIE
NIE
644 4281
1052 3966
275 4741
1554 3401
738 4211
1128 3927
NIE
1462 3462
910 4079
2346 2488
1425 3517
1593 3347
1923 2987
645 4276
2345 2492
1415 3521
17 4998
706 4243
273 4751
2271 2618
2016 2883
713 4233
NIE
1288 3670
855 4105
2287 2599
2318 2536
980 4008
2378 2441
2046 2861
567 4411
173 4878
159 4891
572 4396
1928 2976
610 4325
1900 3023
1935 2971
2317 2527
380 4642
1395 3567
1355 3625
2196 2713
889 4086
1719 3141
1640 3294
2039 2859
1504 3418
NIE
2048 2861
1363 3600
2190 2714
359 4663
1447 3488
540 4439
1433 3488
1321 3642
NIE
2144 2746
787 4162
2242 2663
NIE
1220 3791
NIE
596 4350
675 4263
810 4132
86 4936
2349 2486
245 4778
202 4833
1346 3624
1323 3638
2109 2769
1946 2946
619 4322
1339 3624
1129 3933
1896 3038
1024 3986
679 4266
796 4136
265 4751
767 4170
2001 2903
1089 3964
NIE
396 4607
1245 3729
1678 3225
1424 3515
540 4437
1690 3173
2332 2511
244 4778
NIE
134 4899
1303 3656
2367 2459
75 4947
1752 3131
177 4876
1175 3835
177 4871
2018 2890
185 4841
1080 3964
926 4049
1483 3437
NIE
1665 3272
1926 2987
1103 3960
2153 2743
288 4726
144 4899
276 4736
NIE
749 4204
1711 3150
1717 3144
2394 2429
2020 2876
1092 3964
1839 3052
NIE
672 4269
2224 2689
868 4089
631 4294
2021 2876
2353 2470
551 4424
733 4220
129 4913
161 4882
1193 3821
901 4083
792 4144
2367 2465
1159 3856
42 4982
1896 3030
1925 3002
NIE
2378 2436
2286 2605
281 4729
NIE
605 4350
1735 3137
1300 3655
129 4912
1371 3597
NIE
2217 2701
1425 3503
351 4670
1994 2917
NIE
730 4229
1610 3347
1995 2907
1539 3406
2068 2814
2332 2514
1923 3005
330 4702
802 4132
309 4718
288 4733
2188 2719
567 4404
1916 3009
1678 3252
85 4937
1899 3024
1540 3403
581 4370
1431 3488
1898 3031
2089 2798
329 4712
2244 2648
1067 3966
NIE
2020 2881
2210 2704
44 4981
1133 3901
1805 3086
1050 3973
268 4751
1400 3559
131 4904
2071 2814
1323 3632
1756 3121
NIE
2349 2487
1803 3094
484 4500
1638 3300
2113 2758
2136 2765
390 4621
1944 2960
1142 3883
2148 2743
129 4906
133 4904
1152 3866
NIE
181 4852
944 4032
557 4427
NIE
42 4986
343 4680
163 4879
1375 3582
1896 3031
919 4073
1375 3580
851 4105
758 4195
1056 3964
2386 2445
123 4904
1243 3734
1852 3052
1671 3252
1451 3481
563 4413
872 4089
1193 3814
1202 3777
407 4608
2005 2893
421 4583
260 4754
1875 3045
1755 3129
290 4729
2283 2609
293 4729
572 4397
1900 3029
64 4958
626 4303
2280 2610
1667 3255
122 4908
267 4750
593 4352
1235 3770
1268 3682
1379 3575
679 4269
1152 3861
2326 2526
134 4896
380 4644
1375 3577
941 4044
1001 3999
2276 2615
2333 2509
1630 3324
1367 3586
NIE
2090 2775
796 4147
1848 3052
2127 2766
638 4289
1890 3043
NIE
140 4894
2182 2720
645 4273
2146 2746
1421 3523
1062 3964
2146 2743
1752 3128
NIE
1014 3990
706 4244
729 4228
2332 2518
615 4323
587 4357
NIE
1717 3145
1288 3679
1040 3973
1133 3891
695 4255
2342 2496
35 4984
780 4164
1571 3399
1129 3924
2363 2465
744 4205
1477 3444
1829 3060
767 4177
1365 3600
1610 3342
1683 3223
572 4395
93 4922
301 4722
326 4717
1617 3332
NIE
1541 3403
NIE
335 4702
972 4013
277 4737
1193 3821
1014 3990
1736 3137
2176 2723
1711 3150
NIE
461 4534
1202 3783
206 4804
1012 3990
326 4715
1065 3966
961 4020
796 4157
2251 2640
380 4639
1805 3083
1203 3791
1683 3196
1129 3915
1995 2911
2030 2865
1151 3872
2041 2859
1237 3759
679 4266
627 4300
848 4113
1256 3701
1843 3059
860 4100
2144 2743
NIE
2341 2502
1906 3020
1400 3545
NIE
2089 2794
174 4876
NIE
181 4866
206 4812
1129 3919
1363 3600
1249 3709
920 4069
1461 3473
618 4324
1812 3076
729 4222
1460 3473
917 4080
NIE
2306 2557
510 4462
791 4144
580 4387
1403 3528
1400 3548
2067 2821
348 4677
NIE
1310 3651
494 4500
NIE
764 4182
2113 2759
NIE
NIE
NIE
2089 2789
366 4662
NIE
744 4204
1435 3484
1290 3673
1399 3534
482 4507
2154 2746
326 4712
979 4014
677 4269
1441 3488
556 4427
576 4389
2216 2708
1617 3338
1405 3528
671 4275
570 4409
562 4425
1265 3690
163 4885
2092 2792
1986 2922
171 4878
NIE
1205 3771
NIE
2297 2573
772 4165
2094 2774
239 4784
813 4131
NIE
1415 3524
2322 2526
1133 3912
2136 2765
1589 3371
1640 3298
183 4846
NIE
627 4299
985 4007
182 4868
NIE
2304 2572
1798 3095
376 4656
461 4536
2097 2775
1847 3052
832 4117
1773 3121
937 4060
726 4235
1973 2933
2332 2521
257 4771
1851 3059
694 4251
2089 2797
1812 3077
1284 3680
1762 3121
801 4133
1220 3791
444 4551
24 4984
NIE
1805 3093
NIE
2069 2813
2217 2695
1176 3824
NIE
2352 2477
1077 3964
1375 3587
NIE
1243 3730
1103 3958
1402 3525
1800 3095
NIE
NIE
129 4907
2118 2766
1989 2915
116 4921
1111 3954
NIE
NIE
NIE
1299 3665
1780 3114
516 4471
2224 2683
1971 2933
770 4173
2287 2592
1368 3586
461 4517
1439 3484
1175 3834
1843 3052
1497 3428
584 4367
NIE
NIE
625 4303
942 4034
1245 3729
2293 2586
338 4697
1388 3569
1939 2969
189 4841
576 4391
1506 3422
516 4459
1392 3575
1061 3964
529 4444
1591 3360
2062 2856
2065 2833
2317 2540
1829 3053
1633 3324
202 4831
1239 3758
548 4427
907 4083
247 4782
1933 2976
NIE
1465 3447
122 4920
32 4994
1665 3273
497 4486
1225 3772
NIE
383 4638
1269 3688
1130 3910
2056 2857
1678 3241
1914 3011
1167 3853
NIE
380 4645
1908 3024
64 4976
2183 2717
1535 3409
2335 2506
1602 3348
459 4546
1103 3960
2016 2888
1400 3531
1825 3064
NIE
1884 3039
851 4112
64 4976
440 4564
686 4263
NIE
2313 2544
1429 3497
748 4199
NIE
1565 3398
2267 2636
675 4263
1194 3796
1052 3973
2325 2525
2049 2861
1070 3964
292 4729
1054 3964
807 4128
2217 2703
134 4901
261 4754
1378 3586
330 4701
1561 3402
468 4532
1949 2944
465 4532
669 4269
1408 3524
1570 3399
482 4509
1595 3348
1986 2918
533 4444
1483 3444
497 4479
1082 3960
1133 3900
2287 2601
871 4089
2021 2876
532 4444
2123 2766
1943 2969
2309 2549
245 4782
1961 2940
936 4060
790 4161
1717 3149
769 4169
1295 3656
197 4830
1354 3624
NIE
397 4608
868 4093
591 4353
807 4133
2020 2883
1907 3024
1550 3403
1208 3791
1459 3472
1806 3091
2378 2439
2214 2704
433 4567
1128 3929
1586 3380
1552 3402
189 4841
1830 3059
729 4218
1858 3048
1710 3150
706 4244
919 4070
2378 2455
1725 3137
2370 2465
744 4200
133 4904
173 4876
2316 2536
275 4738
299 4729
288 4733
1152 3869
1360 3616
NIE
581 4381
461 4537
789 4160
1780 3113
2007 2891
767 4174
1589 3376
10 4999
1615 3343
215 4802
1300 3656
1523 3416
2287 2589
1765 3128
968 4017
1619 3325
72 4947
2089 2788
1131 3913
1582 3380
1588 3375
2076 2813
1923 2989
1956 2944
1986 2918
1928 2971
NIE
NIE
614 4340
920 4069
2112 2767
971 4017
1140 3888
497 4496
338 4690
671 4269
1047 3972
1640 3296
948 4028
197 4833
2077 2810
NIE
1441 3488
1451 3481
1336 3625
NIE
158 4894
1640 3295
1805 3087
1459 3470
280 4732
972 4011
1152 3866
1936 2969
NIE
197 4837
1445 3488
2237 2676
NIE
1805 3091
694 4253
2123 2766
359 4664
2054 2859
2338 2499
417 4588
NIE
459 4541
1774 3120
1022 3989
387 4620
955 4024
539 4437
2065 2839
NIE
2092 2776
1766 3121
372 4667
807 4133
1194 3796
1576 3393
1348 3625
1878 3044
257 4766
845 4117
1619 3313
647 4279
2030 2865
1414 3524
189 4841
1423 3515
1860 3047
2051 2859
2005 2895
1014 3989
1980 2923
2163 2739
1095 3964
2179 2721
1523 3411
2276 2613
144 4893
46 4980
NIE
NIE
2392 2429
1717 3148
1784 3120
NIE
158 4894
45 4981
1645 3284
1239 3762
1661 3273
2124 2766
1789 3108
840 4117
NIE
1405 3528
1997 2907
304 4719
417 4595
1429 3494
NIE
2156 2740
2174 2735
1642 3284
1400 3552
775 4169
907 4083
486 4493
152 4888
1268 3682
276 4736
278 4734
1286 3680
275 4747
2259 2636
159 4890
372 4665
2136 2763
NIE
1705 3159
941 4058
1805 3090
1429 3495
NIE
2376 2455
1107 3954
956 4020
1971 2933
1596 3348
1131 3891
486 4495
1250 3711
813 4121
242 4786
NIE
NIE
1264 3697
1133 3905
23 4984
1638 3297
NIE
46 4984
1654 3284
952 4024
54 4977
1465 3446
811 4121
159 4894
671 4268
1010 3990
2099 2773
1363 3600
NIE
606 4331
1399 3559
NIE
1923 2997
NIE
2066 2837
574 4393
1254 3701
138 4894
2062 2843
1805 3086
111 4924
1739 3137
1366 3598
1607 3342
NIE
1156 3861
323 4717
104 4924
1399 3539
2194 2714
767 4170
1676 3227
1249 3717
1359 3602
1586 3381
2162 2727
2071 2815
1259 3697
1133 3900
2211 2711
2108 2772
2237 2680
2287 2596
1619 3319
1888 3043
1425 3502
NIE
688 4258
1310 3650
1589 3376
2261 2630
1642 3284
419 4598
1205 3771
796 4146
567 4403
NIE
1358 3602
419 4590
1071 3966
596 4346
942 4037
NIE
2089 2806
NIE
1611 3342
1350 3624
1671 3237
427 4572
2174 2735
1444 3484
2285 2610
1462 3458
800 4133
987 4007
926 4042
NIE
477 4510
1375 3585
860 4095
1777 3121
1226 3771
85 4941
NIE
2116 2750
606 4329
572 4396
1739 3137
2226 2687
1243 3734
381 4646
415 4599
1913 3020
404 4606
2242 2662
1997 2906
1705 3165
621 4305
1261 3701
1902 3024
NIE
NIE
1722 3138
1617 3337
821 4121
308 4718
2269 2627
406 4608
516 4475
1232 3767
1494 3429
NIE
2143 2746
1323 3630
NIE
1369 3597
2192 2719
206 4814
677 4269
1467 3447
1194 3800
789 4159
1638 3317
621 4303
942 4038
1425 3502
2361 2463
253 4780
1812 3088
1239 3757
2347 2482
1944 2955
726 4233
1225 3769
614 4335
1319 3647
1705 3157
468 4518
1433 3485
1989 2918
1412 3521
19 4998
2092 2785
619 4316
1589 3365
1695 3168
1707 3153
1348 3624
2170 2739
2174 2730
390 4616
922 4066
539 4437
2243 2646
1789 3117
1242 3754
744 4209
1266 3689
1679 3210
163 4880
2226 2687
1175 3831
1823 3061
518 4456
NIE
2222 2697
1589 3370
1399 3543
2389 2429
581 4382
981 4014
926 4065
842 4113
619 4315
1780 3117
NIE
2092 2778
591 4359
1586 3379
1835 3059
372 4667
2197 2714
NIE
616 4323
1509 3418
1379 3586
2089 2805
NIE
206 4812
1375 3595
2368 2465
NIE
86 4936
1793 3100
264 4754
255 4776
1130 3902
2066 2834
1884 3039
1129 3915
239 4783
NIE
2242 2666
1321 3632
320 4717
1139 3891
1566 3393
NIE
1441 3484
202 4826
1588 3374
2034 2865
2113 2765
1644 3287
257 4768
1235 3768
86 4931
NIE
772 4165
518 4455
1047 3971
741 4211
265 4754
828 4117
2293 2586
743 4210
807 4131
979 4014
405 4608
NIE
1778 3121
861 4096
NIE
1134 3891
1923 2993
475 4514
1938 2969
547 4436
679 4265
973 4008
1000 4001
NIE
572 4407
656 4279
1242 3750
562 4422
1625 3299
1559 3402
696 4244
NIE
2296 2573
1462 3461
477 4510
149 4888
NIE
367 4667
1163 3858
948 4032
1103 3955
1268 3683
964 4018
419 4584
2344 2495
1157 3856
1259 3697
1858 3051
1355 3617
758 4192
2145 2743
2276 2616
1964 2939
691 4259
1851 3059
129 4911
1152 3864
621 4302
930 4060
NIE
NIE
1382 3586
2223 2693
1803 3098
417 4586
269 4747
1680 3223
42 4992
848 4112
NIE
696 4243
1646 3282
1399 3548
1912 3015
1789 3113
833 4118
120 4919
606 4336
NIE
1203 3771
1638 3302
2174 2738
536 4440
1194 3797
NIE
NIE
1069 3966
1318 3650
376 4656
1678 3230
862 4089
NIE
614 4335
624 4295
1918 3004
770 4173
1178 3816
652 4269
554 4424
1715 3146
796 4140
1504 3418
972 4009
1944 2960
494 4500
343 4676
377 4649
348 4671
1215 3771
390 4625
1746 3134
NIE
2286 2600
NIE
1321 3638
NIE
2254 2637
NIE
859 4112
200 4837
1355 3615
1955 2944
296 4722
1690 3190
197 4829
1941 2969
74 4953
1592 3353
206 4825
381 4646
413 4599
735 4214
2097 2775
1616 3333
274 4738
2323 2526
1671 3239
867 4089
259 4757
NIE
1016 3990
1735 3134
91 4924
850 4109
1393 3575
1174 3835
913 4077
694 4247
796 4161
1994 2917
619 4321
2355 2474
1535 3407
1193 3812
1669 3258
1456 3477
194 4837
1465 3450
596 4346
128 4904
2071 2817
749 4205
1142 3887
1271 3683
NIE
1619 3317
670 4279
1363 3601
69 4969
650 4269
1091 3960
1299 3670
2181 2719
873 4089
1888 3043
1167 3851
2258 2637
372 4665
2075 2810
146 4894
2081 2808
307 4719
86 4926
677 4269
1223 3771
1486 3433
2361 2463
1156 3861
52 4978
85 4940
1472 3444
1858 3048
1128 3931
178 4872
690 4259
741 4211
1514 3420
1159 3856
1829 3055
1798 3100
2042 2859
468 4530
182 4854
1789 3115
1128 3929
1780 3118
NIE
417 4592
2355 2473
1816 3073
767 4175
1562 3402
1862 3046
593 4357
NIE
158 4888
2325 2533
1938 2971
1500 3423
NIE
2261 2637
69 4961
1580 3383
920 4069
NIE
NIE
1400 3543
1683 3183
695 4255
805 4132
1130 3898
338 4689
1520 3411
1037 3984
1854 3049
2317 2530
380 4639
1619 3325
337 4697
NIE
1044 3974
1355 3622
1149 3881
NIE
1677 3227
638 4292
348 4678
1137 3887
182 4844
1591 3357
796 4160
2175 2727
1887 3043
NIE
626 4295
2071 2816
2183 2717
2287 2592
1372 3586
461 4524
202 4837
2207 2704
525 4457
1443 3488
763 4177
2126 2766
1366 3593
895 4087
1321 3641
1923 3003
459 4542
2065 2839
344 4681
1789 3105
2261 2637
2257 2637
41 4984
182 4862
938 4039
455 4542
1986 2930
1465 3454
202 4817
947 4033
1656 3282
584 4379
581 4380
1400 3536
NIE
2203 2711
2089 2783
393 4614
1462 3462
2349 2489
2067 2827
1980 2919
2067 2821
501 4475
448 4544
468 4529
NIE
1171 3847
111 4921
69 4949
513 4475
NIE
2065 2842
299 4722
NIE
75 4947
1000 4002
1580 3381
1768 3121
931 4060
82 4945
1032 3978
1717 3144
417 4596
NIE
1443 3484
2325 2530
1812 3078
2067 2823
1391 3568
1285 3680
1242 3747
949 4024
941 4059
1959 2939
1163 3855
1157 3856
1683 3201
NIE
1462 3466
1513 3422
98 4924
1174 3843
1177 3828
607 4342
708 4243
1457 3479
1360 3622
NIE
798 4136
NIE
2317 2529
1580 3388
1323 3628
NIE
1288 3667
354 4668
2378 2457
657 4269
2155 2741
1366 3595
1683 3213
460 4538
2039 2861
2335 2502
NIE
732 4217
1114 3950
1427 3493
338 4686
2267 2625
516 4458
633 4295
1001 3999
1915 3010
1052 3966
1934 2971
948 4028
NIE
1546 3403
1489 3429
2174 2732
960 4024
614 4334
1117 3944
1039 3978
2146 2746
1175 3830
1005 3999
NIE
879 4089
2071 2814
1827 3060
1589 3375
1683 3216
1286 3673
1318 3652
10 5000
NIE
330 4698
574 4401
2386 2434
575 4398
997 4004
468 4512
2239 2672
2239 2663
NIE
257 4768
1915 3008
1266 3691
1986 2933
1178 3811
NIE
2330 2513
NIE
1068 3964
2068 2820
1204 3791
2252 2645
1692 3168
1787 3111
1912 3020
1174 3843
445 4546
652 4279
2158 2739
1986 2924
927 4039
2294 2567
2042 2859
1250 3708
1790 3109
202 4818
NIE
NIE
NIE
1750 3130
2242 2667
486 4499
744 4205
1122 3941
2217 2695
2146 2743
581 4379
2135 2766
1678 3228
1852 3052
1770 3121
NIE
1202 3780
1129 3921
1980 2935
181 4865
1953 2943
NIE
1129 3931
1216 3771
1690 3170
1710 3148
1129 3928
1360 3624
64 4955
NIE
1288 3676
99 4924
2217 2704
1053 3970
1618 3332
2008 2893
1254 3707
2092 2791
176 4878
1066 3964
1812 3079
490 4500
729 4232
1131 3913
NIE
2261 2631
758 4190
840 4113
420 4577
338 4697
1252 3701
2108 2768
64 4966
2065 2840
903 4087
2016 2891
1392 3575
1690 3196
440 4564
1678 3239
1910 3024
1447 3486
1515 3414
1678 3244
51 4981
206 4824
754 4192
1534 3409
NIE
638 4291
139 4894
1427 3496
1399 3565
591 4359
2264 2629
1103 3962
443 4551
588 4357
2116 2750
581 4365
1193 3813
461 4535
305 4722
972 4011
98 4921
1422 3521
63 4971
1690 3187
206 4805
236 4791
467 4514
2327 2524
1921 3002
1697 3168
1133 3890
2210 2711
2162 2739
1617 3329
1308 3656
1755 3131
NIE
1194 3806
767 4172
1462 3464
1515 3416
605 4349
2260 2637
1679 3211
981 4014
1954 2940
NIE
1867 3047
NIE
411 4607
412 4599
NIE
1576 3383
202 4818
1296 3673
2005 2904
638 4291
1990 2917
1425 3515
168 4878
1296 3656
104 4921
NIE
527 4457
1940 2969
972 4011
NIE
1531 3414
1869 3046
406 4608
69 4949
970 4016
744 4209
NIE
235 4790
1946 2948
1617 3336
NIE
914 4077
1812 3063
NIE
1556 3401
1399 3536
1755 3127
1467 3443
266 4751
850 4106
2352 2474
1991 2917
NIE
116 4921
377 4654
2335 2508
NIE
1159 3858
1381 3575
464 4514
729 4223
471 4514
NIE
878 4089
765 4177
593 4353
1385 3586
420 4579
573 4401
413 4599
2259 2636
626 4303
1557 3402
1194 3808
860 4098
177 4872
159 4886
2350 2478
1882 3044
618 4314
789 4146
1812 3071
206 4802
411 4606
1671 3244
796 4152
NIE
1678 3240
1671 3248
1435 3484
2361 2467
2153 2746
1665 3272
2035 2862
586 4357
2176 2723
228 4790
2226 2692
181 4860
1085 3964
197 4826
2157 2727
1923 2983
1967 2936
920 4075
NIE
2344 2494
779 4169
NIE
1323 3626
1194 3800
378 4649
715 4243
1152 3867
1029 3984
NIE
1667 3260
572 4409
1400 3556
925 4066
1734 3137
1363 3600
159 4892
1013 3989
468 4518
1006 3997
255 4776
941 4045
279 4736
163 4877
1683 3189
688 4259
NIE
695 4246
2386 2440
528 4450
801 4132
1848 3052
1114 3946
873 4093
258 4757
NIE
1465 3453
1239 3758
1186 3808
2226 2691
930 4039
NIE
378 4653
NIE
1104 3955
1854 3053
1009 3990
941 4037
427 4572
1683 3216
2154 2744
417 4598
2342 2496
2166 2727
783 4162
1178 3824
NIE
426 4575
2089 2788
2089 2789
679 4267
NIE
1539 3406
1989 2912
591 4358
2016 2880
2035 2865
1805 3082
334 4708
281 4729
1618 3324
1003 4000
426 4581
1683 3188
1151 3879
1235 3760
1173 3836
1824 3061
2358 2470
1317 3647
593 4349
1632 3324
1944 2956
63 4972
1370 3597
NIE
1433 3489
1095 3960
NIE
605 4347
708 4244
929 4060
850 4113
1989 2917
NIE
1219 3771
1133 3908
2262 2629
584 4380
1643 3284
2279 2609
1938 2969
202 4821
NIE
1242 3743
1103 3962
1242 3743
2092 2778
NIE
671 4279
1010 3990
799 4134
2037 2861
13 4998
593 4354
471 4509
2242 2653
2287 2597
1731 3134
1958 2940
NIE
63 4975
460 4539
572 4403
2282 2609
650 4269
2007 2891
948 4022
14 4998
186 4841
2309 2545
2030 2865
2334 2506
2263 2629
2050 2859
1178 3816
394 4614
361 4662
348 4670
583 4381
1279 3681
1121 3940
1175 3829
892 4087
1325 3626
1995 2916
1615 3345
618 4320
1374 3597
941 4047
185 4841
1592 3351
711 4243
384 4634
2373 2459
572 4404
780 4166
1473 3437
1267 3690
543 4432
1908 3020
1193 3821
177 4877
1812 3067
496 4486
NIE
69 4959
1156 3862
NIE
618 4319
1946 2955
1388 3581
1944 2968
645 4274
1998 2905
354 4670
2378 2441
1194 3798
710 4243
838 4113
1826 3061
1170 3848
NIE
147 4888
1254 3701
2136 2759
459 4543
2277 2610
1218 3771
1449 3481
411 4606
182 4845
2332 2511
783 4162
2243 2647
432 4571
333 4708
2050 2860
1776 3120
420 4577
NIE
1321 3638
1543 3403
1946 2968
1700 3171
1146 3883
2020 2873
1235 3761
2020 2886
335 4692
2288 2588
947 4033
1225 3776
2031 2865
799 4134
21 4994
1258 3701
1500 3419
2038 2863
2196 2715
38 4984
9 5000
NIE
NIE
546 4436
1923 2991
614 4339
583 4363
1561 3402
NIE
1264 3696
1563 3402
1091 3964
NIE
567 4417
NIE
1239 3761
2319 2536
1301 3656
330 4710
2374 2459
1185 3808
1483 3444
1194 3802
280 4734
NIE
939 4039
1741 3134
1152 3860
543 4436
1533 3411
911 4077
314 4717
1679 3200
1133 3888
1130 3916
1225 3778
1462 3464
1926 2993
NIE
1225 3782
259 4753
1616 3339
NIE
378 4654
2378 2447
2062 2846
1323 3638
1806 3091
932 4039
1373 3586
1776 3121
1817 3073
NIE
527 4453
2326 2526
2222 2698
1228 3771
1210 3791
919 4072
1480 3437
292 4729
1563 3401
2020 2876
1696 3171
224 4795
661 4269
492 4486
1427 3514
2332 2523
65 4970
206 4823
184 4841
1896 3025
2379 2434
282 4729
1380 3575
2048 2861
1346 3625
753 4196
62 4977
275 4737
134 4899
2108 2770
440 4555
405 4608
1552 3403
227 4795
1355 3622
308 4719
863 4093
415 4606
335 4699
NIE
NIE
2283 2609
NIE
429 4569
NIE
1622 3324
359 4664
163 4884
2044 2859
750 4198
1766 3125
2024 2870
765 4173
714 4233
1180 3821
2332 2518
1702 3167
1431 3488
205 4825
1612 3347
618 4323
866 4089
1702 3166
2382 2434
819 4121
619 4313
NIE
1931 2971
1288 3668
NIE
1665 3262
1056 3964
2341 2499
1835 3059
1677 3227
1951 2948
528 4449
2270 2617
2324 2526
167 4878
122 4918
1683 3214
1923 2992
1158 3856
2169 2739
622 4303
550 4427
988 4008
1816 3073
1007 3991
2293 2571
46 4981
1615 3345
1621 3324
2203 2708
2167 2727
NIE
1690 3173
1209 3791
1360 3613
1790 3101
421 4575
NIE
1250 3708
2001 2899
1864 3046
760 4177
122 4912
1240 3759
204 4825
NIE
1115 3942
1636 3299
2156 2728
1926 2976
1380 3586
NIE
64 4962
2070 2813
1458 3478
773 4169
1952 2948
1708 3155
2114 2766
1174 3839
1039 3976
1863 3046
1231 3767
324 4717
608 4342
2290 2594
1839 3059
769 4173
1976 2936
639 4284
377 4652
926 4052
1202 3785
695 4248
2349 2490
1630 3324
962 4019
506 4470
338 4696
202 4827
12 4994
1425 3506
NIE
330 4704
1130 3917
1519 3411
833 4119
129 4906
817 4121
533 4446
1494 3428
1591 3355
2136 2750
NIE
2113 2767
NIE
1803 3092
1102 3964
861 4102
1370 3586
1946 2957
1457 3474
NIE
694 4255
1919 3007
1962 2938
2062 2843
440 4552
64 4973
2115 2766
384 4635
327 4712
1160 3856
438 4564
378 4651
1946 2955
2194 2714
1429 3492
2297 2567
98 4921
1683 3175
892 4087
1918 3004
945 4036
417 4597
1150 3878
1050 3973
NIE
2375 2459
1636 3324
914 4080
1424 3515
172 4876
1019 3989
1875 3044
2294 2573
530 4447
1508 3422
NIE
338 4683
1234 3771
NIE
872 4089
2067 2822
584 4362
1466 3453
1616 3339
NIE
NIE
1470 3437
206 4818
1437 3484
2092 2776
1848 3059
NIE
89 4924
534 4440
694 4246
2287 2598
9 4998
2066 2830
750 4198
1671 3240
NIE
1989 2914
1152 3859
1830 3059
2269 2624
2349 2488
1400 3535
182 4856
625 4295
1589 3367
770 4171
319 4716
1922 3002
1992 2907
1646 3282
2020 2887
2234 2678
206 4811
1951 2944
734 4215
NIE
1397 3566
448 4550
2352 2475
1667 3255
910 4083
2242 2653
1421 3520
538 4444
572 4401
645 4277
85 4942
2304 2573
1545 3402
2156 2734
1663 3278
1467 3439
1172 3846
1581 3380
1881 3044
NIE
NIE
1926 3001
1941 2969
2155 2742
1168 3848
1547 3402
1455 3479
1591 3363
572 4409
1946 2969
1227 3771
1683 3205
NIE
631 4294
446 4546
1133 3897
468 4511
2089 2783
1876 3044
778 4165
NIE
2196 2713
183 4842
1638 3312
1427 3515
1588 3373
194 4839
2293 2572
695 4253
1790 3110
2312 2536
382 4637
1299 3660
1837 3059
107 4921
NIE
461 4528
1307 3655
1321 3630
1280 3681
800 4132
2266 2636
543 4436
1051 3973
486 4490
726 4241
1840 3052
692 4258
419 4597
789 4152
1246 3723
494 4486
566 4418
1658 3282
1856 3048
1702 3162
309 4718
1774 3121
1619 3320
1249 3710
1191 3821
1518 3416
1836 3052
21 4990
441 4551
1679 3220
NIE
618 4317
69 4955
1324 3625
1657 3277
1156 3870
631 4295
1934 2972
1881 3044
1397 3568
255 4777
1310 3650
2310 2540
897 4087
2323 2526
1171 3847
1156 3859
NIE
NIE
66 4953
1944 2950
408 4608
2084 2810
619 4315
1391 3575
335 4691
2371 2461
324 4712
576 4389
NIE
2239 2662
580 4386
776 4165
2038 2862
1657 3283
11 4998
726 4235
NIE
1683 3220
2332 2518
1035 3978
2174 2729
715 4233
419 4590
614 4327
620 4310
1299 3665
1494 3428
381 4640
1398 3562
1790 3107
2062 2841
1534 3411
982 4013
283 4729
NIE
1532 3411
2386 2438
525 4457
1843 3059
2066 2839
NIE
7 5000
435 4570
2108 2773
1399 3540
193 4838
NIE
1054 3966
2101 2774
NIE
2269 2628
1375 3594
803 4132
2389 2434
2239 2665
1228 3771
1290 3673
795 4144
1321 3642
2386 2446
2332 2518
954 4020
1044 3974
900 4087
981 4008
1245 3725
2154 2745
965 4019
1499 3427
1592 3358
584 4378
1130 3922
1344 3624
750 4198
282 4734
326 4715
671 4278
444 4551
1122 3940
NIE
33 4984
419 4593
1467 3452
581 4379
414 4606
770 4168
1544 3403
1923 2999
1349 3624
426 4579
1910 3022
1264 3693
1146 3884
NIE
2355 2466
1805 3091
1459 3473
1619 3311
NIE
43 4981
756 4188
190 4841
1366 3593
2325 2536
657 4269
1873 3045
2355 2466
1619 3332
2056 2855
1062 3964
1239 3748
1808 3073
1678 3252
NIE
NIE
2303 2567
309 4719
1742 3133
1318 3648
1867 3047
1923 2988
296 4729
686 4263
120 4917
514 4475
179 4869
2156 2730
2225 2693
2012 2890
2246 2645
1992 2917
376 4659
2162 2727
926 4041
NIE
427 4574
NIE
2367 2459
1748 3131
1667 3259
1021 3990
563 4423
1117 3941
2378 2441
78 4947
1302 3656
1789 3114
592 4357
145 4888
659 4279
60 4978
1789 3108
1225 3773
486 4493
1658 3282
1449 3480
896 4083
1395 3567
1246 3712
NIE
694 4253
326 4709
572 4406
NIE
1463 3457
576 4390
593 4349
1129 3916
64 4971
NIE
336 4690
1288 3660
742 4209
1628 3299
760 4187
563 4413
NIE
159 4891
1407 3525
NIE
1112 3954
1683 3208
1410 3524
1993 2907
NIE
618 4324
1063 3966
398 4608
1740 3134
2005 2900
591 4353
2223 2694
NIE
941 4056
2376 2454
1140 3891
1253 3701
580 4389
2397 2428
1555 3402
764 4177
335 4694
NIE
1280 3681
1678 3225
924 4065
2068 2819
1425 3514
1293 3656
563 4418
1549 3403
NIE
NIE
32 4994
1663 3267
2005 2905
917 4077
265 4751
2123 2750
2379 2447
NIE
334 4697
2197 2712
2136 2766
1472 3444
2170 2739
796 4142
NIE
NIE
794 4144
1592 3348
359 4666
868 4093
1243 3737
1369 3597
2293 2585
2350 2480
506 4474
796 4161
1246 3712
1320 3640
NIE
917 4077
897 4083
2327 2526
2290 2575
461 4515
806 4132
151 4894
184 4841
318 4717
2352 2472
245 4778
69 4954
2085 2808
1457 3479
1967 2936
468 4510
1497 3425
2032 2867
1054 3964
182 4869
2112 2768
1639 3299
1630 3299
1104 3954
1035 3978
1591 3360
1789 3107
2046 2861
NIE
671 4276
1679 3208
532 4444
1804 3095
1619 3313
417 4586
2020 2886
2174 2724
774 4169
NIE
61 4978
257 4777
2386 2440
372 4665
NIE
1434 3484
2064 2840
129 4906
23 4994
1198 3793
1389 3575
426 4573
869 4089
86 4926
1780 3117
2156 2729
822 4119
948 4026
1549 3403
459 4542
573 4401
NIE
2361 2465
850 4106
1359 3602
1129 3926
1500 3421
952 4024
811 4121
2025 2869
461 4534
605 4349
NIE
445 4546
694 4247
2157 2739
1632 3299
367 4667
NIE
1896 3033
1741 3134
987 4008
2057 2856
2349 2481
790 4161
1414 3521
2099 2775
1869 3046
2092 2792
1239 3742
NIE
255 4760
749 4200
2017 2876
840 4113
1839 3052
189 4841
NIE
384 4637
734 4213
1679 3209
567 4413
1617 3333
1767 3120
1257 3701
2061 2854
1514 3417
NIE
NIE
1140 3885
1594 3348
1467 3438
2304 2568
1239 3765
1427 3506
670 4279
202 4809
606 4345
2287 2589
2040 2859
1592 3349
NIE
2027 2865
NIE
1536 3409
460 4541
1509 3418
1445 3488
599 4346
2108 2769
NIE
2057 2854
267 4748
1152 3876
1405 3528
1258 3697
729 4218
NIE
955 4020
468 4531
1360 3619
121 4921
1678 3232
726 4239
1576 3391
672 4269
1178 3814
1494 3429
1565 3397
1058 3966
602 4346
209 4804
521 4453
236 4794
380 4648
1789 3116
926 4055
1632 3324
804 4133
1282 3678
1318 3644
342 4685
917 4080
1320 3640
1671 3232
2055 2859
2293 2572
NIE
1780 3118
810 4121
206 4815
208 4800
653 4279
2113 2765
1202 3792
NIE
NIE
2067 2821
1096 3964
1671 3243
648 4279
1909 3024
1638 3315
948 4031
1862 3046
2236 2678
330 4712
375 4660
1410 3521
862 4089
1384 3586
NIE
1428 3499
2008 2893
850 4110
671 4268
1641 3293
243 4782
434 4567
497 4479
796 4160
864 4093
957 4020
1683 3180
563 4417
1868 3046
1266 3693
671 4264
1521 3416
2042 2859
2092 2778
NIE
1520 3416
1318 3652
445 4546
461 4530
591 4358
1016 3990
1104 3953
1739 3135
2089 2795
2170 2739
1317 3655
1145 3887
1262 3701
2371 2465
1548 3403
NIE
2344 2495
2215 2704
695 4258
733 4225
161 4881
1900 3028
2208 2711
960 4024
1353 3625
1068 3966
1393 3573
435 4571
163 4880
567 4418
NIE
1399 3531
2092 2776
593 4347
2089 2784
NIE
1360 3615
242 4783
1780 3115
1050 3973
NIE
643 4282
1856 3048
1461 3473
150 4888
477 4514
1667 3259
2246 2648
2389 2430
NIE
69 4958
154 4888
1592 3359
NIE
816 4121
491 4500
585 4362
NIE
629 4295
1010 3990
581 4383
813 4128
NIE
NIE
1201 3791
2302 2573
NIE
101 4921
122 4906
1354 3625
850 4109
NIE
1717 3148
NIE
1071 3966
1623 3299
499 4475
275 4741
1433 3487
NIE
NIE
1716 3150
390 4627
1282 3678
1804 3091
1438 3484
1997 2907
NIE
992 4007
2371 2458
707 4243
1310 3649
312 4718
941 4054
1323 3636
1690 3186
328 4708
860 4105
1574 3399
181 4861
NIE
2139 2750
239 4783
1725 3138
2176 2727
1496 3428
960 4020
2390 2429
1510 3422
NIE
NIE
1228 3767
1447 3482
122 4910
64 4975
833 4116
1310 3653
1780 3114
567 4406
NIE
1739 3134
1074 3966
1397 3566
2293 2585
2203 2708
NIE
1133 3910
2245 2645
877 4089
217 4800
NIE
889 4085
NIE
461 4537
2351 2476
1835 3059
1683 3214
418 4599
1360 3619
767 4177
127 4913
1128 3929
1695 3171
1793 3102
1425 3510
2011 2890
2361 2469
319 4716
1392 3575
528 4451
NIE
702 4243
1312 3647
1515 3416
580 4384
1129 3937
1076 3964
1418 3524
405 4608
2143 2748
1869 3046
605 4346
120 4918
1557 3402
798 4134
2237 2676
468 4527
2253 2642
207 4804
2044 2859
121 4921
558 4424
202 4817
2065 2831
NIE
1859 3047
1665 3273
NIE
1914 3014
594 4350
181 4856
2028 2865
1585 3380
1683 3185
614 4342
1900 3024
NIE
1900 3021
896 4087
NIE
1152 3863
NIE
850 4108
987 4007
1151 3875
1402 3526
759 4186
1808 3091
1245 3723
1242 3759
945 4032
1130 3920
1516 3416
877 4089
709 4233
1225 3788
NIE
NIE
815 4120
1953 2943
328 4712
729 4226
1128 3938
1631 3324
26 4994
1429 3494
580 4389
2289 2599
417 4588
1238 3759
2020 2876
1282 3679
1298 3673
460 4542
NIE
2136 2758
1617 3335
807 4122
1075 3966
NIE
1766 3122
1690 3192
1246 3725
387 4636
179 4870
1683 3207
1790 3102
217 4797
1400 3549
206 4804
2386 2436
1943 2971
1202 3782
562 4419
1167 3856
954 4020
2239 2654
1946 2948
330 4704
2363 2459
733 4222
NIE
1246 3716
1748 3131
120 4922
1298 3656
1005 3996
1944 2963
1852 3052
2254 2638
1617 3338
702 4243
1550 3402
NIE
1337 3625
1934 2974
1839 3059
692 4258
1896 3026
805 4133
1175 3826
1884 3036
NIE
2067 2825
2193 2719
1235 3770
581 4373
1497 3426
250 4778
1174 3831
1463 3466
708 4238
1307 3656
284 4729
2239 2670
1645 3284
1321 3640
774 4165
639 4285
733 4219
598 4346
2005 2900
1227 3771
1898 3024
2154 2742
116 4924
920 4069
1129 3922
1095 3960
387 4634
2125 2750
1928 2971
1989 2909
2226 2693
1591 3353
1725 3136
497 4491
2383 2434
815 4121
473 4509
618 4324
2032 2865
1427 3496
2174 2730
2062 2855
1249 3713
899 4083
947 4027
1752 3131
1304 3655
1425 3513
NIE
878 4089
202 4808
1610 3347
590 4357
539 4437
81 4947
1923 2986
1341 3624
665 4269
1173 3844
832 4120
260 4754
433 4567
NIE
1719 3140
640 4286
2143 2747
2309 2555
1389 3575
376 4656
1924 2976
NIE
2270 2618
1576 3384
1375 3578
726 4232
2242 2651
697 4243
2269 2622
1250 3710
419 4586
707 4243
1202 3778
1719 3146
1119 3940
1462 3459
2062 2847
69 4949
387 4634
NIE
1438 3488
962 4019
335 4705
1628 3324
1213 3791
1793 3098
NIE
417 4593
1679 3202
1463 3462
504 4475
1232 3771
1614 3342
369 4662
NIE
52 4978
812 4121
2309 2553
499 4486
181 4848
619 4317
627 4299
614 4328
2065 2841
NIE
1934 2973
1145 3883
1759 3128
2243 2650
1242 3746
1813 3061
753 4196
2386 2439
1898 3031
NIE
645 4273
1279 3681
46 4981
1324 3625
540 4435
1256 3701
1588 3376
1483 3438
NIE
2156 2735
1589 3376
2349 2484
69 4956
982 4008
NIE
472 4509
1834 3059
833 4115
1360 3612
1007 3991
556 4427
378 4655
1825 3073
NIE
183 4842
614 4331
1467 3442
655 4269
129 4902
948 4022
865 4089
1074 3964
NIE
627 4303
2087 2800
80 4946
2136 2758
1246 3719
1790 3104
1791 3100
468 4510
454 4546
1722 3137
764 4182
1657 3274
1939 2971
1483 3441
569 4401
NIE
NIE
1310 3650
173 4876
506 4476
694 4248
NIE
432 4571
1129 3919
1517 3411
1360 3615
1431 3488
2214 2704
NIE
2224 2689
2239 2674
190 4841
1893 3043
2044 2861
NIE
206 4825
1419 3521
1429 3495
920 4071
1619 3325
753 4196
1923 2996
824 4117
NIE
486 4503
1178 3823
NIE
613 4325
2204 2711
NIE
889 4088
478 4508
NIE
1565 3399
1310 3651
1585 3380
NIE
NIE
1355 3615
2156 2734
1758 3128
620 4303
NIE
726 4237
NIE
2223 2694
1192 3808
1425 3515
1242 3745
2304 2572
122 4916
1698 3168
1318 3649
671 4275
1717 3148
1538 3403
2067 2819
1855 3052
1913 3015
1829 3059
1388 3586
378 4650
2065 2845
1421 3521
1659 3282
442 4551
69 4958
1366 3594
NIE
1175 3832
1133 3904
2008 2894
1543 3403
734 4216
331 4697
1553 3401
528 4451
1689 3171
537 4444
1488 3432
1146 3885
395 4608
787 4162
2153 2743
1321 3636
122 4906
1267 3690
981 4014
1690 3182
729 4224
NIE
639 4290
839 4117
1676 3227
1812 3081
2242 2668
1863 3046
2118 2766
1190 3808
2089 2783
842 4117
NIE
1225 3791
NIE
335 4701
1717 3147
1702 3166
581 4383
539 4437
2008 2896
2309 2551
1400 3557
NIE
677 4269
1152 3863
1533 3411
547 4435
2112 2768
2239 2671
NIE
440 4558
1850 3059
255 4777
1051 3966
1151 3876
2292 2573
810 4121
550 4426
2001 2904
2239 2672
2374 2457
NIE
1789 3106
1186 3808
2284 2610
2333 2506
NIE
1595 3347
514 4462
758 4194
648 4279
NIE
1905 3020
889 4086
367 4662
581 4374
2147 2746
1172 3846
299 4722
1944 2949
702 4243
468 4523
893 4087
1216 3771
1242 3738
2242 2661
572 4402
2287 2593
NIE
2309 2556
2087 2798
NIE
NIE
992 4008
729 4220
2317 2529
416 4599
982 4012
1024 3981
639 4285
1966 2936
1915 3010
811 4132
954 4024
380 4642
1407 3526
1766 3128
2262 2636
2287 2596
1795 3095
1291 3656
575 4397
2014 2891
2386 2441
1516 3411
799 4133
1695 3168
2317 2540
655 4269
1812 3068
2236 2678
NIE
1404 3524
1771 3121
563 4416
1900 3028
1219 3771
1235 3768
440 4564
NIE
2097 2775
2137 2750
1923 2998
1 4998
639 4289
2020 2875
1193 3818
10 4996
1851 3052
1061 3966
1582 3380
229 4790
1355 3608
629 4294
209 4800
440 4556
1690 3194
2174 2727
NIE
2129 2766
1129 3923
1800 3095
1692 3168
2239 2669
1194 3803
NIE
1679 3205
2090 2775
1318 3644
2346 2491
2103 2769
497 4491
2082 2810
1621 3324
733 4221
337 4690
695 4246
2136 2750
84 4939
2304 2571
255 4772
1393 3568
120 4918
1812 3074
2278 2609
69 4967
NIE
1116 3941
1970 2936
NIE
277 4736
606 4333
1466 3453
2239 2664
437 4564
2357 2470
1818 3061
1871 3044
2066 2840
709 4243
1805 3095
1726 3134
970 4017
1000 4006
444 4550
1936 2971
1090 3964
909 4086
1190 3821
861 4103
764 4175
1645 3287
1986 2925
606 4330
1093 3964
1360 3622
941 4056
607 4342
NIE
466 4514
767 4172
NIE
826 4117
1989 2909
NIE
1037 3976
1944 2953
1880 3044
459 4542
1602 3344
2317 2532
2005 2900
938 4060
863 4093
69 4964
1137 3887
NIE
1358 3624
2242 2666
767 4174
1937 2969
90 4924
NIE
1496 3428
967 4018
765 4177
420 4584
1619 3303
1640 3289
149 4894
1812 3069
2156 2735
379 4646
253 4778
1702 3169
NIE
1013 3989
749 4206
1527 3416
1671 3233
NIE
941 4039
1267 3688
576 4391
1554 3401
1576 3386
1923 2989
1186 3808
NIE
1702 3163
2186 2719
2148 2743
2065 2850
1923 3001
715 4233
93 4925
273 4740
890 4087
1448 3484
1654 3282
1264 3698
859 4112
889 4087
1375 3597
829 4120
197 4835
1034 3978
2066 2840
1208 3791
2267 2624
1323 3629
838 4113
764 4185
2310 2555
1667 3257
2061 2856
968 4017
642 4286
780 4165
645 4279
NIE
541 4432
NIE
1755 3130
2217 2704
860 4094
1616 3333
2226 2692
1981 2918
614 4336
947 4036
334 4697
1241 3740
2065 2852
1925 3002
2293 2582
NIE
NIE
1935 2971
729 4224
NIE
348 4680
1333 3625
373 4662
236 4789
566 4418
NIE
926 4041
1462 3460
506 4465
1352 3625
1202 3785
796 4160
1465 3455
37 4994
575 4400
NIE
1388 3584
NIE
1641 3286
2239 2652
1092 3960
2203 2706
1087 3964
646 4269
1223 3791
422 4583
245 4782
1425 3512
NIE
1239 3762
1037 3977
498 4486
2279 2610
1140 3889
468 4521
426 4582
813 4126
1165 3852
1638 3306
1591 3359
46 4980
NIE
NIE
1722 3138
174 4878
759 4188
1400 3534
1747 3133
878 4089
605 4350
1129 3917
1665 3266
393 4612
1857 3048
NIE
1323 3631
NIE
390 4618
334 4697
2192 2719
1354 3624
1121 3940
2397 2428
1203 3771
1916 3007
468 4525
1360 3608
329 4708
1825 3072
549 4432
2113 2758
1636 3324
645 4271
2306 2557
949 4024
567 4410
181 4864
2084 2809
2068 2816
769 4173
288 4732
726 4233
15 4998
419 4597
2317 2528
182 4863
1956 2943
1925 2976
303 4728
2020 2883
1680 3223
1859 3048
639 4289
1223 3791
614 4339
161 4879
1896 3025
2224 2691
679 4262
796 4153
NIE
NIE
2156 2729
743 4211
NIE
663 4279
1115 3943
202 4823
355 4670
698 4243
703 4244
377 4650
1203 3771
990 4007
1038 3978
1139 3891
880 4089
541 4436
120 4917
1399 3533
155 4888
1552 3403
837 4117
541 4436
321 4717
1235 3764
440 4563
1930 2971
499 4486
870 4093
330 4702
572 4400
1039 3977
